<?xml version="1.0" encoding="UTF-8"?>
<testng-results ignored="5" total="60" passed="38" failed="17" skipped="0">
  <reporter-output>
  </reporter-output>
  <suite started-at="2020-06-22T21:30:35 IST" name="Suite" finished-at="2020-06-22T22:04:28 IST" duration-ms="2033161">
    <groups>
    </groups>
    <test started-at="2020-06-22T21:30:35 IST" name="Test" finished-at="2020-06-22T22:04:28 IST" duration-ms="2033161">
      <class name="com.flipkart.testcases.MobileSearchPageTest">
        <test-method is-config="true" signature="setUp()[pri:0, instance:com.flipkart.testcases.MobileSearchPageTest@6edaa77a]" started-at="2020-06-22T21:30:37 IST" name="setUp" finished-at="2020-06-22T21:30:52 IST" duration-ms="15073" status="PASS">
          <reporter-output>
          </reporter-output>
        </test-method> <!-- setUp -->
        <test-method signature="compareMobileTest(java.lang.String, java.lang.String, java.lang.String, java.lang.String, java.lang.String, java.lang.String)[pri:0, instance:com.flipkart.testcases.MobileSearchPageTest@6edaa77a]" started-at="2020-06-22T21:30:53 IST" name="compareMobileTest" data-provider="getProjectData" finished-at="2020-06-22T21:31:17 IST" duration-ms="24295" status="FAIL">
          <params>
            <param index="0">
              <value>
                <![CDATA[Phones]]>
              </value>
            </param>
            <param index="1">
              <value>
                <![CDATA[3 GB]]>
              </value>
            </param>
            <param index="2">
              <value>
                <![CDATA[Samsung]]>
              </value>
            </param>
            <param index="3">
              <value>
                <![CDATA[Samsung Galaxy M11 (Blue, 32 GB)]]>
              </value>
            </param>
            <param index="4">
              <value>
                <![CDATA[Vivo]]>
              </value>
            </param>
            <param index="5">
              <value>
                <![CDATA[Vivo Z1x (Fusion Blue, 128 GB)]]>
              </value>
            </param>
          </params>
          <exception class="org.openqa.selenium.NoSuchElementException">
            <message>
              <![CDATA[no such element: Unable to locate element: {"method":"xpath","selector":"//*[contains(text(),'Samsung Galaxy M11 (Blue, 32 GB)')]"}
  (Session info: chrome=83.0.4103.106)
For documentation on this error, please visit: https://www.seleniumhq.org/exceptions/no_such_element.html
Build info: version: '3.141.59', revision: 'e82be7d358', time: '2018-11-14T08:17:03'
System info: host: 'DESKTOP-K158F13', ip: '192.168.56.1', os.name: 'Windows 10', os.arch: 'amd64', os.version: '10.0', java.version: '13.0.1'
Driver info: org.openqa.selenium.chrome.ChromeDriver
Capabilities {acceptInsecureCerts: false, browserName: chrome, browserVersion: 83.0.4103.106, chrome: {chromedriverVersion: 83.0.4103.39 (ccbf011cb2d2b..., userDataDir: C:\Users\DELL\AppData\Local...}, goog:chromeOptions: {debuggerAddress: localhost:59652}, javascriptEnabled: true, networkConnectionEnabled: false, pageLoadStrategy: normal, platform: WINDOWS, platformName: WINDOWS, proxy: Proxy(), setWindowRect: true, strictFileInteractability: false, timeouts: {implicit: 0, pageLoad: 300000, script: 30000}, unhandledPromptBehavior: dismiss and notify, webauthn:virtualAuthenticators: true}
Session ID: 664acc9b8046191efe6cae4e6bd6162e
*** Element info: {Using=xpath, value=//*[contains(text(),'Samsung Galaxy M11 (Blue, 32 GB)')]}]]>
            </message>
            <full-stacktrace>
              <![CDATA[org.openqa.selenium.NoSuchElementException: no such element: Unable to locate element: {"method":"xpath","selector":"//*[contains(text(),'Samsung Galaxy M11 (Blue, 32 GB)')]"}
  (Session info: chrome=83.0.4103.106)
For documentation on this error, please visit: https://www.seleniumhq.org/exceptions/no_such_element.html
Build info: version: '3.141.59', revision: 'e82be7d358', time: '2018-11-14T08:17:03'
System info: host: 'DESKTOP-K158F13', ip: '192.168.56.1', os.name: 'Windows 10', os.arch: 'amd64', os.version: '10.0', java.version: '13.0.1'
Driver info: org.openqa.selenium.chrome.ChromeDriver
Capabilities {acceptInsecureCerts: false, browserName: chrome, browserVersion: 83.0.4103.106, chrome: {chromedriverVersion: 83.0.4103.39 (ccbf011cb2d2b..., userDataDir: C:\Users\DELL\AppData\Local...}, goog:chromeOptions: {debuggerAddress: localhost:59652}, javascriptEnabled: true, networkConnectionEnabled: false, pageLoadStrategy: normal, platform: WINDOWS, platformName: WINDOWS, proxy: Proxy(), setWindowRect: true, strictFileInteractability: false, timeouts: {implicit: 0, pageLoad: 300000, script: 30000}, unhandledPromptBehavior: dismiss and notify, webauthn:virtualAuthenticators: true}
Session ID: 664acc9b8046191efe6cae4e6bd6162e
*** Element info: {Using=xpath, value=//*[contains(text(),'Samsung Galaxy M11 (Blue, 32 GB)')]}
at java.base/jdk.internal.reflect.NativeConstructorAccessorImpl.newInstance0(Native Method)
at java.base/jdk.internal.reflect.NativeConstructorAccessorImpl.newInstance(NativeConstructorAccessorImpl.java:62)
at java.base/jdk.internal.reflect.DelegatingConstructorAccessorImpl.newInstance(DelegatingConstructorAccessorImpl.java:45)
at java.base/java.lang.reflect.Constructor.newInstanceWithCaller(Constructor.java:500)
at java.base/java.lang.reflect.Constructor.newInstance(Constructor.java:481)
at org.openqa.selenium.remote.http.W3CHttpResponseCodec.createException(W3CHttpResponseCodec.java:187)
at org.openqa.selenium.remote.http.W3CHttpResponseCodec.decode(W3CHttpResponseCodec.java:122)
at org.openqa.selenium.remote.http.W3CHttpResponseCodec.decode(W3CHttpResponseCodec.java:49)
at org.openqa.selenium.remote.HttpCommandExecutor.execute(HttpCommandExecutor.java:158)
at org.openqa.selenium.remote.service.DriverCommandExecutor.execute(DriverCommandExecutor.java:83)
at org.openqa.selenium.remote.RemoteWebDriver.execute(RemoteWebDriver.java:552)
at org.openqa.selenium.remote.RemoteWebDriver.findElement(RemoteWebDriver.java:323)
at org.openqa.selenium.remote.RemoteWebDriver.findElementByXPath(RemoteWebDriver.java:428)
at org.openqa.selenium.By$ByXPath.findElement(By.java:353)
at org.openqa.selenium.remote.RemoteWebDriver.findElement(RemoteWebDriver.java:315)
at com.flipkart.pages.MoblieSearchPage.selectMobile(MoblieSearchPage.java:166)
at com.flipkart.testcases.MobileSearchPageTest.compareMobileTest(MobileSearchPageTest.java:95)
at java.base/jdk.internal.reflect.NativeMethodAccessorImpl.invoke0(Native Method)
at java.base/jdk.internal.reflect.NativeMethodAccessorImpl.invoke(NativeMethodAccessorImpl.java:62)
at java.base/jdk.internal.reflect.DelegatingMethodAccessorImpl.invoke(DelegatingMethodAccessorImpl.java:43)
at java.base/java.lang.reflect.Method.invoke(Method.java:567)
at org.testng.internal.MethodInvocationHelper.invokeMethod(MethodInvocationHelper.java:133)
at org.testng.internal.TestInvoker.invokeMethod(TestInvoker.java:584)
at org.testng.internal.TestInvoker.invokeTestMethod(TestInvoker.java:172)
at org.testng.internal.MethodRunner.runInSequence(MethodRunner.java:46)
at org.testng.internal.TestInvoker$MethodInvocationAgent.invoke(TestInvoker.java:804)
at org.testng.internal.TestInvoker.invokeTestMethods(TestInvoker.java:145)
at org.testng.internal.TestMethodWorker.invokeTestMethods(TestMethodWorker.java:146)
at org.testng.internal.TestMethodWorker.run(TestMethodWorker.java:128)
at java.base/java.util.ArrayList.forEach(ArrayList.java:1507)
at org.testng.TestRunner.privateRun(TestRunner.java:770)
at org.testng.TestRunner.run(TestRunner.java:591)
at org.testng.SuiteRunner.runTest(SuiteRunner.java:402)
at org.testng.SuiteRunner.runSequentially(SuiteRunner.java:396)
at org.testng.SuiteRunner.privateRun(SuiteRunner.java:355)
at org.testng.SuiteRunner.run(SuiteRunner.java:304)
at org.testng.SuiteRunnerWorker.runSuite(SuiteRunnerWorker.java:53)
at org.testng.SuiteRunnerWorker.run(SuiteRunnerWorker.java:96)
at org.testng.TestNG.runSuitesSequentially(TestNG.java:1180)
at org.testng.TestNG.runSuitesLocally(TestNG.java:1102)
at org.testng.TestNG.runSuites(TestNG.java:1032)
at org.testng.TestNG.run(TestNG.java:1000)
at org.testng.remote.AbstractRemoteTestNG.run(AbstractRemoteTestNG.java:115)
at org.testng.remote.RemoteTestNG.initAndRun(RemoteTestNG.java:251)
at org.testng.remote.RemoteTestNG.main(RemoteTestNG.java:77)
]]>
            </full-stacktrace>
          </exception> <!-- org.openqa.selenium.NoSuchElementException -->
          <reporter-output>
          </reporter-output>
        </test-method> <!-- compareMobileTest -->
        <test-method is-config="true" signature="tearDown()[pri:0, instance:com.flipkart.testcases.MobileSearchPageTest@6edaa77a]" started-at="2020-06-22T21:31:17 IST" name="tearDown" finished-at="2020-06-22T21:31:18 IST" duration-ms="1014" status="PASS">
          <reporter-output>
          </reporter-output>
        </test-method> <!-- tearDown -->
        <test-method is-config="true" signature="setUp()[pri:0, instance:com.flipkart.testcases.MobileSearchPageTest@6edaa77a]" started-at="2020-06-22T21:31:18 IST" name="setUp" finished-at="2020-06-22T21:31:30 IST" duration-ms="12214" status="PASS">
          <reporter-output>
          </reporter-output>
        </test-method> <!-- setUp -->
        <test-method signature="compareMobileTest(java.lang.String, java.lang.String, java.lang.String, java.lang.String, java.lang.String, java.lang.String)[pri:0, instance:com.flipkart.testcases.MobileSearchPageTest@6edaa77a]" started-at="2020-06-22T21:31:30 IST" name="compareMobileTest" data-provider="getProjectData" finished-at="2020-06-22T21:31:54 IST" duration-ms="24135" status="FAIL">
          <params>
            <param index="0">
              <value>
                <![CDATA[Phones]]>
              </value>
            </param>
            <param index="1">
              <value>
                <![CDATA[2 GB]]>
              </value>
            </param>
            <param index="2">
              <value>
                <![CDATA[Panasonic]]>
              </value>
            </param>
            <param index="3">
              <value>
                <![CDATA[Panasonic ELUGA I6 (Black, 16 GB)]]>
              </value>
            </param>
            <param index="4">
              <value>
                <![CDATA[Vivo]]>
              </value>
            </param>
            <param index="5">
              <value>
                <![CDATA[Vivo Z1x (Fusion Blue, 64 GB)]]>
              </value>
            </param>
          </params>
          <exception class="org.openqa.selenium.StaleElementReferenceException">
            <message>
              <![CDATA[stale element reference: element is not attached to the page document
  (Session info: chrome=83.0.4103.106)
For documentation on this error, please visit: https://www.seleniumhq.org/exceptions/stale_element_reference.html
Build info: version: '3.141.59', revision: 'e82be7d358', time: '2018-11-14T08:17:03'
System info: host: 'DESKTOP-K158F13', ip: '192.168.56.1', os.name: 'Windows 10', os.arch: 'amd64', os.version: '10.0', java.version: '13.0.1'
Driver info: org.openqa.selenium.chrome.ChromeDriver
Capabilities {acceptInsecureCerts: false, browserName: chrome, browserVersion: 83.0.4103.106, chrome: {chromedriverVersion: 83.0.4103.39 (ccbf011cb2d2b..., userDataDir: C:\Users\DELL\AppData\Local...}, goog:chromeOptions: {debuggerAddress: localhost:59723}, javascriptEnabled: true, networkConnectionEnabled: false, pageLoadStrategy: normal, platform: WINDOWS, platformName: WINDOWS, proxy: Proxy(), setWindowRect: true, strictFileInteractability: false, timeouts: {implicit: 0, pageLoad: 300000, script: 30000}, unhandledPromptBehavior: dismiss and notify, webauthn:virtualAuthenticators: true}
Session ID: d4b3cf5e5c212e6fdd7f9a1fad7cfd8e]]>
            </message>
            <full-stacktrace>
              <![CDATA[org.openqa.selenium.StaleElementReferenceException: stale element reference: element is not attached to the page document
  (Session info: chrome=83.0.4103.106)
For documentation on this error, please visit: https://www.seleniumhq.org/exceptions/stale_element_reference.html
Build info: version: '3.141.59', revision: 'e82be7d358', time: '2018-11-14T08:17:03'
System info: host: 'DESKTOP-K158F13', ip: '192.168.56.1', os.name: 'Windows 10', os.arch: 'amd64', os.version: '10.0', java.version: '13.0.1'
Driver info: org.openqa.selenium.chrome.ChromeDriver
Capabilities {acceptInsecureCerts: false, browserName: chrome, browserVersion: 83.0.4103.106, chrome: {chromedriverVersion: 83.0.4103.39 (ccbf011cb2d2b..., userDataDir: C:\Users\DELL\AppData\Local...}, goog:chromeOptions: {debuggerAddress: localhost:59723}, javascriptEnabled: true, networkConnectionEnabled: false, pageLoadStrategy: normal, platform: WINDOWS, platformName: WINDOWS, proxy: Proxy(), setWindowRect: true, strictFileInteractability: false, timeouts: {implicit: 0, pageLoad: 300000, script: 30000}, unhandledPromptBehavior: dismiss and notify, webauthn:virtualAuthenticators: true}
Session ID: d4b3cf5e5c212e6fdd7f9a1fad7cfd8e
at java.base/jdk.internal.reflect.NativeConstructorAccessorImpl.newInstance0(Native Method)
at java.base/jdk.internal.reflect.NativeConstructorAccessorImpl.newInstance(NativeConstructorAccessorImpl.java:62)
at java.base/jdk.internal.reflect.DelegatingConstructorAccessorImpl.newInstance(DelegatingConstructorAccessorImpl.java:45)
at java.base/java.lang.reflect.Constructor.newInstanceWithCaller(Constructor.java:500)
at java.base/java.lang.reflect.Constructor.newInstance(Constructor.java:481)
at org.openqa.selenium.remote.http.W3CHttpResponseCodec.createException(W3CHttpResponseCodec.java:187)
at org.openqa.selenium.remote.http.W3CHttpResponseCodec.decode(W3CHttpResponseCodec.java:122)
at org.openqa.selenium.remote.http.W3CHttpResponseCodec.decode(W3CHttpResponseCodec.java:49)
at org.openqa.selenium.remote.HttpCommandExecutor.execute(HttpCommandExecutor.java:158)
at org.openqa.selenium.remote.service.DriverCommandExecutor.execute(DriverCommandExecutor.java:83)
at org.openqa.selenium.remote.RemoteWebDriver.execute(RemoteWebDriver.java:552)
at org.openqa.selenium.remote.RemoteWebElement.execute(RemoteWebElement.java:285)
at org.openqa.selenium.remote.RemoteWebElement.getAttribute(RemoteWebElement.java:134)
at com.flipkart.pages.MoblieSearchPage.selectMobile(MoblieSearchPage.java:167)
at com.flipkart.testcases.MobileSearchPageTest.compareMobileTest(MobileSearchPageTest.java:95)
at java.base/jdk.internal.reflect.NativeMethodAccessorImpl.invoke0(Native Method)
at java.base/jdk.internal.reflect.NativeMethodAccessorImpl.invoke(NativeMethodAccessorImpl.java:62)
at java.base/jdk.internal.reflect.DelegatingMethodAccessorImpl.invoke(DelegatingMethodAccessorImpl.java:43)
at java.base/java.lang.reflect.Method.invoke(Method.java:567)
at org.testng.internal.MethodInvocationHelper.invokeMethod(MethodInvocationHelper.java:133)
at org.testng.internal.TestInvoker.invokeMethod(TestInvoker.java:584)
at org.testng.internal.TestInvoker.invokeTestMethod(TestInvoker.java:172)
at org.testng.internal.MethodRunner.runInSequence(MethodRunner.java:46)
at org.testng.internal.TestInvoker$MethodInvocationAgent.invoke(TestInvoker.java:804)
at org.testng.internal.TestInvoker.invokeTestMethods(TestInvoker.java:145)
at org.testng.internal.TestMethodWorker.invokeTestMethods(TestMethodWorker.java:146)
at org.testng.internal.TestMethodWorker.run(TestMethodWorker.java:128)
at java.base/java.util.ArrayList.forEach(ArrayList.java:1507)
at org.testng.TestRunner.privateRun(TestRunner.java:770)
at org.testng.TestRunner.run(TestRunner.java:591)
at org.testng.SuiteRunner.runTest(SuiteRunner.java:402)
at org.testng.SuiteRunner.runSequentially(SuiteRunner.java:396)
at org.testng.SuiteRunner.privateRun(SuiteRunner.java:355)
at org.testng.SuiteRunner.run(SuiteRunner.java:304)
at org.testng.SuiteRunnerWorker.runSuite(SuiteRunnerWorker.java:53)
at org.testng.SuiteRunnerWorker.run(SuiteRunnerWorker.java:96)
at org.testng.TestNG.runSuitesSequentially(TestNG.java:1180)
at org.testng.TestNG.runSuitesLocally(TestNG.java:1102)
at org.testng.TestNG.runSuites(TestNG.java:1032)
at org.testng.TestNG.run(TestNG.java:1000)
at org.testng.remote.AbstractRemoteTestNG.run(AbstractRemoteTestNG.java:115)
at org.testng.remote.RemoteTestNG.initAndRun(RemoteTestNG.java:251)
at org.testng.remote.RemoteTestNG.main(RemoteTestNG.java:77)
]]>
            </full-stacktrace>
          </exception> <!-- org.openqa.selenium.StaleElementReferenceException -->
          <reporter-output>
          </reporter-output>
        </test-method> <!-- compareMobileTest -->
        <test-method is-config="true" signature="tearDown()[pri:0, instance:com.flipkart.testcases.MobileSearchPageTest@6edaa77a]" started-at="2020-06-22T21:31:54 IST" name="tearDown" finished-at="2020-06-22T21:31:55 IST" duration-ms="950" status="PASS">
          <reporter-output>
          </reporter-output>
        </test-method> <!-- tearDown -->
        <test-method is-config="true" signature="setUp()[pri:0, instance:com.flipkart.testcases.MobileSearchPageTest@6edaa77a]" started-at="2020-06-22T21:31:55 IST" name="setUp" finished-at="2020-06-22T21:32:08 IST" duration-ms="12816" status="PASS">
          <reporter-output>
          </reporter-output>
        </test-method> <!-- setUp -->
        <test-method signature="compareMobileTest(java.lang.String, java.lang.String, java.lang.String, java.lang.String, java.lang.String, java.lang.String)[pri:0, instance:com.flipkart.testcases.MobileSearchPageTest@6edaa77a]" started-at="2020-06-22T21:32:08 IST" name="compareMobileTest" data-provider="getProjectData" finished-at="2020-06-22T21:32:22 IST" duration-ms="13576" status="PASS">
          <params>
            <param index="0">
              <value>
                <![CDATA[Phones]]>
              </value>
            </param>
            <param index="1">
              <value>
                <![CDATA[1 GB]]>
              </value>
            </param>
            <param index="2">
              <value>
                <![CDATA[Samsung]]>
              </value>
            </param>
            <param index="3">
              <value>
                <![CDATA[Samsung Galaxy J2 Core (Blue, 16 GB)]]>
              </value>
            </param>
            <param index="4">
              <value>
                <![CDATA[Vivo]]>
              </value>
            </param>
            <param index="5">
              <value>
                <![CDATA[Vivo Z1x (Fusion Blue, 128 GB)]]>
              </value>
            </param>
          </params>
          <reporter-output>
          </reporter-output>
        </test-method> <!-- compareMobileTest -->
        <test-method is-config="true" signature="tearDown()[pri:0, instance:com.flipkart.testcases.MobileSearchPageTest@6edaa77a]" started-at="2020-06-22T21:32:22 IST" name="tearDown" finished-at="2020-06-22T21:32:23 IST" duration-ms="1115" status="PASS">
          <reporter-output>
          </reporter-output>
        </test-method> <!-- tearDown -->
        <test-method is-config="true" signature="setUp()[pri:0, instance:com.flipkart.testcases.MobileSearchPageTest@6edaa77a]" started-at="2020-06-22T21:32:23 IST" name="setUp" finished-at="2020-06-22T21:32:36 IST" duration-ms="13268" status="PASS">
          <reporter-output>
          </reporter-output>
        </test-method> <!-- setUp -->
        <test-method signature="compareMobileTest(java.lang.String, java.lang.String, java.lang.String, java.lang.String, java.lang.String, java.lang.String)[pri:0, instance:com.flipkart.testcases.MobileSearchPageTest@6edaa77a]" started-at="2020-06-22T21:32:36 IST" name="compareMobileTest" data-provider="getProjectData" finished-at="2020-06-22T21:33:14 IST" duration-ms="37414" status="PASS">
          <params>
            <param index="0">
              <value>
                <![CDATA[Phones]]>
              </value>
            </param>
            <param index="1">
              <value>
                <![CDATA[512 MB - 1 GB]]>
              </value>
            </param>
            <param index="2">
              <value>
                <![CDATA[Lava]]>
              </value>
            </param>
            <param index="3">
              <value>
                <![CDATA[Lava GEM]]>
              </value>
            </param>
            <param index="4">
              <value>
                <![CDATA[Vivo]]>
              </value>
            </param>
            <param index="5">
              <value>
                <![CDATA[Vivo Z1x (Phantom Purple, 128 GB)]]>
              </value>
            </param>
          </params>
          <reporter-output>
          </reporter-output>
        </test-method> <!-- compareMobileTest -->
        <test-method is-config="true" signature="tearDown()[pri:0, instance:com.flipkart.testcases.MobileSearchPageTest@6edaa77a]" started-at="2020-06-22T21:33:14 IST" name="tearDown" finished-at="2020-06-22T21:33:15 IST" duration-ms="1222" status="PASS">
          <reporter-output>
          </reporter-output>
        </test-method> <!-- tearDown -->
        <test-method is-config="true" signature="setUp()[pri:0, instance:com.flipkart.testcases.MobileSearchPageTest@6edaa77a]" started-at="2020-06-22T21:33:15 IST" name="setUp" finished-at="2020-06-22T21:33:30 IST" duration-ms="14866" status="PASS">
          <reporter-output>
          </reporter-output>
        </test-method> <!-- setUp -->
        <test-method signature="compareMobileTest(java.lang.String, java.lang.String, java.lang.String, java.lang.String, java.lang.String, java.lang.String)[pri:0, instance:com.flipkart.testcases.MobileSearchPageTest@6edaa77a]" started-at="2020-06-22T21:33:30 IST" name="compareMobileTest" data-provider="getProjectData" finished-at="2020-06-22T21:33:43 IST" duration-ms="13248" status="PASS">
          <params>
            <param index="0">
              <value>
                <![CDATA[Phones]]>
              </value>
            </param>
            <param index="1">
              <value>
                <![CDATA[Less than 512 MB]]>
              </value>
            </param>
            <param index="2">
              <value>
                <![CDATA[Apple]]>
              </value>
            </param>
            <param index="3">
              <value>
                <![CDATA[Apple iPhone SE (Black, 64 GB)]]>
              </value>
            </param>
            <param index="4">
              <value>
                <![CDATA[Vivo]]>
              </value>
            </param>
            <param index="5">
              <value>
                <![CDATA[Vivo Z1Pro (Sonic Black, 128 GB)]]>
              </value>
            </param>
          </params>
          <reporter-output>
          </reporter-output>
        </test-method> <!-- compareMobileTest -->
        <test-method is-config="true" signature="tearDown()[pri:0, instance:com.flipkart.testcases.MobileSearchPageTest@6edaa77a]" started-at="2020-06-22T21:33:43 IST" name="tearDown" finished-at="2020-06-22T21:33:44 IST" duration-ms="1071" status="PASS">
          <reporter-output>
          </reporter-output>
        </test-method> <!-- tearDown -->
        <test-method is-config="true" signature="setUp()[pri:0, instance:com.flipkart.testcases.MobileSearchPageTest@6edaa77a]" started-at="2020-06-22T21:33:44 IST" name="setUp" finished-at="2020-06-22T21:33:57 IST" duration-ms="13167" status="PASS">
          <reporter-output>
          </reporter-output>
        </test-method> <!-- setUp -->
        <test-method signature="compareMobileTest(java.lang.String, java.lang.String, java.lang.String, java.lang.String, java.lang.String, java.lang.String)[pri:0, instance:com.flipkart.testcases.MobileSearchPageTest@6edaa77a]" started-at="2020-06-22T21:33:57 IST" name="compareMobileTest" data-provider="getProjectData" finished-at="2020-06-22T21:34:30 IST" duration-ms="32598" status="PASS">
          <params>
            <param index="0">
              <value>
                <![CDATA[Phones]]>
              </value>
            </param>
            <param index="1">
              <value>
                <![CDATA[4 GB]]>
              </value>
            </param>
            <param index="2">
              <value>
                <![CDATA[Nokia]]>
              </value>
            </param>
            <param index="3">
              <value>
                <![CDATA[Nokia 7.2 (Ice, 64 GB)]]>
              </value>
            </param>
            <param index="4">
              <value>
                <![CDATA[Vivo]]>
              </value>
            </param>
            <param index="5">
              <value>
                <![CDATA[Vivo Z1x (Phantom Purple, 64 GB)]]>
              </value>
            </param>
          </params>
          <reporter-output>
          </reporter-output>
        </test-method> <!-- compareMobileTest -->
        <test-method is-config="true" signature="tearDown()[pri:0, instance:com.flipkart.testcases.MobileSearchPageTest@6edaa77a]" started-at="2020-06-22T21:34:30 IST" name="tearDown" finished-at="2020-06-22T21:34:31 IST" duration-ms="1128" status="PASS">
          <reporter-output>
          </reporter-output>
        </test-method> <!-- tearDown -->
        <test-method is-config="true" signature="setUp()[pri:0, instance:com.flipkart.testcases.MobileSearchPageTest@6edaa77a]" started-at="2020-06-22T21:34:31 IST" name="setUp" finished-at="2020-06-22T21:34:45 IST" duration-ms="13754" status="PASS">
          <reporter-output>
          </reporter-output>
        </test-method> <!-- setUp -->
        <test-method signature="compareMobileTest(java.lang.String, java.lang.String, java.lang.String, java.lang.String, java.lang.String, java.lang.String)[pri:0, instance:com.flipkart.testcases.MobileSearchPageTest@6edaa77a]" started-at="2020-06-22T21:34:45 IST" name="compareMobileTest" data-provider="getProjectData" finished-at="2020-06-22T21:35:09 IST" duration-ms="24378" status="FAIL">
          <params>
            <param index="0">
              <value>
                <![CDATA[Phones]]>
              </value>
            </param>
            <param index="1">
              <value>
                <![CDATA[6 GB]]>
              </value>
            </param>
            <param index="2">
              <value>
                <![CDATA[Redmi]]>
              </value>
            </param>
            <param index="3">
              <value>
                <![CDATA[Redmi Note 8 Pro (Halo White, 128 GB)]]>
              </value>
            </param>
            <param index="4">
              <value>
                <![CDATA[Vivo]]>
              </value>
            </param>
            <param index="5">
              <value>
                <![CDATA[Vivo Z1x (Phantom Purple, 128 GB)]]>
              </value>
            </param>
          </params>
          <exception class="org.openqa.selenium.StaleElementReferenceException">
            <message>
              <![CDATA[stale element reference: element is not attached to the page document
  (Session info: chrome=83.0.4103.106)
For documentation on this error, please visit: https://www.seleniumhq.org/exceptions/stale_element_reference.html
Build info: version: '3.141.59', revision: 'e82be7d358', time: '2018-11-14T08:17:03'
System info: host: 'DESKTOP-K158F13', ip: '192.168.56.1', os.name: 'Windows 10', os.arch: 'amd64', os.version: '10.0', java.version: '13.0.1'
Driver info: org.openqa.selenium.chrome.ChromeDriver
Capabilities {acceptInsecureCerts: false, browserName: chrome, browserVersion: 83.0.4103.106, chrome: {chromedriverVersion: 83.0.4103.39 (ccbf011cb2d2b..., userDataDir: C:\Users\DELL\AppData\Local...}, goog:chromeOptions: {debuggerAddress: localhost:60155}, javascriptEnabled: true, networkConnectionEnabled: false, pageLoadStrategy: normal, platform: WINDOWS, platformName: WINDOWS, proxy: Proxy(), setWindowRect: true, strictFileInteractability: false, timeouts: {implicit: 0, pageLoad: 300000, script: 30000}, unhandledPromptBehavior: dismiss and notify, webauthn:virtualAuthenticators: true}
Session ID: a20a537d2fb91a14f1c4e157cf033b2f]]>
            </message>
            <full-stacktrace>
              <![CDATA[org.openqa.selenium.StaleElementReferenceException: stale element reference: element is not attached to the page document
  (Session info: chrome=83.0.4103.106)
For documentation on this error, please visit: https://www.seleniumhq.org/exceptions/stale_element_reference.html
Build info: version: '3.141.59', revision: 'e82be7d358', time: '2018-11-14T08:17:03'
System info: host: 'DESKTOP-K158F13', ip: '192.168.56.1', os.name: 'Windows 10', os.arch: 'amd64', os.version: '10.0', java.version: '13.0.1'
Driver info: org.openqa.selenium.chrome.ChromeDriver
Capabilities {acceptInsecureCerts: false, browserName: chrome, browserVersion: 83.0.4103.106, chrome: {chromedriverVersion: 83.0.4103.39 (ccbf011cb2d2b..., userDataDir: C:\Users\DELL\AppData\Local...}, goog:chromeOptions: {debuggerAddress: localhost:60155}, javascriptEnabled: true, networkConnectionEnabled: false, pageLoadStrategy: normal, platform: WINDOWS, platformName: WINDOWS, proxy: Proxy(), setWindowRect: true, strictFileInteractability: false, timeouts: {implicit: 0, pageLoad: 300000, script: 30000}, unhandledPromptBehavior: dismiss and notify, webauthn:virtualAuthenticators: true}
Session ID: a20a537d2fb91a14f1c4e157cf033b2f
at java.base/jdk.internal.reflect.NativeConstructorAccessorImpl.newInstance0(Native Method)
at java.base/jdk.internal.reflect.NativeConstructorAccessorImpl.newInstance(NativeConstructorAccessorImpl.java:62)
at java.base/jdk.internal.reflect.DelegatingConstructorAccessorImpl.newInstance(DelegatingConstructorAccessorImpl.java:45)
at java.base/java.lang.reflect.Constructor.newInstanceWithCaller(Constructor.java:500)
at java.base/java.lang.reflect.Constructor.newInstance(Constructor.java:481)
at org.openqa.selenium.remote.http.W3CHttpResponseCodec.createException(W3CHttpResponseCodec.java:187)
at org.openqa.selenium.remote.http.W3CHttpResponseCodec.decode(W3CHttpResponseCodec.java:122)
at org.openqa.selenium.remote.http.W3CHttpResponseCodec.decode(W3CHttpResponseCodec.java:49)
at org.openqa.selenium.remote.HttpCommandExecutor.execute(HttpCommandExecutor.java:158)
at org.openqa.selenium.remote.service.DriverCommandExecutor.execute(DriverCommandExecutor.java:83)
at org.openqa.selenium.remote.RemoteWebDriver.execute(RemoteWebDriver.java:552)
at org.openqa.selenium.remote.RemoteWebElement.execute(RemoteWebElement.java:285)
at org.openqa.selenium.remote.RemoteWebElement.click(RemoteWebElement.java:84)
at com.flipkart.pages.MoblieSearchPage.selectMobile(MoblieSearchPage.java:168)
at com.flipkart.testcases.MobileSearchPageTest.compareMobileTest(MobileSearchPageTest.java:95)
at java.base/jdk.internal.reflect.NativeMethodAccessorImpl.invoke0(Native Method)
at java.base/jdk.internal.reflect.NativeMethodAccessorImpl.invoke(NativeMethodAccessorImpl.java:62)
at java.base/jdk.internal.reflect.DelegatingMethodAccessorImpl.invoke(DelegatingMethodAccessorImpl.java:43)
at java.base/java.lang.reflect.Method.invoke(Method.java:567)
at org.testng.internal.MethodInvocationHelper.invokeMethod(MethodInvocationHelper.java:133)
at org.testng.internal.TestInvoker.invokeMethod(TestInvoker.java:584)
at org.testng.internal.TestInvoker.invokeTestMethod(TestInvoker.java:172)
at org.testng.internal.MethodRunner.runInSequence(MethodRunner.java:46)
at org.testng.internal.TestInvoker$MethodInvocationAgent.invoke(TestInvoker.java:804)
at org.testng.internal.TestInvoker.invokeTestMethods(TestInvoker.java:145)
at org.testng.internal.TestMethodWorker.invokeTestMethods(TestMethodWorker.java:146)
at org.testng.internal.TestMethodWorker.run(TestMethodWorker.java:128)
at java.base/java.util.ArrayList.forEach(ArrayList.java:1507)
at org.testng.TestRunner.privateRun(TestRunner.java:770)
at org.testng.TestRunner.run(TestRunner.java:591)
at org.testng.SuiteRunner.runTest(SuiteRunner.java:402)
at org.testng.SuiteRunner.runSequentially(SuiteRunner.java:396)
at org.testng.SuiteRunner.privateRun(SuiteRunner.java:355)
at org.testng.SuiteRunner.run(SuiteRunner.java:304)
at org.testng.SuiteRunnerWorker.runSuite(SuiteRunnerWorker.java:53)
at org.testng.SuiteRunnerWorker.run(SuiteRunnerWorker.java:96)
at org.testng.TestNG.runSuitesSequentially(TestNG.java:1180)
at org.testng.TestNG.runSuitesLocally(TestNG.java:1102)
at org.testng.TestNG.runSuites(TestNG.java:1032)
at org.testng.TestNG.run(TestNG.java:1000)
at org.testng.remote.AbstractRemoteTestNG.run(AbstractRemoteTestNG.java:115)
at org.testng.remote.RemoteTestNG.initAndRun(RemoteTestNG.java:251)
at org.testng.remote.RemoteTestNG.main(RemoteTestNG.java:77)
]]>
            </full-stacktrace>
          </exception> <!-- org.openqa.selenium.StaleElementReferenceException -->
          <reporter-output>
          </reporter-output>
        </test-method> <!-- compareMobileTest -->
        <test-method is-config="true" signature="tearDown()[pri:0, instance:com.flipkart.testcases.MobileSearchPageTest@6edaa77a]" started-at="2020-06-22T21:35:09 IST" name="tearDown" finished-at="2020-06-22T21:35:10 IST" duration-ms="1021" status="PASS">
          <reporter-output>
          </reporter-output>
        </test-method> <!-- tearDown -->
        <test-method is-config="true" signature="setUp()[pri:0, instance:com.flipkart.testcases.MobileSearchPageTest@6edaa77a]" started-at="2020-06-22T21:35:10 IST" name="setUp" finished-at="2020-06-22T21:35:23 IST" duration-ms="13048" status="PASS">
          <reporter-output>
          </reporter-output>
        </test-method> <!-- setUp -->
        <test-method signature="compareMobileTest(java.lang.String, java.lang.String, java.lang.String, java.lang.String, java.lang.String, java.lang.String)[pri:0, instance:com.flipkart.testcases.MobileSearchPageTest@6edaa77a]" started-at="2020-06-22T21:35:23 IST" name="compareMobileTest" data-provider="getProjectData" finished-at="2020-06-22T21:35:28 IST" duration-ms="4391" status="FAIL">
          <params>
            <param index="0">
              <value>
                <![CDATA[Phones]]>
              </value>
            </param>
            <param index="1">
              <value>
                <![CDATA[6 GB]]>
              </value>
            </param>
            <param index="2">
              <value>
                <![CDATA[Realme]]>
              </value>
            </param>
            <param index="3">
              <value>
                <![CDATA[Realme 5 Pro (Crystal Green, 128 GB)]]>
              </value>
            </param>
            <param index="4">
              <value>
                <![CDATA[Realme]]>
              </value>
            </param>
            <param index="5">
              <value>
                <![CDATA[Realme C3 (Frozen Blue, 64 GB)]]>
              </value>
            </param>
          </params>
          <exception class="org.openqa.selenium.StaleElementReferenceException">
            <message>
              <![CDATA[stale element reference: element is not attached to the page document
  (Session info: chrome=83.0.4103.106)
For documentation on this error, please visit: https://www.seleniumhq.org/exceptions/stale_element_reference.html
Build info: version: '3.141.59', revision: 'e82be7d358', time: '2018-11-14T08:17:03'
System info: host: 'DESKTOP-K158F13', ip: '192.168.56.1', os.name: 'Windows 10', os.arch: 'amd64', os.version: '10.0', java.version: '13.0.1'
Driver info: org.openqa.selenium.chrome.ChromeDriver
Capabilities {acceptInsecureCerts: false, browserName: chrome, browserVersion: 83.0.4103.106, chrome: {chromedriverVersion: 83.0.4103.39 (ccbf011cb2d2b..., userDataDir: C:\Users\DELL\AppData\Local...}, goog:chromeOptions: {debuggerAddress: localhost:60227}, javascriptEnabled: true, networkConnectionEnabled: false, pageLoadStrategy: normal, platform: WINDOWS, platformName: WINDOWS, proxy: Proxy(), setWindowRect: true, strictFileInteractability: false, timeouts: {implicit: 0, pageLoad: 300000, script: 30000}, unhandledPromptBehavior: dismiss and notify, webauthn:virtualAuthenticators: true}
Session ID: b523c9fd7f3cda7e6a1c3380993ffa48]]>
            </message>
            <full-stacktrace>
              <![CDATA[org.openqa.selenium.StaleElementReferenceException: stale element reference: element is not attached to the page document
  (Session info: chrome=83.0.4103.106)
For documentation on this error, please visit: https://www.seleniumhq.org/exceptions/stale_element_reference.html
Build info: version: '3.141.59', revision: 'e82be7d358', time: '2018-11-14T08:17:03'
System info: host: 'DESKTOP-K158F13', ip: '192.168.56.1', os.name: 'Windows 10', os.arch: 'amd64', os.version: '10.0', java.version: '13.0.1'
Driver info: org.openqa.selenium.chrome.ChromeDriver
Capabilities {acceptInsecureCerts: false, browserName: chrome, browserVersion: 83.0.4103.106, chrome: {chromedriverVersion: 83.0.4103.39 (ccbf011cb2d2b..., userDataDir: C:\Users\DELL\AppData\Local...}, goog:chromeOptions: {debuggerAddress: localhost:60227}, javascriptEnabled: true, networkConnectionEnabled: false, pageLoadStrategy: normal, platform: WINDOWS, platformName: WINDOWS, proxy: Proxy(), setWindowRect: true, strictFileInteractability: false, timeouts: {implicit: 0, pageLoad: 300000, script: 30000}, unhandledPromptBehavior: dismiss and notify, webauthn:virtualAuthenticators: true}
Session ID: b523c9fd7f3cda7e6a1c3380993ffa48
at java.base/jdk.internal.reflect.NativeConstructorAccessorImpl.newInstance0(Native Method)
at java.base/jdk.internal.reflect.NativeConstructorAccessorImpl.newInstance(NativeConstructorAccessorImpl.java:62)
at java.base/jdk.internal.reflect.DelegatingConstructorAccessorImpl.newInstance(DelegatingConstructorAccessorImpl.java:45)
at java.base/java.lang.reflect.Constructor.newInstanceWithCaller(Constructor.java:500)
at java.base/java.lang.reflect.Constructor.newInstance(Constructor.java:481)
at org.openqa.selenium.remote.http.W3CHttpResponseCodec.createException(W3CHttpResponseCodec.java:187)
at org.openqa.selenium.remote.http.W3CHttpResponseCodec.decode(W3CHttpResponseCodec.java:122)
at org.openqa.selenium.remote.http.W3CHttpResponseCodec.decode(W3CHttpResponseCodec.java:49)
at org.openqa.selenium.remote.HttpCommandExecutor.execute(HttpCommandExecutor.java:158)
at org.openqa.selenium.remote.service.DriverCommandExecutor.execute(DriverCommandExecutor.java:83)
at org.openqa.selenium.remote.RemoteWebDriver.execute(RemoteWebDriver.java:552)
at org.openqa.selenium.remote.RemoteWebElement.execute(RemoteWebElement.java:285)
at org.openqa.selenium.remote.RemoteWebElement.click(RemoteWebElement.java:84)
at com.flipkart.pages.MoblieSearchPage.selectMobile(MoblieSearchPage.java:168)
at com.flipkart.testcases.MobileSearchPageTest.compareMobileTest(MobileSearchPageTest.java:95)
at java.base/jdk.internal.reflect.NativeMethodAccessorImpl.invoke0(Native Method)
at java.base/jdk.internal.reflect.NativeMethodAccessorImpl.invoke(NativeMethodAccessorImpl.java:62)
at java.base/jdk.internal.reflect.DelegatingMethodAccessorImpl.invoke(DelegatingMethodAccessorImpl.java:43)
at java.base/java.lang.reflect.Method.invoke(Method.java:567)
at org.testng.internal.MethodInvocationHelper.invokeMethod(MethodInvocationHelper.java:133)
at org.testng.internal.TestInvoker.invokeMethod(TestInvoker.java:584)
at org.testng.internal.TestInvoker.invokeTestMethod(TestInvoker.java:172)
at org.testng.internal.MethodRunner.runInSequence(MethodRunner.java:46)
at org.testng.internal.TestInvoker$MethodInvocationAgent.invoke(TestInvoker.java:804)
at org.testng.internal.TestInvoker.invokeTestMethods(TestInvoker.java:145)
at org.testng.internal.TestMethodWorker.invokeTestMethods(TestMethodWorker.java:146)
at org.testng.internal.TestMethodWorker.run(TestMethodWorker.java:128)
at java.base/java.util.ArrayList.forEach(ArrayList.java:1507)
at org.testng.TestRunner.privateRun(TestRunner.java:770)
at org.testng.TestRunner.run(TestRunner.java:591)
at org.testng.SuiteRunner.runTest(SuiteRunner.java:402)
at org.testng.SuiteRunner.runSequentially(SuiteRunner.java:396)
at org.testng.SuiteRunner.privateRun(SuiteRunner.java:355)
at org.testng.SuiteRunner.run(SuiteRunner.java:304)
at org.testng.SuiteRunnerWorker.runSuite(SuiteRunnerWorker.java:53)
at org.testng.SuiteRunnerWorker.run(SuiteRunnerWorker.java:96)
at org.testng.TestNG.runSuitesSequentially(TestNG.java:1180)
at org.testng.TestNG.runSuitesLocally(TestNG.java:1102)
at org.testng.TestNG.runSuites(TestNG.java:1032)
at org.testng.TestNG.run(TestNG.java:1000)
at org.testng.remote.AbstractRemoteTestNG.run(AbstractRemoteTestNG.java:115)
at org.testng.remote.RemoteTestNG.initAndRun(RemoteTestNG.java:251)
at org.testng.remote.RemoteTestNG.main(RemoteTestNG.java:77)
]]>
            </full-stacktrace>
          </exception> <!-- org.openqa.selenium.StaleElementReferenceException -->
          <reporter-output>
          </reporter-output>
        </test-method> <!-- compareMobileTest -->
        <test-method is-config="true" signature="tearDown()[pri:0, instance:com.flipkart.testcases.MobileSearchPageTest@6edaa77a]" started-at="2020-06-22T21:35:28 IST" name="tearDown" finished-at="2020-06-22T21:35:29 IST" duration-ms="1236" status="PASS">
          <reporter-output>
          </reporter-output>
        </test-method> <!-- tearDown -->
        <test-method is-config="true" signature="setUp()[pri:0, instance:com.flipkart.testcases.MobileSearchPageTest@6edaa77a]" started-at="2020-06-22T21:35:29 IST" name="setUp" finished-at="2020-06-22T21:35:42 IST" duration-ms="13428" status="PASS">
          <reporter-output>
          </reporter-output>
        </test-method> <!-- setUp -->
        <test-method signature="compareMobileTest(java.lang.String, java.lang.String, java.lang.String, java.lang.String, java.lang.String, java.lang.String)[pri:0, instance:com.flipkart.testcases.MobileSearchPageTest@6edaa77a]" started-at="2020-06-22T21:35:42 IST" name="compareMobileTest" data-provider="getProjectData" finished-at="2020-06-22T21:36:37 IST" duration-ms="54356" status="FAIL">
          <params>
            <param index="0">
              <value>
                <![CDATA[Phones]]>
              </value>
            </param>
            <param index="1">
              <value>
                <![CDATA[6 GB]]>
              </value>
            </param>
            <param index="2">
              <value>
                <![CDATA[Mi]]>
              </value>
            </param>
            <param index="3">
              <value>
                <![CDATA[Mi A3 (Kind of Grey, 128 GB)]]>
              </value>
            </param>
            <param index="4">
              <value>
                <![CDATA[Realme]]>
              </value>
            </param>
            <param index="5">
              <value>
                <![CDATA[Realme X (Polar White, 128 GB)]]>
              </value>
            </param>
          </params>
          <exception class="org.openqa.selenium.TimeoutException">
            <message>
              <![CDATA[Expected condition failed: waiting for visibility of element located by By.xpath: //*[@id='container']/div/div/following::div[@title='Realme X (Polar White, 128 GB)'] (tried for 30 second(s) with 500 milliseconds interval)]]>
            </message>
            <full-stacktrace>
              <![CDATA[org.openqa.selenium.TimeoutException: Expected condition failed: waiting for visibility of element located by By.xpath: //*[@id='container']/div/div/following::div[@title='Realme X (Polar White, 128 GB)'] (tried for 30 second(s) with 500 milliseconds interval)
at org.openqa.selenium.support.ui.WebDriverWait.timeoutException(WebDriverWait.java:95)
at org.openqa.selenium.support.ui.FluentWait.until(FluentWait.java:272)
at com.flipkart.pages.MoblieSearchPage.compareMobile(MoblieSearchPage.java:199)
at com.flipkart.testcases.MobileSearchPageTest.compareMobileTest(MobileSearchPageTest.java:99)
at java.base/jdk.internal.reflect.NativeMethodAccessorImpl.invoke0(Native Method)
at java.base/jdk.internal.reflect.NativeMethodAccessorImpl.invoke(NativeMethodAccessorImpl.java:62)
at java.base/jdk.internal.reflect.DelegatingMethodAccessorImpl.invoke(DelegatingMethodAccessorImpl.java:43)
at java.base/java.lang.reflect.Method.invoke(Method.java:567)
at org.testng.internal.MethodInvocationHelper.invokeMethod(MethodInvocationHelper.java:133)
at org.testng.internal.TestInvoker.invokeMethod(TestInvoker.java:584)
at org.testng.internal.TestInvoker.invokeTestMethod(TestInvoker.java:172)
at org.testng.internal.MethodRunner.runInSequence(MethodRunner.java:46)
at org.testng.internal.TestInvoker$MethodInvocationAgent.invoke(TestInvoker.java:804)
at org.testng.internal.TestInvoker.invokeTestMethods(TestInvoker.java:145)
at org.testng.internal.TestMethodWorker.invokeTestMethods(TestMethodWorker.java:146)
at org.testng.internal.TestMethodWorker.run(TestMethodWorker.java:128)
at java.base/java.util.ArrayList.forEach(ArrayList.java:1507)
at org.testng.TestRunner.privateRun(TestRunner.java:770)
at org.testng.TestRunner.run(TestRunner.java:591)
at org.testng.SuiteRunner.runTest(SuiteRunner.java:402)
at org.testng.SuiteRunner.runSequentially(SuiteRunner.java:396)
at org.testng.SuiteRunner.privateRun(SuiteRunner.java:355)
at org.testng.SuiteRunner.run(SuiteRunner.java:304)
at org.testng.SuiteRunnerWorker.runSuite(SuiteRunnerWorker.java:53)
at org.testng.SuiteRunnerWorker.run(SuiteRunnerWorker.java:96)
at org.testng.TestNG.runSuitesSequentially(TestNG.java:1180)
at org.testng.TestNG.runSuitesLocally(TestNG.java:1102)
at org.testng.TestNG.runSuites(TestNG.java:1032)
at org.testng.TestNG.run(TestNG.java:1000)
at org.testng.remote.AbstractRemoteTestNG.run(AbstractRemoteTestNG.java:115)
at org.testng.remote.RemoteTestNG.initAndRun(RemoteTestNG.java:251)
at org.testng.remote.RemoteTestNG.main(RemoteTestNG.java:77)
Caused by: org.openqa.selenium.NoSuchElementException: no such element: Unable to locate element: {"method":"xpath","selector":"//*[@id='container']/div/div/following::div[@title='Realme X (Polar White, 128 GB)']"}
  (Session info: chrome=83.0.4103.106)
For documentation on this error, please visit: https://www.seleniumhq.org/exceptions/no_such_element.html
Build info: version: '3.141.59', revision: 'e82be7d358', time: '2018-11-14T08:17:03'
System info: host: 'DESKTOP-K158F13', ip: '192.168.56.1', os.name: 'Windows 10', os.arch: 'amd64', os.version: '10.0', java.version: '13.0.1'
Driver info: org.openqa.selenium.chrome.ChromeDriver
Capabilities {acceptInsecureCerts: false, browserName: chrome, browserVersion: 83.0.4103.106, chrome: {chromedriverVersion: 83.0.4103.39 (ccbf011cb2d2b..., userDataDir: C:\Users\DELL\AppData\Local...}, goog:chromeOptions: {debuggerAddress: localhost:60288}, javascriptEnabled: true, networkConnectionEnabled: false, pageLoadStrategy: normal, platform: WINDOWS, platformName: WINDOWS, proxy: Proxy(), setWindowRect: true, strictFileInteractability: false, timeouts: {implicit: 0, pageLoad: 300000, script: 30000}, unhandledPromptBehavior: dismiss and notify, webauthn:virtualAuthenticators: true}
Session ID: 5d1530f2701d0bec63352723bea35b04
*** Element info: {Using=xpath, value=//*[@id='container']/div/div/following::div[@title='Realme X (Polar White, 128 GB)']}
at java.base/jdk.internal.reflect.NativeConstructorAccessorImpl.newInstance0(Native Method)
at java.base/jdk.internal.reflect.NativeConstructorAccessorImpl.newInstance(NativeConstructorAccessorImpl.java:62)
at java.base/jdk.internal.reflect.DelegatingConstructorAccessorImpl.newInstance(DelegatingConstructorAccessorImpl.java:45)
at java.base/java.lang.reflect.Constructor.newInstanceWithCaller(Constructor.java:500)
at java.base/java.lang.reflect.Constructor.newInstance(Constructor.java:481)
at org.openqa.selenium.remote.http.W3CHttpResponseCodec.createException(W3CHttpResponseCodec.java:187)
at org.openqa.selenium.remote.http.W3CHttpResponseCodec.decode(W3CHttpResponseCodec.java:122)
at org.openqa.selenium.remote.http.W3CHttpResponseCodec.decode(W3CHttpResponseCodec.java:49)
at org.openqa.selenium.remote.HttpCommandExecutor.execute(HttpCommandExecutor.java:158)
at org.openqa.selenium.remote.service.DriverCommandExecutor.execute(DriverCommandExecutor.java:83)
at org.openqa.selenium.remote.RemoteWebDriver.execute(RemoteWebDriver.java:552)
at org.openqa.selenium.remote.RemoteWebDriver.findElement(RemoteWebDriver.java:323)
at org.openqa.selenium.remote.RemoteWebDriver.findElementByXPath(RemoteWebDriver.java:428)
at org.openqa.selenium.By$ByXPath.findElement(By.java:353)
at org.openqa.selenium.remote.RemoteWebDriver.findElement(RemoteWebDriver.java:315)
at org.openqa.selenium.support.ui.ExpectedConditions$7.apply(ExpectedConditions.java:205)
at org.openqa.selenium.support.ui.ExpectedConditions$7.apply(ExpectedConditions.java:201)
at org.openqa.selenium.support.ui.FluentWait.until(FluentWait.java:249)
... 30 more
]]>
            </full-stacktrace>
          </exception> <!-- org.openqa.selenium.TimeoutException -->
          <reporter-output>
          </reporter-output>
        </test-method> <!-- compareMobileTest -->
        <test-method is-config="true" signature="tearDown()[pri:0, instance:com.flipkart.testcases.MobileSearchPageTest@6edaa77a]" started-at="2020-06-22T21:36:37 IST" name="tearDown" finished-at="2020-06-22T21:36:38 IST" duration-ms="1061" status="PASS">
          <reporter-output>
          </reporter-output>
        </test-method> <!-- tearDown -->
        <test-method is-config="true" signature="setUp()[pri:0, instance:com.flipkart.testcases.MobileSearchPageTest@6edaa77a]" started-at="2020-06-22T21:36:38 IST" name="setUp" finished-at="2020-06-22T21:36:54 IST" duration-ms="16426" status="PASS">
          <reporter-output>
          </reporter-output>
        </test-method> <!-- setUp -->
        <test-method signature="compareMobileTest(java.lang.String, java.lang.String, java.lang.String, java.lang.String, java.lang.String, java.lang.String)[pri:0, instance:com.flipkart.testcases.MobileSearchPageTest@6edaa77a]" started-at="2020-06-22T21:36:54 IST" name="compareMobileTest" data-provider="getProjectData" finished-at="2020-06-22T21:37:13 IST" duration-ms="19067" status="PASS">
          <params>
            <param index="0">
              <value>
                <![CDATA[Phones]]>
              </value>
            </param>
            <param index="1">
              <value>
                <![CDATA[6 GB]]>
              </value>
            </param>
            <param index="2">
              <value>
                <![CDATA[Mi]]>
              </value>
            </param>
            <param index="3">
              <value>
                <![CDATA[Redmi K20 (Flame Red, 128 GB)]]>
              </value>
            </param>
            <param index="4">
              <value>
                <![CDATA[Mi]]>
              </value>
            </param>
            <param index="5">
              <value>
                <![CDATA[Redmi Note 8 (Neptune Blue, 128 GB)]]>
              </value>
            </param>
          </params>
          <reporter-output>
          </reporter-output>
        </test-method> <!-- compareMobileTest -->
        <test-method is-config="true" signature="tearDown()[pri:0, instance:com.flipkart.testcases.MobileSearchPageTest@6edaa77a]" started-at="2020-06-22T21:37:13 IST" name="tearDown" finished-at="2020-06-22T21:37:14 IST" duration-ms="1104" status="PASS">
          <reporter-output>
          </reporter-output>
        </test-method> <!-- tearDown -->
        <test-method is-config="true" signature="setUp()[pri:0, instance:com.flipkart.testcases.MobileSearchPageTest@6edaa77a]" started-at="2020-06-22T21:37:14 IST" name="setUp" finished-at="2020-06-22T21:37:28 IST" duration-ms="13333" status="PASS">
          <reporter-output>
          </reporter-output>
        </test-method> <!-- setUp -->
        <test-method signature="compareMobileTest(java.lang.String, java.lang.String, java.lang.String, java.lang.String, java.lang.String, java.lang.String)[pri:0, instance:com.flipkart.testcases.MobileSearchPageTest@6edaa77a]" started-at="2020-06-22T21:37:28 IST" name="compareMobileTest" data-provider="getProjectData" finished-at="2020-06-22T21:38:03 IST" duration-ms="34968" status="PASS">
          <params>
            <param index="0">
              <value>
                <![CDATA[Phones]]>
              </value>
            </param>
            <param index="1">
              <value>
                <![CDATA[6 GB]]>
              </value>
            </param>
            <param index="2">
              <value>
                <![CDATA[Redmi]]>
              </value>
            </param>
            <param index="3">
              <value>
                <![CDATA[Redmi Note 8 Pro (Gamma Green, 64 GB)]]>
              </value>
            </param>
            <param index="4">
              <value>
                <![CDATA[Mi]]>
              </value>
            </param>
            <param index="5">
              <value>
                <![CDATA[Redmi Note 6 Pro (Black, 64 GB)]]>
              </value>
            </param>
          </params>
          <reporter-output>
          </reporter-output>
        </test-method> <!-- compareMobileTest -->
        <test-method is-config="true" signature="tearDown()[pri:0, instance:com.flipkart.testcases.MobileSearchPageTest@6edaa77a]" started-at="2020-06-22T21:38:03 IST" name="tearDown" finished-at="2020-06-22T21:38:04 IST" duration-ms="1061" status="PASS">
          <reporter-output>
          </reporter-output>
        </test-method> <!-- tearDown -->
        <test-method is-config="true" signature="setUp()[pri:0, instance:com.flipkart.testcases.MobileSearchPageTest@6edaa77a]" started-at="2020-06-22T21:38:04 IST" name="setUp" finished-at="2020-06-22T21:38:19 IST" duration-ms="15161" status="PASS">
          <reporter-output>
          </reporter-output>
        </test-method> <!-- setUp -->
        <test-method signature="compareMobileTest(java.lang.String, java.lang.String, java.lang.String, java.lang.String, java.lang.String, java.lang.String)[pri:0, instance:com.flipkart.testcases.MobileSearchPageTest@6edaa77a]" started-at="2020-06-22T21:38:19 IST" name="compareMobileTest" data-provider="getProjectData" finished-at="2020-06-22T21:38:24 IST" duration-ms="4705" status="FAIL">
          <params>
            <param index="0">
              <value>
                <![CDATA[Phones]]>
              </value>
            </param>
            <param index="1">
              <value>
                <![CDATA[6 GB]]>
              </value>
            </param>
            <param index="2">
              <value>
                <![CDATA[POCO]]>
              </value>
            </param>
            <param index="3">
              <value>
                <![CDATA[POCO X2 (Matrix Purple, 128 GB)]]>
              </value>
            </param>
            <param index="4">
              <value>
                <![CDATA[iQOO]]>
              </value>
            </param>
            <param index="5">
              <value>
                <![CDATA[iQOO 3 (Tornado Black, 128 GB)]]>
              </value>
            </param>
          </params>
          <exception class="org.openqa.selenium.StaleElementReferenceException">
            <message>
              <![CDATA[stale element reference: element is not attached to the page document
  (Session info: chrome=83.0.4103.106)
For documentation on this error, please visit: https://www.seleniumhq.org/exceptions/stale_element_reference.html
Build info: version: '3.141.59', revision: 'e82be7d358', time: '2018-11-14T08:17:03'
System info: host: 'DESKTOP-K158F13', ip: '192.168.56.1', os.name: 'Windows 10', os.arch: 'amd64', os.version: '10.0', java.version: '13.0.1'
Driver info: org.openqa.selenium.chrome.ChromeDriver
Capabilities {acceptInsecureCerts: false, browserName: chrome, browserVersion: 83.0.4103.106, chrome: {chromedriverVersion: 83.0.4103.39 (ccbf011cb2d2b..., userDataDir: C:\Users\DELL\AppData\Local...}, goog:chromeOptions: {debuggerAddress: localhost:60721}, javascriptEnabled: true, networkConnectionEnabled: false, pageLoadStrategy: normal, platform: WINDOWS, platformName: WINDOWS, proxy: Proxy(), setWindowRect: true, strictFileInteractability: false, timeouts: {implicit: 0, pageLoad: 300000, script: 30000}, unhandledPromptBehavior: dismiss and notify, webauthn:virtualAuthenticators: true}
Session ID: 2d3331475c358facf2a18e75966c65a0]]>
            </message>
            <full-stacktrace>
              <![CDATA[org.openqa.selenium.StaleElementReferenceException: stale element reference: element is not attached to the page document
  (Session info: chrome=83.0.4103.106)
For documentation on this error, please visit: https://www.seleniumhq.org/exceptions/stale_element_reference.html
Build info: version: '3.141.59', revision: 'e82be7d358', time: '2018-11-14T08:17:03'
System info: host: 'DESKTOP-K158F13', ip: '192.168.56.1', os.name: 'Windows 10', os.arch: 'amd64', os.version: '10.0', java.version: '13.0.1'
Driver info: org.openqa.selenium.chrome.ChromeDriver
Capabilities {acceptInsecureCerts: false, browserName: chrome, browserVersion: 83.0.4103.106, chrome: {chromedriverVersion: 83.0.4103.39 (ccbf011cb2d2b..., userDataDir: C:\Users\DELL\AppData\Local...}, goog:chromeOptions: {debuggerAddress: localhost:60721}, javascriptEnabled: true, networkConnectionEnabled: false, pageLoadStrategy: normal, platform: WINDOWS, platformName: WINDOWS, proxy: Proxy(), setWindowRect: true, strictFileInteractability: false, timeouts: {implicit: 0, pageLoad: 300000, script: 30000}, unhandledPromptBehavior: dismiss and notify, webauthn:virtualAuthenticators: true}
Session ID: 2d3331475c358facf2a18e75966c65a0
at java.base/jdk.internal.reflect.NativeConstructorAccessorImpl.newInstance0(Native Method)
at java.base/jdk.internal.reflect.NativeConstructorAccessorImpl.newInstance(NativeConstructorAccessorImpl.java:62)
at java.base/jdk.internal.reflect.DelegatingConstructorAccessorImpl.newInstance(DelegatingConstructorAccessorImpl.java:45)
at java.base/java.lang.reflect.Constructor.newInstanceWithCaller(Constructor.java:500)
at java.base/java.lang.reflect.Constructor.newInstance(Constructor.java:481)
at org.openqa.selenium.remote.http.W3CHttpResponseCodec.createException(W3CHttpResponseCodec.java:187)
at org.openqa.selenium.remote.http.W3CHttpResponseCodec.decode(W3CHttpResponseCodec.java:122)
at org.openqa.selenium.remote.http.W3CHttpResponseCodec.decode(W3CHttpResponseCodec.java:49)
at org.openqa.selenium.remote.HttpCommandExecutor.execute(HttpCommandExecutor.java:158)
at org.openqa.selenium.remote.service.DriverCommandExecutor.execute(DriverCommandExecutor.java:83)
at org.openqa.selenium.remote.RemoteWebDriver.execute(RemoteWebDriver.java:552)
at org.openqa.selenium.remote.RemoteWebElement.execute(RemoteWebElement.java:285)
at org.openqa.selenium.remote.RemoteWebElement.click(RemoteWebElement.java:84)
at com.flipkart.pages.MoblieSearchPage.selectMobile(MoblieSearchPage.java:168)
at com.flipkart.testcases.MobileSearchPageTest.compareMobileTest(MobileSearchPageTest.java:95)
at java.base/jdk.internal.reflect.NativeMethodAccessorImpl.invoke0(Native Method)
at java.base/jdk.internal.reflect.NativeMethodAccessorImpl.invoke(NativeMethodAccessorImpl.java:62)
at java.base/jdk.internal.reflect.DelegatingMethodAccessorImpl.invoke(DelegatingMethodAccessorImpl.java:43)
at java.base/java.lang.reflect.Method.invoke(Method.java:567)
at org.testng.internal.MethodInvocationHelper.invokeMethod(MethodInvocationHelper.java:133)
at org.testng.internal.TestInvoker.invokeMethod(TestInvoker.java:584)
at org.testng.internal.TestInvoker.invokeTestMethod(TestInvoker.java:172)
at org.testng.internal.MethodRunner.runInSequence(MethodRunner.java:46)
at org.testng.internal.TestInvoker$MethodInvocationAgent.invoke(TestInvoker.java:804)
at org.testng.internal.TestInvoker.invokeTestMethods(TestInvoker.java:145)
at org.testng.internal.TestMethodWorker.invokeTestMethods(TestMethodWorker.java:146)
at org.testng.internal.TestMethodWorker.run(TestMethodWorker.java:128)
at java.base/java.util.ArrayList.forEach(ArrayList.java:1507)
at org.testng.TestRunner.privateRun(TestRunner.java:770)
at org.testng.TestRunner.run(TestRunner.java:591)
at org.testng.SuiteRunner.runTest(SuiteRunner.java:402)
at org.testng.SuiteRunner.runSequentially(SuiteRunner.java:396)
at org.testng.SuiteRunner.privateRun(SuiteRunner.java:355)
at org.testng.SuiteRunner.run(SuiteRunner.java:304)
at org.testng.SuiteRunnerWorker.runSuite(SuiteRunnerWorker.java:53)
at org.testng.SuiteRunnerWorker.run(SuiteRunnerWorker.java:96)
at org.testng.TestNG.runSuitesSequentially(TestNG.java:1180)
at org.testng.TestNG.runSuitesLocally(TestNG.java:1102)
at org.testng.TestNG.runSuites(TestNG.java:1032)
at org.testng.TestNG.run(TestNG.java:1000)
at org.testng.remote.AbstractRemoteTestNG.run(AbstractRemoteTestNG.java:115)
at org.testng.remote.RemoteTestNG.initAndRun(RemoteTestNG.java:251)
at org.testng.remote.RemoteTestNG.main(RemoteTestNG.java:77)
]]>
            </full-stacktrace>
          </exception> <!-- org.openqa.selenium.StaleElementReferenceException -->
          <reporter-output>
          </reporter-output>
        </test-method> <!-- compareMobileTest -->
        <test-method is-config="true" signature="tearDown()[pri:0, instance:com.flipkart.testcases.MobileSearchPageTest@6edaa77a]" started-at="2020-06-22T21:38:24 IST" name="tearDown" finished-at="2020-06-22T21:38:25 IST" duration-ms="1015" status="PASS">
          <reporter-output>
          </reporter-output>
        </test-method> <!-- tearDown -->
        <test-method is-config="true" signature="setUp()[pri:0, instance:com.flipkart.testcases.MobileSearchPageTest@6edaa77a]" started-at="2020-06-22T21:38:25 IST" name="setUp" finished-at="2020-06-22T21:38:38 IST" duration-ms="13100" status="PASS">
          <reporter-output>
          </reporter-output>
        </test-method> <!-- setUp -->
        <test-method signature="compareMobileTest(java.lang.String, java.lang.String, java.lang.String, java.lang.String, java.lang.String, java.lang.String)[pri:0, instance:com.flipkart.testcases.MobileSearchPageTest@6edaa77a]" started-at="2020-06-22T21:38:38 IST" name="compareMobileTest" data-provider="getProjectData" finished-at="2020-06-22T21:38:51 IST" duration-ms="12811" status="PASS">
          <params>
            <param index="0">
              <value>
                <![CDATA[Phones]]>
              </value>
            </param>
            <param index="1">
              <value>
                <![CDATA[6 GB]]>
              </value>
            </param>
            <param index="2">
              <value>
                <![CDATA[POCO]]>
              </value>
            </param>
            <param index="3">
              <value>
                <![CDATA[POCO F1 (Graphite Black, 128 GB)]]>
              </value>
            </param>
            <param index="4">
              <value>
                <![CDATA[iQOO]]>
              </value>
            </param>
            <param index="5">
              <value>
                <![CDATA[iQOO 3 (Volcano Orange, 256 GB)]]>
              </value>
            </param>
          </params>
          <reporter-output>
          </reporter-output>
        </test-method> <!-- compareMobileTest -->
        <test-method is-config="true" signature="tearDown()[pri:0, instance:com.flipkart.testcases.MobileSearchPageTest@6edaa77a]" started-at="2020-06-22T21:38:51 IST" name="tearDown" finished-at="2020-06-22T21:38:52 IST" duration-ms="1205" status="PASS">
          <reporter-output>
          </reporter-output>
        </test-method> <!-- tearDown -->
        <test-method is-config="true" signature="setUp()[pri:0, instance:com.flipkart.testcases.MobileSearchPageTest@6edaa77a]" started-at="2020-06-22T21:38:52 IST" name="setUp" finished-at="2020-06-22T21:39:06 IST" duration-ms="14484" status="PASS">
          <reporter-output>
          </reporter-output>
        </test-method> <!-- setUp -->
        <test-method signature="compareMobileTest(java.lang.String, java.lang.String, java.lang.String, java.lang.String, java.lang.String, java.lang.String)[pri:0, instance:com.flipkart.testcases.MobileSearchPageTest@6edaa77a]" started-at="2020-06-22T21:39:06 IST" name="compareMobileTest" data-provider="getProjectData" finished-at="2020-06-22T21:39:53 IST" duration-ms="46986" status="FAIL">
          <params>
            <param index="0">
              <value>
                <![CDATA[Phones]]>
              </value>
            </param>
            <param index="1">
              <value>
                <![CDATA[6 GB]]>
              </value>
            </param>
            <param index="2">
              <value>
                <![CDATA[OnePlus]]>
              </value>
            </param>
            <param index="3">
              <value>
                <![CDATA[OnePlus 7T (Frosted Silver, 128 GB)]]>
              </value>
            </param>
            <param index="4">
              <value>
                <![CDATA[Honor]]>
              </value>
            </param>
            <param index="5">
              <value>
                <![CDATA[Honor 9X (Midnight Black, 128 GB)]]>
              </value>
            </param>
          </params>
          <exception class="org.openqa.selenium.TimeoutException">
            <message>
              <![CDATA[timeout: Timed out receiving message from renderer: 20.000
  (Session info: chrome=83.0.4103.106)
Build info: version: '3.141.59', revision: 'e82be7d358', time: '2018-11-14T08:17:03'
System info: host: 'DESKTOP-K158F13', ip: '192.168.56.1', os.name: 'Windows 10', os.arch: 'amd64', os.version: '10.0', java.version: '13.0.1'
Driver info: org.openqa.selenium.chrome.ChromeDriver
Capabilities {acceptInsecureCerts: false, browserName: chrome, browserVersion: 83.0.4103.106, chrome: {chromedriverVersion: 83.0.4103.39 (ccbf011cb2d2b..., userDataDir: C:\Users\DELL\AppData\Local...}, goog:chromeOptions: {debuggerAddress: localhost:60867}, javascriptEnabled: true, networkConnectionEnabled: false, pageLoadStrategy: normal, platform: WINDOWS, platformName: WINDOWS, proxy: Proxy(), setWindowRect: true, strictFileInteractability: false, timeouts: {implicit: 0, pageLoad: 300000, script: 30000}, unhandledPromptBehavior: dismiss and notify, webauthn:virtualAuthenticators: true}
Session ID: 37cf8da0e74ecde91c4fa6ef391f41c5]]>
            </message>
            <full-stacktrace>
              <![CDATA[org.openqa.selenium.TimeoutException: timeout: Timed out receiving message from renderer: 20.000
  (Session info: chrome=83.0.4103.106)
Build info: version: '3.141.59', revision: 'e82be7d358', time: '2018-11-14T08:17:03'
System info: host: 'DESKTOP-K158F13', ip: '192.168.56.1', os.name: 'Windows 10', os.arch: 'amd64', os.version: '10.0', java.version: '13.0.1'
Driver info: org.openqa.selenium.chrome.ChromeDriver
Capabilities {acceptInsecureCerts: false, browserName: chrome, browserVersion: 83.0.4103.106, chrome: {chromedriverVersion: 83.0.4103.39 (ccbf011cb2d2b..., userDataDir: C:\Users\DELL\AppData\Local...}, goog:chromeOptions: {debuggerAddress: localhost:60867}, javascriptEnabled: true, networkConnectionEnabled: false, pageLoadStrategy: normal, platform: WINDOWS, platformName: WINDOWS, proxy: Proxy(), setWindowRect: true, strictFileInteractability: false, timeouts: {implicit: 0, pageLoad: 300000, script: 30000}, unhandledPromptBehavior: dismiss and notify, webauthn:virtualAuthenticators: true}
Session ID: 37cf8da0e74ecde91c4fa6ef391f41c5
at java.base/jdk.internal.reflect.NativeConstructorAccessorImpl.newInstance0(Native Method)
at java.base/jdk.internal.reflect.NativeConstructorAccessorImpl.newInstance(NativeConstructorAccessorImpl.java:62)
at java.base/jdk.internal.reflect.DelegatingConstructorAccessorImpl.newInstance(DelegatingConstructorAccessorImpl.java:45)
at java.base/java.lang.reflect.Constructor.newInstanceWithCaller(Constructor.java:500)
at java.base/java.lang.reflect.Constructor.newInstance(Constructor.java:481)
at org.openqa.selenium.remote.http.W3CHttpResponseCodec.createException(W3CHttpResponseCodec.java:187)
at org.openqa.selenium.remote.http.W3CHttpResponseCodec.decode(W3CHttpResponseCodec.java:122)
at org.openqa.selenium.remote.http.W3CHttpResponseCodec.decode(W3CHttpResponseCodec.java:49)
at org.openqa.selenium.remote.HttpCommandExecutor.execute(HttpCommandExecutor.java:158)
at org.openqa.selenium.remote.service.DriverCommandExecutor.execute(DriverCommandExecutor.java:83)
at org.openqa.selenium.remote.RemoteWebDriver.execute(RemoteWebDriver.java:552)
at org.openqa.selenium.remote.RemoteWebDriver.execute(RemoteWebDriver.java:609)
at org.openqa.selenium.remote.RemoteWebDriver.getTitle(RemoteWebDriver.java:281)
at com.flipkart.utilitesPage.Testutil.getRequiredWindow(Testutil.java:40)
at com.flipkart.testcases.MobileSearchPageTest.compareMobileTest(MobileSearchPageTest.java:97)
at java.base/jdk.internal.reflect.NativeMethodAccessorImpl.invoke0(Native Method)
at java.base/jdk.internal.reflect.NativeMethodAccessorImpl.invoke(NativeMethodAccessorImpl.java:62)
at java.base/jdk.internal.reflect.DelegatingMethodAccessorImpl.invoke(DelegatingMethodAccessorImpl.java:43)
at java.base/java.lang.reflect.Method.invoke(Method.java:567)
at org.testng.internal.MethodInvocationHelper.invokeMethod(MethodInvocationHelper.java:133)
at org.testng.internal.TestInvoker.invokeMethod(TestInvoker.java:584)
at org.testng.internal.TestInvoker.invokeTestMethod(TestInvoker.java:172)
at org.testng.internal.MethodRunner.runInSequence(MethodRunner.java:46)
at org.testng.internal.TestInvoker$MethodInvocationAgent.invoke(TestInvoker.java:804)
at org.testng.internal.TestInvoker.invokeTestMethods(TestInvoker.java:145)
at org.testng.internal.TestMethodWorker.invokeTestMethods(TestMethodWorker.java:146)
at org.testng.internal.TestMethodWorker.run(TestMethodWorker.java:128)
at java.base/java.util.ArrayList.forEach(ArrayList.java:1507)
at org.testng.TestRunner.privateRun(TestRunner.java:770)
at org.testng.TestRunner.run(TestRunner.java:591)
at org.testng.SuiteRunner.runTest(SuiteRunner.java:402)
at org.testng.SuiteRunner.runSequentially(SuiteRunner.java:396)
at org.testng.SuiteRunner.privateRun(SuiteRunner.java:355)
at org.testng.SuiteRunner.run(SuiteRunner.java:304)
at org.testng.SuiteRunnerWorker.runSuite(SuiteRunnerWorker.java:53)
at org.testng.SuiteRunnerWorker.run(SuiteRunnerWorker.java:96)
at org.testng.TestNG.runSuitesSequentially(TestNG.java:1180)
at org.testng.TestNG.runSuitesLocally(TestNG.java:1102)
at org.testng.TestNG.runSuites(TestNG.java:1032)
at org.testng.TestNG.run(TestNG.java:1000)
at org.testng.remote.AbstractRemoteTestNG.run(AbstractRemoteTestNG.java:115)
at org.testng.remote.RemoteTestNG.initAndRun(RemoteTestNG.java:251)
at org.testng.remote.RemoteTestNG.main(RemoteTestNG.java:77)
]]>
            </full-stacktrace>
          </exception> <!-- org.openqa.selenium.TimeoutException -->
          <reporter-output>
          </reporter-output>
        </test-method> <!-- compareMobileTest -->
        <test-method is-config="true" signature="tearDown()[pri:0, instance:com.flipkart.testcases.MobileSearchPageTest@6edaa77a]" started-at="2020-06-22T21:39:53 IST" name="tearDown" finished-at="2020-06-22T21:39:54 IST" duration-ms="993" status="PASS">
          <reporter-output>
          </reporter-output>
        </test-method> <!-- tearDown -->
        <test-method is-config="true" signature="setUp()[pri:0, instance:com.flipkart.testcases.MobileSearchPageTest@6edaa77a]" started-at="2020-06-22T21:39:54 IST" name="setUp" finished-at="2020-06-22T21:40:09 IST" duration-ms="15241" status="PASS">
          <reporter-output>
          </reporter-output>
        </test-method> <!-- setUp -->
        <test-method signature="compareMobileTest(java.lang.String, java.lang.String, java.lang.String, java.lang.String, java.lang.String, java.lang.String)[pri:0, instance:com.flipkart.testcases.MobileSearchPageTest@6edaa77a]" started-at="2020-06-22T21:40:09 IST" name="compareMobileTest" data-provider="getProjectData" finished-at="2020-06-22T21:41:24 IST" duration-ms="74468" status="FAIL">
          <params>
            <param index="0">
              <value>
                <![CDATA[Phones]]>
              </value>
            </param>
            <param index="1">
              <value>
                <![CDATA[6 GB]]>
              </value>
            </param>
            <param index="2">
              <value>
                <![CDATA[OnePlus]]>
              </value>
            </param>
            <param index="3">
              <value>
                <![CDATA[OnePlus 7 (Mirror Grey, 128 GB)]]>
              </value>
            </param>
            <param index="4">
              <value>
                <![CDATA[Honor]]>
              </value>
            </param>
            <param index="5">
              <value>
                <![CDATA[Honor 9N (Robin Egg Blue, 64 GB)]]>
              </value>
            </param>
          </params>
          <exception class="org.openqa.selenium.TimeoutException">
            <message>
              <![CDATA[Expected condition failed: waiting for visibility of element located by By.xpath: //*[@id='container']/div/div/following::div[@title='Honor 9N (Robin Egg Blue, 64 GB)'] (tried for 30 second(s) with 500 milliseconds interval)]]>
            </message>
            <full-stacktrace>
              <![CDATA[org.openqa.selenium.TimeoutException: Expected condition failed: waiting for visibility of element located by By.xpath: //*[@id='container']/div/div/following::div[@title='Honor 9N (Robin Egg Blue, 64 GB)'] (tried for 30 second(s) with 500 milliseconds interval)
at org.openqa.selenium.support.ui.WebDriverWait.timeoutException(WebDriverWait.java:95)
at org.openqa.selenium.support.ui.FluentWait.until(FluentWait.java:272)
at com.flipkart.pages.MoblieSearchPage.compareMobile(MoblieSearchPage.java:199)
at com.flipkart.testcases.MobileSearchPageTest.compareMobileTest(MobileSearchPageTest.java:99)
at java.base/jdk.internal.reflect.NativeMethodAccessorImpl.invoke0(Native Method)
at java.base/jdk.internal.reflect.NativeMethodAccessorImpl.invoke(NativeMethodAccessorImpl.java:62)
at java.base/jdk.internal.reflect.DelegatingMethodAccessorImpl.invoke(DelegatingMethodAccessorImpl.java:43)
at java.base/java.lang.reflect.Method.invoke(Method.java:567)
at org.testng.internal.MethodInvocationHelper.invokeMethod(MethodInvocationHelper.java:133)
at org.testng.internal.TestInvoker.invokeMethod(TestInvoker.java:584)
at org.testng.internal.TestInvoker.invokeTestMethod(TestInvoker.java:172)
at org.testng.internal.MethodRunner.runInSequence(MethodRunner.java:46)
at org.testng.internal.TestInvoker$MethodInvocationAgent.invoke(TestInvoker.java:804)
at org.testng.internal.TestInvoker.invokeTestMethods(TestInvoker.java:145)
at org.testng.internal.TestMethodWorker.invokeTestMethods(TestMethodWorker.java:146)
at org.testng.internal.TestMethodWorker.run(TestMethodWorker.java:128)
at java.base/java.util.ArrayList.forEach(ArrayList.java:1507)
at org.testng.TestRunner.privateRun(TestRunner.java:770)
at org.testng.TestRunner.run(TestRunner.java:591)
at org.testng.SuiteRunner.runTest(SuiteRunner.java:402)
at org.testng.SuiteRunner.runSequentially(SuiteRunner.java:396)
at org.testng.SuiteRunner.privateRun(SuiteRunner.java:355)
at org.testng.SuiteRunner.run(SuiteRunner.java:304)
at org.testng.SuiteRunnerWorker.runSuite(SuiteRunnerWorker.java:53)
at org.testng.SuiteRunnerWorker.run(SuiteRunnerWorker.java:96)
at org.testng.TestNG.runSuitesSequentially(TestNG.java:1180)
at org.testng.TestNG.runSuitesLocally(TestNG.java:1102)
at org.testng.TestNG.runSuites(TestNG.java:1032)
at org.testng.TestNG.run(TestNG.java:1000)
at org.testng.remote.AbstractRemoteTestNG.run(AbstractRemoteTestNG.java:115)
at org.testng.remote.RemoteTestNG.initAndRun(RemoteTestNG.java:251)
at org.testng.remote.RemoteTestNG.main(RemoteTestNG.java:77)
Caused by: org.openqa.selenium.NoSuchElementException: no such element: Unable to locate element: {"method":"xpath","selector":"//*[@id='container']/div/div/following::div[@title='Honor 9N (Robin Egg Blue, 64 GB)']"}
  (Session info: chrome=83.0.4103.106)
For documentation on this error, please visit: https://www.seleniumhq.org/exceptions/no_such_element.html
Build info: version: '3.141.59', revision: 'e82be7d358', time: '2018-11-14T08:17:03'
System info: host: 'DESKTOP-K158F13', ip: '192.168.56.1', os.name: 'Windows 10', os.arch: 'amd64', os.version: '10.0', java.version: '13.0.1'
Driver info: org.openqa.selenium.chrome.ChromeDriver
Capabilities {acceptInsecureCerts: false, browserName: chrome, browserVersion: 83.0.4103.106, chrome: {chromedriverVersion: 83.0.4103.39 (ccbf011cb2d2b..., userDataDir: C:\Users\DELL\AppData\Local...}, goog:chromeOptions: {debuggerAddress: localhost:60959}, javascriptEnabled: true, networkConnectionEnabled: false, pageLoadStrategy: normal, platform: WINDOWS, platformName: WINDOWS, proxy: Proxy(), setWindowRect: true, strictFileInteractability: false, timeouts: {implicit: 0, pageLoad: 300000, script: 30000}, unhandledPromptBehavior: dismiss and notify, webauthn:virtualAuthenticators: true}
Session ID: effb38cac11afd99c1e2656937f7d54c
*** Element info: {Using=xpath, value=//*[@id='container']/div/div/following::div[@title='Honor 9N (Robin Egg Blue, 64 GB)']}
at java.base/jdk.internal.reflect.NativeConstructorAccessorImpl.newInstance0(Native Method)
at java.base/jdk.internal.reflect.NativeConstructorAccessorImpl.newInstance(NativeConstructorAccessorImpl.java:62)
at java.base/jdk.internal.reflect.DelegatingConstructorAccessorImpl.newInstance(DelegatingConstructorAccessorImpl.java:45)
at java.base/java.lang.reflect.Constructor.newInstanceWithCaller(Constructor.java:500)
at java.base/java.lang.reflect.Constructor.newInstance(Constructor.java:481)
at org.openqa.selenium.remote.http.W3CHttpResponseCodec.createException(W3CHttpResponseCodec.java:187)
at org.openqa.selenium.remote.http.W3CHttpResponseCodec.decode(W3CHttpResponseCodec.java:122)
at org.openqa.selenium.remote.http.W3CHttpResponseCodec.decode(W3CHttpResponseCodec.java:49)
at org.openqa.selenium.remote.HttpCommandExecutor.execute(HttpCommandExecutor.java:158)
at org.openqa.selenium.remote.service.DriverCommandExecutor.execute(DriverCommandExecutor.java:83)
at org.openqa.selenium.remote.RemoteWebDriver.execute(RemoteWebDriver.java:552)
at org.openqa.selenium.remote.RemoteWebDriver.findElement(RemoteWebDriver.java:323)
at org.openqa.selenium.remote.RemoteWebDriver.findElementByXPath(RemoteWebDriver.java:428)
at org.openqa.selenium.By$ByXPath.findElement(By.java:353)
at org.openqa.selenium.remote.RemoteWebDriver.findElement(RemoteWebDriver.java:315)
at org.openqa.selenium.support.ui.ExpectedConditions$7.apply(ExpectedConditions.java:205)
at org.openqa.selenium.support.ui.ExpectedConditions$7.apply(ExpectedConditions.java:201)
at org.openqa.selenium.support.ui.FluentWait.until(FluentWait.java:249)
... 30 more
]]>
            </full-stacktrace>
          </exception> <!-- org.openqa.selenium.TimeoutException -->
          <reporter-output>
          </reporter-output>
        </test-method> <!-- compareMobileTest -->
        <test-method is-config="true" signature="tearDown()[pri:0, instance:com.flipkart.testcases.MobileSearchPageTest@6edaa77a]" started-at="2020-06-22T21:41:24 IST" name="tearDown" finished-at="2020-06-22T21:41:25 IST" duration-ms="1052" status="PASS">
          <reporter-output>
          </reporter-output>
        </test-method> <!-- tearDown -->
        <test-method is-config="true" signature="setUp()[pri:0, instance:com.flipkart.testcases.MobileSearchPageTest@6edaa77a]" started-at="2020-06-22T21:41:25 IST" name="setUp" finished-at="2020-06-22T21:41:39 IST" duration-ms="13802" status="PASS">
          <reporter-output>
          </reporter-output>
        </test-method> <!-- setUp -->
        <test-method signature="compareMobileTest(java.lang.String, java.lang.String, java.lang.String, java.lang.String, java.lang.String, java.lang.String)[pri:0, instance:com.flipkart.testcases.MobileSearchPageTest@6edaa77a]" started-at="2020-06-22T21:41:39 IST" name="compareMobileTest" data-provider="getProjectData" finished-at="2020-06-22T21:42:12 IST" duration-ms="33630" status="PASS">
          <params>
            <param index="0">
              <value>
                <![CDATA[Phones]]>
              </value>
            </param>
            <param index="1">
              <value>
                <![CDATA[6 GB]]>
              </value>
            </param>
            <param index="2">
              <value>
                <![CDATA[Asus]]>
              </value>
            </param>
            <param index="3">
              <value>
                <![CDATA[Asus ROG (Black, 128 GB)]]>
              </value>
            </param>
            <param index="4">
              <value>
                <![CDATA[Huawei]]>
              </value>
            </param>
            <param index="5">
              <value>
                <![CDATA[Huawei Y9 Prime 2019 (Sapphire Blue, 128 GB)]]>
              </value>
            </param>
          </params>
          <reporter-output>
          </reporter-output>
        </test-method> <!-- compareMobileTest -->
        <test-method is-config="true" signature="tearDown()[pri:0, instance:com.flipkart.testcases.MobileSearchPageTest@6edaa77a]" started-at="2020-06-22T21:42:12 IST" name="tearDown" finished-at="2020-06-22T21:42:14 IST" duration-ms="1348" status="PASS">
          <reporter-output>
          </reporter-output>
        </test-method> <!-- tearDown -->
        <test-method is-config="true" signature="setUp()[pri:0, instance:com.flipkart.testcases.MobileSearchPageTest@6edaa77a]" started-at="2020-06-22T21:42:14 IST" name="setUp" finished-at="2020-06-22T21:42:27 IST" duration-ms="13258" status="PASS">
          <reporter-output>
          </reporter-output>
        </test-method> <!-- setUp -->
        <test-method signature="compareMobileTest(java.lang.String, java.lang.String, java.lang.String, java.lang.String, java.lang.String, java.lang.String)[pri:0, instance:com.flipkart.testcases.MobileSearchPageTest@6edaa77a]" started-at="2020-06-22T21:42:27 IST" name="compareMobileTest" data-provider="getProjectData" finished-at="2020-06-22T21:43:01 IST" duration-ms="33394" status="PASS">
          <params>
            <param index="0">
              <value>
                <![CDATA[Phones]]>
              </value>
            </param>
            <param index="1">
              <value>
                <![CDATA[6 GB]]>
              </value>
            </param>
            <param index="2">
              <value>
                <![CDATA[Asus]]>
              </value>
            </param>
            <param index="3">
              <value>
                <![CDATA[Asus 6Z (Silver, 128 GB)]]>
              </value>
            </param>
            <param index="4">
              <value>
                <![CDATA[Huawei]]>
              </value>
            </param>
            <param index="5">
              <value>
                <![CDATA[Nexus 6P (Silver, 64 GB)]]>
              </value>
            </param>
          </params>
          <reporter-output>
          </reporter-output>
        </test-method> <!-- compareMobileTest -->
        <test-method is-config="true" signature="tearDown()[pri:0, instance:com.flipkart.testcases.MobileSearchPageTest@6edaa77a]" started-at="2020-06-22T21:43:01 IST" name="tearDown" finished-at="2020-06-22T21:43:02 IST" duration-ms="1844" status="PASS">
          <reporter-output>
          </reporter-output>
        </test-method> <!-- tearDown -->
        <test-method is-config="true" signature="setUp()[pri:0, instance:com.flipkart.testcases.MobileSearchPageTest@6edaa77a]" started-at="2020-06-22T21:43:02 IST" name="setUp" finished-at="2020-06-22T21:43:16 IST" duration-ms="13300" status="PASS">
          <reporter-output>
          </reporter-output>
        </test-method> <!-- setUp -->
        <test-method signature="compareMobileTest(java.lang.String, java.lang.String, java.lang.String, java.lang.String, java.lang.String, java.lang.String)[pri:0, instance:com.flipkart.testcases.MobileSearchPageTest@6edaa77a]" started-at="2020-06-22T21:43:16 IST" name="compareMobileTest" data-provider="getProjectData" finished-at="2020-06-22T21:43:20 IST" duration-ms="4179" status="FAIL">
          <params>
            <param index="0">
              <value>
                <![CDATA[Phones]]>
              </value>
            </param>
            <param index="1">
              <value>
                <![CDATA[4 GB]]>
              </value>
            </param>
            <param index="2">
              <value>
                <![CDATA[Samsung]]>
              </value>
            </param>
            <param index="3">
              <value>
                <![CDATA[Samsung Galaxy S9 (Midnight Black, 64 GB)]]>
              </value>
            </param>
            <param index="4">
              <value>
                <![CDATA[OPPO]]>
              </value>
            </param>
            <param index="5">
              <value>
                <![CDATA[OPPO A7 (Glaring Gold, 64 GB)]]>
              </value>
            </param>
          </params>
          <exception class="org.openqa.selenium.StaleElementReferenceException">
            <message>
              <![CDATA[stale element reference: element is not attached to the page document
  (Session info: chrome=83.0.4103.106)
For documentation on this error, please visit: https://www.seleniumhq.org/exceptions/stale_element_reference.html
Build info: version: '3.141.59', revision: 'e82be7d358', time: '2018-11-14T08:17:03'
System info: host: 'DESKTOP-K158F13', ip: '192.168.56.1', os.name: 'Windows 10', os.arch: 'amd64', os.version: '10.0', java.version: '13.0.1'
Driver info: org.openqa.selenium.chrome.ChromeDriver
Capabilities {acceptInsecureCerts: false, browserName: chrome, browserVersion: 83.0.4103.106, chrome: {chromedriverVersion: 83.0.4103.39 (ccbf011cb2d2b..., userDataDir: C:\Users\DELL\AppData\Local...}, goog:chromeOptions: {debuggerAddress: localhost:61323}, javascriptEnabled: true, networkConnectionEnabled: false, pageLoadStrategy: normal, platform: WINDOWS, platformName: WINDOWS, proxy: Proxy(), setWindowRect: true, strictFileInteractability: false, timeouts: {implicit: 0, pageLoad: 300000, script: 30000}, unhandledPromptBehavior: dismiss and notify, webauthn:virtualAuthenticators: true}
Session ID: a406b10e3773b30a52388cb48a753938]]>
            </message>
            <full-stacktrace>
              <![CDATA[org.openqa.selenium.StaleElementReferenceException: stale element reference: element is not attached to the page document
  (Session info: chrome=83.0.4103.106)
For documentation on this error, please visit: https://www.seleniumhq.org/exceptions/stale_element_reference.html
Build info: version: '3.141.59', revision: 'e82be7d358', time: '2018-11-14T08:17:03'
System info: host: 'DESKTOP-K158F13', ip: '192.168.56.1', os.name: 'Windows 10', os.arch: 'amd64', os.version: '10.0', java.version: '13.0.1'
Driver info: org.openqa.selenium.chrome.ChromeDriver
Capabilities {acceptInsecureCerts: false, browserName: chrome, browserVersion: 83.0.4103.106, chrome: {chromedriverVersion: 83.0.4103.39 (ccbf011cb2d2b..., userDataDir: C:\Users\DELL\AppData\Local...}, goog:chromeOptions: {debuggerAddress: localhost:61323}, javascriptEnabled: true, networkConnectionEnabled: false, pageLoadStrategy: normal, platform: WINDOWS, platformName: WINDOWS, proxy: Proxy(), setWindowRect: true, strictFileInteractability: false, timeouts: {implicit: 0, pageLoad: 300000, script: 30000}, unhandledPromptBehavior: dismiss and notify, webauthn:virtualAuthenticators: true}
Session ID: a406b10e3773b30a52388cb48a753938
at java.base/jdk.internal.reflect.NativeConstructorAccessorImpl.newInstance0(Native Method)
at java.base/jdk.internal.reflect.NativeConstructorAccessorImpl.newInstance(NativeConstructorAccessorImpl.java:62)
at java.base/jdk.internal.reflect.DelegatingConstructorAccessorImpl.newInstance(DelegatingConstructorAccessorImpl.java:45)
at java.base/java.lang.reflect.Constructor.newInstanceWithCaller(Constructor.java:500)
at java.base/java.lang.reflect.Constructor.newInstance(Constructor.java:481)
at org.openqa.selenium.remote.http.W3CHttpResponseCodec.createException(W3CHttpResponseCodec.java:187)
at org.openqa.selenium.remote.http.W3CHttpResponseCodec.decode(W3CHttpResponseCodec.java:122)
at org.openqa.selenium.remote.http.W3CHttpResponseCodec.decode(W3CHttpResponseCodec.java:49)
at org.openqa.selenium.remote.HttpCommandExecutor.execute(HttpCommandExecutor.java:158)
at org.openqa.selenium.remote.service.DriverCommandExecutor.execute(DriverCommandExecutor.java:83)
at org.openqa.selenium.remote.RemoteWebDriver.execute(RemoteWebDriver.java:552)
at org.openqa.selenium.remote.RemoteWebElement.execute(RemoteWebElement.java:285)
at org.openqa.selenium.remote.RemoteWebElement.click(RemoteWebElement.java:84)
at com.flipkart.pages.MoblieSearchPage.selectMobile(MoblieSearchPage.java:168)
at com.flipkart.testcases.MobileSearchPageTest.compareMobileTest(MobileSearchPageTest.java:95)
at jdk.internal.reflect.GeneratedMethodAccessor44.invoke(Unknown Source)
at java.base/jdk.internal.reflect.DelegatingMethodAccessorImpl.invoke(DelegatingMethodAccessorImpl.java:43)
at java.base/java.lang.reflect.Method.invoke(Method.java:567)
at org.testng.internal.MethodInvocationHelper.invokeMethod(MethodInvocationHelper.java:133)
at org.testng.internal.TestInvoker.invokeMethod(TestInvoker.java:584)
at org.testng.internal.TestInvoker.invokeTestMethod(TestInvoker.java:172)
at org.testng.internal.MethodRunner.runInSequence(MethodRunner.java:46)
at org.testng.internal.TestInvoker$MethodInvocationAgent.invoke(TestInvoker.java:804)
at org.testng.internal.TestInvoker.invokeTestMethods(TestInvoker.java:145)
at org.testng.internal.TestMethodWorker.invokeTestMethods(TestMethodWorker.java:146)
at org.testng.internal.TestMethodWorker.run(TestMethodWorker.java:128)
at java.base/java.util.ArrayList.forEach(ArrayList.java:1507)
at org.testng.TestRunner.privateRun(TestRunner.java:770)
at org.testng.TestRunner.run(TestRunner.java:591)
at org.testng.SuiteRunner.runTest(SuiteRunner.java:402)
at org.testng.SuiteRunner.runSequentially(SuiteRunner.java:396)
at org.testng.SuiteRunner.privateRun(SuiteRunner.java:355)
at org.testng.SuiteRunner.run(SuiteRunner.java:304)
at org.testng.SuiteRunnerWorker.runSuite(SuiteRunnerWorker.java:53)
at org.testng.SuiteRunnerWorker.run(SuiteRunnerWorker.java:96)
at org.testng.TestNG.runSuitesSequentially(TestNG.java:1180)
at org.testng.TestNG.runSuitesLocally(TestNG.java:1102)
at org.testng.TestNG.runSuites(TestNG.java:1032)
at org.testng.TestNG.run(TestNG.java:1000)
at org.testng.remote.AbstractRemoteTestNG.run(AbstractRemoteTestNG.java:115)
at org.testng.remote.RemoteTestNG.initAndRun(RemoteTestNG.java:251)
at org.testng.remote.RemoteTestNG.main(RemoteTestNG.java:77)
]]>
            </full-stacktrace>
          </exception> <!-- org.openqa.selenium.StaleElementReferenceException -->
          <reporter-output>
          </reporter-output>
        </test-method> <!-- compareMobileTest -->
        <test-method is-config="true" signature="tearDown()[pri:0, instance:com.flipkart.testcases.MobileSearchPageTest@6edaa77a]" started-at="2020-06-22T21:43:20 IST" name="tearDown" finished-at="2020-06-22T21:43:21 IST" duration-ms="1001" status="PASS">
          <reporter-output>
          </reporter-output>
        </test-method> <!-- tearDown -->
        <test-method is-config="true" signature="setUp()[pri:0, instance:com.flipkart.testcases.MobileSearchPageTest@6edaa77a]" started-at="2020-06-22T21:43:21 IST" name="setUp" finished-at="2020-06-22T21:43:34 IST" duration-ms="13496" status="PASS">
          <reporter-output>
          </reporter-output>
        </test-method> <!-- setUp -->
        <test-method signature="compareMobileTest(java.lang.String, java.lang.String, java.lang.String, java.lang.String, java.lang.String, java.lang.String)[pri:0, instance:com.flipkart.testcases.MobileSearchPageTest@6edaa77a]" started-at="2020-06-22T21:43:34 IST" name="compareMobileTest" data-provider="getProjectData" finished-at="2020-06-22T21:43:38 IST" duration-ms="3806" status="FAIL">
          <params>
            <param index="0">
              <value>
                <![CDATA[Phones]]>
              </value>
            </param>
            <param index="1">
              <value>
                <![CDATA[4 GB]]>
              </value>
            </param>
            <param index="2">
              <value>
                <![CDATA[Samsung]]>
              </value>
            </param>
            <param index="3">
              <value>
                <![CDATA[Samsung Galaxy S9 (Midnight Black, 64 GB)]]>
              </value>
            </param>
            <param index="4">
              <value>
                <![CDATA[OPPO]]>
              </value>
            </param>
            <param index="5">
              <value>
                <![CDATA[OPPO F11 Pro (Thunder Black, 128 GB)]]>
              </value>
            </param>
          </params>
          <exception class="org.openqa.selenium.StaleElementReferenceException">
            <message>
              <![CDATA[stale element reference: element is not attached to the page document
  (Session info: chrome=83.0.4103.106)
For documentation on this error, please visit: https://www.seleniumhq.org/exceptions/stale_element_reference.html
Build info: version: '3.141.59', revision: 'e82be7d358', time: '2018-11-14T08:17:03'
System info: host: 'DESKTOP-K158F13', ip: '192.168.56.1', os.name: 'Windows 10', os.arch: 'amd64', os.version: '10.0', java.version: '13.0.1'
Driver info: org.openqa.selenium.chrome.ChromeDriver
Capabilities {acceptInsecureCerts: false, browserName: chrome, browserVersion: 83.0.4103.106, chrome: {chromedriverVersion: 83.0.4103.39 (ccbf011cb2d2b..., userDataDir: C:\Users\DELL\AppData\Local...}, goog:chromeOptions: {debuggerAddress: localhost:61386}, javascriptEnabled: true, networkConnectionEnabled: false, pageLoadStrategy: normal, platform: WINDOWS, platformName: WINDOWS, proxy: Proxy(), setWindowRect: true, strictFileInteractability: false, timeouts: {implicit: 0, pageLoad: 300000, script: 30000}, unhandledPromptBehavior: dismiss and notify, webauthn:virtualAuthenticators: true}
Session ID: aa9aa856f47a8dd1775fbb1cf793ba07]]>
            </message>
            <full-stacktrace>
              <![CDATA[org.openqa.selenium.StaleElementReferenceException: stale element reference: element is not attached to the page document
  (Session info: chrome=83.0.4103.106)
For documentation on this error, please visit: https://www.seleniumhq.org/exceptions/stale_element_reference.html
Build info: version: '3.141.59', revision: 'e82be7d358', time: '2018-11-14T08:17:03'
System info: host: 'DESKTOP-K158F13', ip: '192.168.56.1', os.name: 'Windows 10', os.arch: 'amd64', os.version: '10.0', java.version: '13.0.1'
Driver info: org.openqa.selenium.chrome.ChromeDriver
Capabilities {acceptInsecureCerts: false, browserName: chrome, browserVersion: 83.0.4103.106, chrome: {chromedriverVersion: 83.0.4103.39 (ccbf011cb2d2b..., userDataDir: C:\Users\DELL\AppData\Local...}, goog:chromeOptions: {debuggerAddress: localhost:61386}, javascriptEnabled: true, networkConnectionEnabled: false, pageLoadStrategy: normal, platform: WINDOWS, platformName: WINDOWS, proxy: Proxy(), setWindowRect: true, strictFileInteractability: false, timeouts: {implicit: 0, pageLoad: 300000, script: 30000}, unhandledPromptBehavior: dismiss and notify, webauthn:virtualAuthenticators: true}
Session ID: aa9aa856f47a8dd1775fbb1cf793ba07
at java.base/jdk.internal.reflect.NativeConstructorAccessorImpl.newInstance0(Native Method)
at java.base/jdk.internal.reflect.NativeConstructorAccessorImpl.newInstance(NativeConstructorAccessorImpl.java:62)
at java.base/jdk.internal.reflect.DelegatingConstructorAccessorImpl.newInstance(DelegatingConstructorAccessorImpl.java:45)
at java.base/java.lang.reflect.Constructor.newInstanceWithCaller(Constructor.java:500)
at java.base/java.lang.reflect.Constructor.newInstance(Constructor.java:481)
at org.openqa.selenium.remote.http.W3CHttpResponseCodec.createException(W3CHttpResponseCodec.java:187)
at org.openqa.selenium.remote.http.W3CHttpResponseCodec.decode(W3CHttpResponseCodec.java:122)
at org.openqa.selenium.remote.http.W3CHttpResponseCodec.decode(W3CHttpResponseCodec.java:49)
at org.openqa.selenium.remote.HttpCommandExecutor.execute(HttpCommandExecutor.java:158)
at org.openqa.selenium.remote.service.DriverCommandExecutor.execute(DriverCommandExecutor.java:83)
at org.openqa.selenium.remote.RemoteWebDriver.execute(RemoteWebDriver.java:552)
at org.openqa.selenium.remote.RemoteWebElement.execute(RemoteWebElement.java:285)
at org.openqa.selenium.remote.RemoteWebElement.getAttribute(RemoteWebElement.java:134)
at com.flipkart.pages.MoblieSearchPage.selectMobile(MoblieSearchPage.java:167)
at com.flipkart.testcases.MobileSearchPageTest.compareMobileTest(MobileSearchPageTest.java:95)
at jdk.internal.reflect.GeneratedMethodAccessor44.invoke(Unknown Source)
at java.base/jdk.internal.reflect.DelegatingMethodAccessorImpl.invoke(DelegatingMethodAccessorImpl.java:43)
at java.base/java.lang.reflect.Method.invoke(Method.java:567)
at org.testng.internal.MethodInvocationHelper.invokeMethod(MethodInvocationHelper.java:133)
at org.testng.internal.TestInvoker.invokeMethod(TestInvoker.java:584)
at org.testng.internal.TestInvoker.invokeTestMethod(TestInvoker.java:172)
at org.testng.internal.MethodRunner.runInSequence(MethodRunner.java:46)
at org.testng.internal.TestInvoker$MethodInvocationAgent.invoke(TestInvoker.java:804)
at org.testng.internal.TestInvoker.invokeTestMethods(TestInvoker.java:145)
at org.testng.internal.TestMethodWorker.invokeTestMethods(TestMethodWorker.java:146)
at org.testng.internal.TestMethodWorker.run(TestMethodWorker.java:128)
at java.base/java.util.ArrayList.forEach(ArrayList.java:1507)
at org.testng.TestRunner.privateRun(TestRunner.java:770)
at org.testng.TestRunner.run(TestRunner.java:591)
at org.testng.SuiteRunner.runTest(SuiteRunner.java:402)
at org.testng.SuiteRunner.runSequentially(SuiteRunner.java:396)
at org.testng.SuiteRunner.privateRun(SuiteRunner.java:355)
at org.testng.SuiteRunner.run(SuiteRunner.java:304)
at org.testng.SuiteRunnerWorker.runSuite(SuiteRunnerWorker.java:53)
at org.testng.SuiteRunnerWorker.run(SuiteRunnerWorker.java:96)
at org.testng.TestNG.runSuitesSequentially(TestNG.java:1180)
at org.testng.TestNG.runSuitesLocally(TestNG.java:1102)
at org.testng.TestNG.runSuites(TestNG.java:1032)
at org.testng.TestNG.run(TestNG.java:1000)
at org.testng.remote.AbstractRemoteTestNG.run(AbstractRemoteTestNG.java:115)
at org.testng.remote.RemoteTestNG.initAndRun(RemoteTestNG.java:251)
at org.testng.remote.RemoteTestNG.main(RemoteTestNG.java:77)
]]>
            </full-stacktrace>
          </exception> <!-- org.openqa.selenium.StaleElementReferenceException -->
          <reporter-output>
          </reporter-output>
        </test-method> <!-- compareMobileTest -->
        <test-method is-config="true" signature="tearDown()[pri:0, instance:com.flipkart.testcases.MobileSearchPageTest@6edaa77a]" started-at="2020-06-22T21:43:38 IST" name="tearDown" finished-at="2020-06-22T21:43:39 IST" duration-ms="1067" status="PASS">
          <reporter-output>
          </reporter-output>
        </test-method> <!-- tearDown -->
        <test-method is-config="true" signature="setUp()[pri:0, instance:com.flipkart.testcases.MobileSearchPageTest@6edaa77a]" started-at="2020-06-22T21:43:39 IST" name="setUp" finished-at="2020-06-22T21:43:52 IST" duration-ms="13151" status="PASS">
          <reporter-output>
          </reporter-output>
        </test-method> <!-- setUp -->
        <test-method signature="compareMobileTest(java.lang.String, java.lang.String, java.lang.String, java.lang.String, java.lang.String, java.lang.String)[pri:0, instance:com.flipkart.testcases.MobileSearchPageTest@6edaa77a]" started-at="2020-06-22T21:43:52 IST" name="compareMobileTest" data-provider="getProjectData" finished-at="2020-06-22T21:44:07 IST" duration-ms="14388" status="PASS">
          <params>
            <param index="0">
              <value>
                <![CDATA[Phones]]>
              </value>
            </param>
            <param index="1">
              <value>
                <![CDATA[4 GB]]>
              </value>
            </param>
            <param index="2">
              <value>
                <![CDATA[Infinix]]>
              </value>
            </param>
            <param index="3">
              <value>
                <![CDATA[Infinix Hot 9 Pro (Ocean Wave, 64 GB)]]>
              </value>
            </param>
            <param index="4">
              <value>
                <![CDATA[Nokia]]>
              </value>
            </param>
            <param index="5">
              <value>
                <![CDATA[Nokia 5.1 Plus (Blue, 64 GB)]]>
              </value>
            </param>
          </params>
          <reporter-output>
          </reporter-output>
        </test-method> <!-- compareMobileTest -->
        <test-method is-config="true" signature="tearDown()[pri:0, instance:com.flipkart.testcases.MobileSearchPageTest@6edaa77a]" started-at="2020-06-22T21:44:07 IST" name="tearDown" finished-at="2020-06-22T21:44:08 IST" duration-ms="1087" status="PASS">
          <reporter-output>
          </reporter-output>
        </test-method> <!-- tearDown -->
        <test-method is-config="true" signature="setUp()[pri:0, instance:com.flipkart.testcases.MobileSearchPageTest@6edaa77a]" started-at="2020-06-22T21:44:08 IST" name="setUp" finished-at="2020-06-22T21:44:21 IST" duration-ms="12994" status="PASS">
          <reporter-output>
          </reporter-output>
        </test-method> <!-- setUp -->
        <test-method signature="compareMobileTest(java.lang.String, java.lang.String, java.lang.String, java.lang.String, java.lang.String, java.lang.String)[pri:0, instance:com.flipkart.testcases.MobileSearchPageTest@6edaa77a]" started-at="2020-06-22T21:44:21 IST" name="compareMobileTest" data-provider="getProjectData" finished-at="2020-06-22T21:44:35 IST" duration-ms="13889" status="PASS">
          <params>
            <param index="0">
              <value>
                <![CDATA[Phones]]>
              </value>
            </param>
            <param index="1">
              <value>
                <![CDATA[4 GB]]>
              </value>
            </param>
            <param index="2">
              <value>
                <![CDATA[Infinix]]>
              </value>
            </param>
            <param index="3">
              <value>
                <![CDATA[Infinix S5 Lite (Midnight Black, 64 GB)]]>
              </value>
            </param>
            <param index="4">
              <value>
                <![CDATA[Nokia]]>
              </value>
            </param>
            <param index="5">
              <value>
                <![CDATA[Nokia 3310 DS]]>
              </value>
            </param>
          </params>
          <reporter-output>
          </reporter-output>
        </test-method> <!-- compareMobileTest -->
        <test-method is-config="true" signature="tearDown()[pri:0, instance:com.flipkart.testcases.MobileSearchPageTest@6edaa77a]" started-at="2020-06-22T21:44:35 IST" name="tearDown" finished-at="2020-06-22T21:44:36 IST" duration-ms="1519" status="PASS">
          <reporter-output>
          </reporter-output>
        </test-method> <!-- tearDown -->
        <test-method is-config="true" signature="setUp()[pri:0, instance:com.flipkart.testcases.MobileSearchPageTest@6edaa77a]" started-at="2020-06-22T21:44:36 IST" name="setUp" finished-at="2020-06-22T21:44:50 IST" duration-ms="13902" status="PASS">
          <reporter-output>
          </reporter-output>
        </test-method> <!-- setUp -->
        <test-method signature="compareMobileTest(java.lang.String, java.lang.String, java.lang.String, java.lang.String, java.lang.String, java.lang.String)[pri:0, instance:com.flipkart.testcases.MobileSearchPageTest@6edaa77a]" started-at="2020-06-22T21:44:50 IST" name="compareMobileTest" data-provider="getProjectData" finished-at="2020-06-22T21:45:15 IST" duration-ms="24504" status="FAIL">
          <params>
            <param index="0">
              <value>
                <![CDATA[Phones]]>
              </value>
            </param>
            <param index="1">
              <value>
                <![CDATA[4 GB]]>
              </value>
            </param>
            <param index="2">
              <value>
                <![CDATA[Vivo]]>
              </value>
            </param>
            <param index="3">
              <value>
                <![CDATA[Vivo Z1Pro (Sonic Blue, 64 GB)]]>
              </value>
            </param>
            <param index="4">
              <value>
                <![CDATA[Redmi]]>
              </value>
            </param>
            <param index="5">
              <value>
                <![CDATA[Redmi Note 8 Pro (Halo White, 64 GB)]]>
              </value>
            </param>
          </params>
          <exception class="org.openqa.selenium.StaleElementReferenceException">
            <message>
              <![CDATA[stale element reference: element is not attached to the page document
  (Session info: chrome=83.0.4103.106)
For documentation on this error, please visit: https://www.seleniumhq.org/exceptions/stale_element_reference.html
Build info: version: '3.141.59', revision: 'e82be7d358', time: '2018-11-14T08:17:03'
System info: host: 'DESKTOP-K158F13', ip: '192.168.56.1', os.name: 'Windows 10', os.arch: 'amd64', os.version: '10.0', java.version: '13.0.1'
Driver info: org.openqa.selenium.chrome.ChromeDriver
Capabilities {acceptInsecureCerts: false, browserName: chrome, browserVersion: 83.0.4103.106, chrome: {chromedriverVersion: 83.0.4103.39 (ccbf011cb2d2b..., userDataDir: C:\Users\DELL\AppData\Local...}, goog:chromeOptions: {debuggerAddress: localhost:61614}, javascriptEnabled: true, networkConnectionEnabled: false, pageLoadStrategy: normal, platform: WINDOWS, platformName: WINDOWS, proxy: Proxy(), setWindowRect: true, strictFileInteractability: false, timeouts: {implicit: 0, pageLoad: 300000, script: 30000}, unhandledPromptBehavior: dismiss and notify, webauthn:virtualAuthenticators: true}
Session ID: ccc62416a4eef1b4a1d3528c094a5463]]>
            </message>
            <full-stacktrace>
              <![CDATA[org.openqa.selenium.StaleElementReferenceException: stale element reference: element is not attached to the page document
  (Session info: chrome=83.0.4103.106)
For documentation on this error, please visit: https://www.seleniumhq.org/exceptions/stale_element_reference.html
Build info: version: '3.141.59', revision: 'e82be7d358', time: '2018-11-14T08:17:03'
System info: host: 'DESKTOP-K158F13', ip: '192.168.56.1', os.name: 'Windows 10', os.arch: 'amd64', os.version: '10.0', java.version: '13.0.1'
Driver info: org.openqa.selenium.chrome.ChromeDriver
Capabilities {acceptInsecureCerts: false, browserName: chrome, browserVersion: 83.0.4103.106, chrome: {chromedriverVersion: 83.0.4103.39 (ccbf011cb2d2b..., userDataDir: C:\Users\DELL\AppData\Local...}, goog:chromeOptions: {debuggerAddress: localhost:61614}, javascriptEnabled: true, networkConnectionEnabled: false, pageLoadStrategy: normal, platform: WINDOWS, platformName: WINDOWS, proxy: Proxy(), setWindowRect: true, strictFileInteractability: false, timeouts: {implicit: 0, pageLoad: 300000, script: 30000}, unhandledPromptBehavior: dismiss and notify, webauthn:virtualAuthenticators: true}
Session ID: ccc62416a4eef1b4a1d3528c094a5463
at java.base/jdk.internal.reflect.NativeConstructorAccessorImpl.newInstance0(Native Method)
at java.base/jdk.internal.reflect.NativeConstructorAccessorImpl.newInstance(NativeConstructorAccessorImpl.java:62)
at java.base/jdk.internal.reflect.DelegatingConstructorAccessorImpl.newInstance(DelegatingConstructorAccessorImpl.java:45)
at java.base/java.lang.reflect.Constructor.newInstanceWithCaller(Constructor.java:500)
at java.base/java.lang.reflect.Constructor.newInstance(Constructor.java:481)
at org.openqa.selenium.remote.http.W3CHttpResponseCodec.createException(W3CHttpResponseCodec.java:187)
at org.openqa.selenium.remote.http.W3CHttpResponseCodec.decode(W3CHttpResponseCodec.java:122)
at org.openqa.selenium.remote.http.W3CHttpResponseCodec.decode(W3CHttpResponseCodec.java:49)
at org.openqa.selenium.remote.HttpCommandExecutor.execute(HttpCommandExecutor.java:158)
at org.openqa.selenium.remote.service.DriverCommandExecutor.execute(DriverCommandExecutor.java:83)
at org.openqa.selenium.remote.RemoteWebDriver.execute(RemoteWebDriver.java:552)
at org.openqa.selenium.remote.RemoteWebElement.execute(RemoteWebElement.java:285)
at org.openqa.selenium.remote.RemoteWebElement.click(RemoteWebElement.java:84)
at com.flipkart.pages.MoblieSearchPage.selectMobile(MoblieSearchPage.java:168)
at com.flipkart.testcases.MobileSearchPageTest.compareMobileTest(MobileSearchPageTest.java:95)
at jdk.internal.reflect.GeneratedMethodAccessor44.invoke(Unknown Source)
at java.base/jdk.internal.reflect.DelegatingMethodAccessorImpl.invoke(DelegatingMethodAccessorImpl.java:43)
at java.base/java.lang.reflect.Method.invoke(Method.java:567)
at org.testng.internal.MethodInvocationHelper.invokeMethod(MethodInvocationHelper.java:133)
at org.testng.internal.TestInvoker.invokeMethod(TestInvoker.java:584)
at org.testng.internal.TestInvoker.invokeTestMethod(TestInvoker.java:172)
at org.testng.internal.MethodRunner.runInSequence(MethodRunner.java:46)
at org.testng.internal.TestInvoker$MethodInvocationAgent.invoke(TestInvoker.java:804)
at org.testng.internal.TestInvoker.invokeTestMethods(TestInvoker.java:145)
at org.testng.internal.TestMethodWorker.invokeTestMethods(TestMethodWorker.java:146)
at org.testng.internal.TestMethodWorker.run(TestMethodWorker.java:128)
at java.base/java.util.ArrayList.forEach(ArrayList.java:1507)
at org.testng.TestRunner.privateRun(TestRunner.java:770)
at org.testng.TestRunner.run(TestRunner.java:591)
at org.testng.SuiteRunner.runTest(SuiteRunner.java:402)
at org.testng.SuiteRunner.runSequentially(SuiteRunner.java:396)
at org.testng.SuiteRunner.privateRun(SuiteRunner.java:355)
at org.testng.SuiteRunner.run(SuiteRunner.java:304)
at org.testng.SuiteRunnerWorker.runSuite(SuiteRunnerWorker.java:53)
at org.testng.SuiteRunnerWorker.run(SuiteRunnerWorker.java:96)
at org.testng.TestNG.runSuitesSequentially(TestNG.java:1180)
at org.testng.TestNG.runSuitesLocally(TestNG.java:1102)
at org.testng.TestNG.runSuites(TestNG.java:1032)
at org.testng.TestNG.run(TestNG.java:1000)
at org.testng.remote.AbstractRemoteTestNG.run(AbstractRemoteTestNG.java:115)
at org.testng.remote.RemoteTestNG.initAndRun(RemoteTestNG.java:251)
at org.testng.remote.RemoteTestNG.main(RemoteTestNG.java:77)
]]>
            </full-stacktrace>
          </exception> <!-- org.openqa.selenium.StaleElementReferenceException -->
          <reporter-output>
          </reporter-output>
        </test-method> <!-- compareMobileTest -->
        <test-method is-config="true" signature="tearDown()[pri:0, instance:com.flipkart.testcases.MobileSearchPageTest@6edaa77a]" started-at="2020-06-22T21:45:15 IST" name="tearDown" finished-at="2020-06-22T21:45:16 IST" duration-ms="929" status="PASS">
          <reporter-output>
          </reporter-output>
        </test-method> <!-- tearDown -->
        <test-method is-config="true" signature="setUp()[pri:0, instance:com.flipkart.testcases.MobileSearchPageTest@6edaa77a]" started-at="2020-06-22T21:45:16 IST" name="setUp" finished-at="2020-06-22T21:45:28 IST" duration-ms="12517" status="PASS">
          <reporter-output>
          </reporter-output>
        </test-method> <!-- setUp -->
        <test-method signature="compareMobileTest(java.lang.String, java.lang.String, java.lang.String, java.lang.String, java.lang.String, java.lang.String)[pri:0, instance:com.flipkart.testcases.MobileSearchPageTest@6edaa77a]" started-at="2020-06-22T21:45:28 IST" name="compareMobileTest" data-provider="getProjectData" finished-at="2020-06-22T21:46:03 IST" duration-ms="34519" status="PASS">
          <params>
            <param index="0">
              <value>
                <![CDATA[Phones]]>
              </value>
            </param>
            <param index="1">
              <value>
                <![CDATA[4 GB]]>
              </value>
            </param>
            <param index="2">
              <value>
                <![CDATA[Vivo]]>
              </value>
            </param>
            <param index="3">
              <value>
                <![CDATA[Vivo V5 Plus (Gold, 64 GB)]]>
              </value>
            </param>
            <param index="4">
              <value>
                <![CDATA[Redmi]]>
              </value>
            </param>
            <param index="5">
              <value>
                <![CDATA[Redmi Note 8 Pro (Gamma Green, 128 GB)]]>
              </value>
            </param>
          </params>
          <reporter-output>
          </reporter-output>
        </test-method> <!-- compareMobileTest -->
        <test-method is-config="true" signature="tearDown()[pri:0, instance:com.flipkart.testcases.MobileSearchPageTest@6edaa77a]" started-at="2020-06-22T21:46:03 IST" name="tearDown" finished-at="2020-06-22T21:46:04 IST" duration-ms="1524" status="PASS">
          <reporter-output>
          </reporter-output>
        </test-method> <!-- tearDown -->
        <test-method is-config="true" signature="setUp()[pri:0, instance:com.flipkart.testcases.MobileSearchPageTest@6edaa77a]" started-at="2020-06-22T21:46:04 IST" name="setUp" finished-at="2020-06-22T21:46:17 IST" duration-ms="12884" status="PASS">
          <reporter-output>
          </reporter-output>
        </test-method> <!-- setUp -->
        <test-method signature="compareMobileTest(java.lang.String, java.lang.String, java.lang.String, java.lang.String, java.lang.String, java.lang.String)[pri:0, instance:com.flipkart.testcases.MobileSearchPageTest@6edaa77a]" started-at="2020-06-22T21:46:17 IST" name="compareMobileTest" data-provider="getProjectData" finished-at="2020-06-22T21:46:30 IST" duration-ms="12955" status="PASS">
          <params>
            <param index="0">
              <value>
                <![CDATA[Phones]]>
              </value>
            </param>
            <param index="1">
              <value>
                <![CDATA[6 GB]]>
              </value>
            </param>
            <param index="2">
              <value>
                <![CDATA[Motorola]]>
              </value>
            </param>
            <param index="3">
              <value>
                <![CDATA[Motorola Edge+ (Smoky Sangria, 256 GB)]]>
              </value>
            </param>
            <param index="4">
              <value>
                <![CDATA[Honor]]>
              </value>
            </param>
            <param index="5">
              <value>
                <![CDATA[Honor 20 (Midnight Black, 128 GB)]]>
              </value>
            </param>
          </params>
          <reporter-output>
          </reporter-output>
        </test-method> <!-- compareMobileTest -->
        <test-method is-config="true" signature="tearDown()[pri:0, instance:com.flipkart.testcases.MobileSearchPageTest@6edaa77a]" started-at="2020-06-22T21:46:30 IST" name="tearDown" finished-at="2020-06-22T21:46:31 IST" duration-ms="1090" status="PASS">
          <reporter-output>
          </reporter-output>
        </test-method> <!-- tearDown -->
        <test-method is-config="true" signature="setUp()[pri:0, instance:com.flipkart.testcases.MobileSearchPageTest@6edaa77a]" started-at="2020-06-22T21:46:31 IST" name="setUp" finished-at="2020-06-22T21:46:44 IST" duration-ms="12482" status="PASS">
          <reporter-output>
          </reporter-output>
        </test-method> <!-- setUp -->
        <test-method signature="compareMobileTest(java.lang.String, java.lang.String, java.lang.String, java.lang.String, java.lang.String, java.lang.String)[pri:0, instance:com.flipkart.testcases.MobileSearchPageTest@6edaa77a]" started-at="2020-06-22T21:46:44 IST" name="compareMobileTest" data-provider="getProjectData" finished-at="2020-06-22T21:46:57 IST" duration-ms="13000" status="PASS">
          <params>
            <param index="0">
              <value>
                <![CDATA[Phones]]>
              </value>
            </param>
            <param index="1">
              <value>
                <![CDATA[6 GB]]>
              </value>
            </param>
            <param index="2">
              <value>
                <![CDATA[Motorola]]>
              </value>
            </param>
            <param index="3">
              <value>
                <![CDATA[Motorola Razr (Black, 128 GB)]]>
              </value>
            </param>
            <param index="4">
              <value>
                <![CDATA[Honor]]>
              </value>
            </param>
            <param index="5">
              <value>
                <![CDATA[Honor 9N (Midnight Black, 128 GB)]]>
              </value>
            </param>
          </params>
          <reporter-output>
          </reporter-output>
        </test-method> <!-- compareMobileTest -->
        <test-method is-config="true" signature="tearDown()[pri:0, instance:com.flipkart.testcases.MobileSearchPageTest@6edaa77a]" started-at="2020-06-22T21:46:57 IST" name="tearDown" finished-at="2020-06-22T21:46:58 IST" duration-ms="1144" status="PASS">
          <reporter-output>
          </reporter-output>
        </test-method> <!-- tearDown -->
        <test-method is-config="true" signature="setUp()[pri:0, instance:com.flipkart.testcases.MobileSearchPageTest@6edaa77a]" started-at="2020-06-22T21:46:58 IST" name="setUp" finished-at="2020-06-22T21:47:11 IST" duration-ms="12558" status="PASS">
          <reporter-output>
          </reporter-output>
        </test-method> <!-- setUp -->
        <test-method signature="compareMobileTest(java.lang.String, java.lang.String, java.lang.String, java.lang.String, java.lang.String, java.lang.String)[pri:0, instance:com.flipkart.testcases.MobileSearchPageTest@6edaa77a]" started-at="2020-06-22T21:47:11 IST" name="compareMobileTest" data-provider="getProjectData" finished-at="2020-06-22T21:48:04 IST" duration-ms="53306" status="FAIL">
          <params>
            <param index="0">
              <value>
                <![CDATA[Phones]]>
              </value>
            </param>
            <param index="1">
              <value>
                <![CDATA[6 GB]]>
              </value>
            </param>
            <param index="2">
              <value>
                <![CDATA[Samsung]]>
              </value>
            </param>
            <param index="3">
              <value>
                <![CDATA[Samsung Galaxy A51 (Prism Crush Black, 128 GB)]]>
              </value>
            </param>
            <param index="4">
              <value>
                <![CDATA[Realme]]>
              </value>
            </param>
            <param index="5">
              <value>
                <![CDATA[Realme X (Polar White, 128 GB)]]>
              </value>
            </param>
          </params>
          <exception class="org.openqa.selenium.TimeoutException">
            <message>
              <![CDATA[Expected condition failed: waiting for visibility of element located by By.xpath: //*[@id='container']/div/div/following::div[@title='Realme X (Polar White, 128 GB)'] (tried for 30 second(s) with 500 milliseconds interval)]]>
            </message>
            <full-stacktrace>
              <![CDATA[org.openqa.selenium.TimeoutException: Expected condition failed: waiting for visibility of element located by By.xpath: //*[@id='container']/div/div/following::div[@title='Realme X (Polar White, 128 GB)'] (tried for 30 second(s) with 500 milliseconds interval)
at org.openqa.selenium.support.ui.WebDriverWait.timeoutException(WebDriverWait.java:95)
at org.openqa.selenium.support.ui.FluentWait.until(FluentWait.java:272)
at com.flipkart.pages.MoblieSearchPage.compareMobile(MoblieSearchPage.java:199)
at com.flipkart.testcases.MobileSearchPageTest.compareMobileTest(MobileSearchPageTest.java:99)
at jdk.internal.reflect.GeneratedMethodAccessor44.invoke(Unknown Source)
at java.base/jdk.internal.reflect.DelegatingMethodAccessorImpl.invoke(DelegatingMethodAccessorImpl.java:43)
at java.base/java.lang.reflect.Method.invoke(Method.java:567)
at org.testng.internal.MethodInvocationHelper.invokeMethod(MethodInvocationHelper.java:133)
at org.testng.internal.TestInvoker.invokeMethod(TestInvoker.java:584)
at org.testng.internal.TestInvoker.invokeTestMethod(TestInvoker.java:172)
at org.testng.internal.MethodRunner.runInSequence(MethodRunner.java:46)
at org.testng.internal.TestInvoker$MethodInvocationAgent.invoke(TestInvoker.java:804)
at org.testng.internal.TestInvoker.invokeTestMethods(TestInvoker.java:145)
at org.testng.internal.TestMethodWorker.invokeTestMethods(TestMethodWorker.java:146)
at org.testng.internal.TestMethodWorker.run(TestMethodWorker.java:128)
at java.base/java.util.ArrayList.forEach(ArrayList.java:1507)
at org.testng.TestRunner.privateRun(TestRunner.java:770)
at org.testng.TestRunner.run(TestRunner.java:591)
at org.testng.SuiteRunner.runTest(SuiteRunner.java:402)
at org.testng.SuiteRunner.runSequentially(SuiteRunner.java:396)
at org.testng.SuiteRunner.privateRun(SuiteRunner.java:355)
at org.testng.SuiteRunner.run(SuiteRunner.java:304)
at org.testng.SuiteRunnerWorker.runSuite(SuiteRunnerWorker.java:53)
at org.testng.SuiteRunnerWorker.run(SuiteRunnerWorker.java:96)
at org.testng.TestNG.runSuitesSequentially(TestNG.java:1180)
at org.testng.TestNG.runSuitesLocally(TestNG.java:1102)
at org.testng.TestNG.runSuites(TestNG.java:1032)
at org.testng.TestNG.run(TestNG.java:1000)
at org.testng.remote.AbstractRemoteTestNG.run(AbstractRemoteTestNG.java:115)
at org.testng.remote.RemoteTestNG.initAndRun(RemoteTestNG.java:251)
at org.testng.remote.RemoteTestNG.main(RemoteTestNG.java:77)
Caused by: org.openqa.selenium.NoSuchElementException: no such element: Unable to locate element: {"method":"xpath","selector":"//*[@id='container']/div/div/following::div[@title='Realme X (Polar White, 128 GB)']"}
  (Session info: chrome=83.0.4103.106)
For documentation on this error, please visit: https://www.seleniumhq.org/exceptions/no_such_element.html
Build info: version: '3.141.59', revision: 'e82be7d358', time: '2018-11-14T08:17:03'
System info: host: 'DESKTOP-K158F13', ip: '192.168.56.1', os.name: 'Windows 10', os.arch: 'amd64', os.version: '10.0', java.version: '13.0.1'
Driver info: org.openqa.selenium.chrome.ChromeDriver
Capabilities {acceptInsecureCerts: false, browserName: chrome, browserVersion: 83.0.4103.106, chrome: {chromedriverVersion: 83.0.4103.39 (ccbf011cb2d2b..., userDataDir: C:\Users\DELL\AppData\Local...}, goog:chromeOptions: {debuggerAddress: localhost:61959}, javascriptEnabled: true, networkConnectionEnabled: false, pageLoadStrategy: normal, platform: WINDOWS, platformName: WINDOWS, proxy: Proxy(), setWindowRect: true, strictFileInteractability: false, timeouts: {implicit: 0, pageLoad: 300000, script: 30000}, unhandledPromptBehavior: dismiss and notify, webauthn:virtualAuthenticators: true}
Session ID: 10087c968294f56ad951c7c0d7e4d3e2
*** Element info: {Using=xpath, value=//*[@id='container']/div/div/following::div[@title='Realme X (Polar White, 128 GB)']}
at jdk.internal.reflect.GeneratedConstructorAccessor30.newInstance(Unknown Source)
at java.base/jdk.internal.reflect.DelegatingConstructorAccessorImpl.newInstance(DelegatingConstructorAccessorImpl.java:45)
at java.base/java.lang.reflect.Constructor.newInstanceWithCaller(Constructor.java:500)
at java.base/java.lang.reflect.Constructor.newInstance(Constructor.java:481)
at org.openqa.selenium.remote.http.W3CHttpResponseCodec.createException(W3CHttpResponseCodec.java:187)
at org.openqa.selenium.remote.http.W3CHttpResponseCodec.decode(W3CHttpResponseCodec.java:122)
at org.openqa.selenium.remote.http.W3CHttpResponseCodec.decode(W3CHttpResponseCodec.java:49)
at org.openqa.selenium.remote.HttpCommandExecutor.execute(HttpCommandExecutor.java:158)
at org.openqa.selenium.remote.service.DriverCommandExecutor.execute(DriverCommandExecutor.java:83)
at org.openqa.selenium.remote.RemoteWebDriver.execute(RemoteWebDriver.java:552)
at org.openqa.selenium.remote.RemoteWebDriver.findElement(RemoteWebDriver.java:323)
at org.openqa.selenium.remote.RemoteWebDriver.findElementByXPath(RemoteWebDriver.java:428)
at org.openqa.selenium.By$ByXPath.findElement(By.java:353)
at org.openqa.selenium.remote.RemoteWebDriver.findElement(RemoteWebDriver.java:315)
at org.openqa.selenium.support.ui.ExpectedConditions$7.apply(ExpectedConditions.java:205)
at org.openqa.selenium.support.ui.ExpectedConditions$7.apply(ExpectedConditions.java:201)
at org.openqa.selenium.support.ui.FluentWait.until(FluentWait.java:249)
... 29 more
]]>
            </full-stacktrace>
          </exception> <!-- org.openqa.selenium.TimeoutException -->
          <reporter-output>
          </reporter-output>
        </test-method> <!-- compareMobileTest -->
        <test-method is-config="true" signature="tearDown()[pri:0, instance:com.flipkart.testcases.MobileSearchPageTest@6edaa77a]" started-at="2020-06-22T21:48:04 IST" name="tearDown" finished-at="2020-06-22T21:48:05 IST" duration-ms="1032" status="PASS">
          <reporter-output>
          </reporter-output>
        </test-method> <!-- tearDown -->
        <test-method is-config="true" signature="setUp()[pri:0, instance:com.flipkart.testcases.MobileSearchPageTest@6edaa77a]" started-at="2020-06-22T21:48:05 IST" name="setUp" finished-at="2020-06-22T21:48:17 IST" duration-ms="12248" status="PASS">
          <reporter-output>
          </reporter-output>
        </test-method> <!-- setUp -->
        <test-method signature="compareMobileTest(java.lang.String, java.lang.String, java.lang.String, java.lang.String, java.lang.String, java.lang.String)[pri:0, instance:com.flipkart.testcases.MobileSearchPageTest@6edaa77a]" started-at="2020-06-22T21:48:17 IST" name="compareMobileTest" data-provider="getProjectData" finished-at="2020-06-22T21:49:10 IST" duration-ms="53139" status="FAIL">
          <params>
            <param index="0">
              <value>
                <![CDATA[Phones]]>
              </value>
            </param>
            <param index="1">
              <value>
                <![CDATA[6 GB]]>
              </value>
            </param>
            <param index="2">
              <value>
                <![CDATA[Samsung]]>
              </value>
            </param>
            <param index="3">
              <value>
                <![CDATA[Samsung Galaxy A71 (Prism Crush Black, 128 GB)]]>
              </value>
            </param>
            <param index="4">
              <value>
                <![CDATA[Realme]]>
              </value>
            </param>
            <param index="5">
              <value>
                <![CDATA[Realme X (Space Blue, 128 GB)]]>
              </value>
            </param>
          </params>
          <exception class="org.openqa.selenium.TimeoutException">
            <message>
              <![CDATA[Expected condition failed: waiting for visibility of element located by By.xpath: //*[@id='container']/div/div/following::div[@title='Realme X (Space Blue, 128 GB)'] (tried for 30 second(s) with 500 milliseconds interval)]]>
            </message>
            <full-stacktrace>
              <![CDATA[org.openqa.selenium.TimeoutException: Expected condition failed: waiting for visibility of element located by By.xpath: //*[@id='container']/div/div/following::div[@title='Realme X (Space Blue, 128 GB)'] (tried for 30 second(s) with 500 milliseconds interval)
at org.openqa.selenium.support.ui.WebDriverWait.timeoutException(WebDriverWait.java:95)
at org.openqa.selenium.support.ui.FluentWait.until(FluentWait.java:272)
at com.flipkart.pages.MoblieSearchPage.compareMobile(MoblieSearchPage.java:199)
at com.flipkart.testcases.MobileSearchPageTest.compareMobileTest(MobileSearchPageTest.java:99)
at jdk.internal.reflect.GeneratedMethodAccessor44.invoke(Unknown Source)
at java.base/jdk.internal.reflect.DelegatingMethodAccessorImpl.invoke(DelegatingMethodAccessorImpl.java:43)
at java.base/java.lang.reflect.Method.invoke(Method.java:567)
at org.testng.internal.MethodInvocationHelper.invokeMethod(MethodInvocationHelper.java:133)
at org.testng.internal.TestInvoker.invokeMethod(TestInvoker.java:584)
at org.testng.internal.TestInvoker.invokeTestMethod(TestInvoker.java:172)
at org.testng.internal.MethodRunner.runInSequence(MethodRunner.java:46)
at org.testng.internal.TestInvoker$MethodInvocationAgent.invoke(TestInvoker.java:804)
at org.testng.internal.TestInvoker.invokeTestMethods(TestInvoker.java:145)
at org.testng.internal.TestMethodWorker.invokeTestMethods(TestMethodWorker.java:146)
at org.testng.internal.TestMethodWorker.run(TestMethodWorker.java:128)
at java.base/java.util.ArrayList.forEach(ArrayList.java:1507)
at org.testng.TestRunner.privateRun(TestRunner.java:770)
at org.testng.TestRunner.run(TestRunner.java:591)
at org.testng.SuiteRunner.runTest(SuiteRunner.java:402)
at org.testng.SuiteRunner.runSequentially(SuiteRunner.java:396)
at org.testng.SuiteRunner.privateRun(SuiteRunner.java:355)
at org.testng.SuiteRunner.run(SuiteRunner.java:304)
at org.testng.SuiteRunnerWorker.runSuite(SuiteRunnerWorker.java:53)
at org.testng.SuiteRunnerWorker.run(SuiteRunnerWorker.java:96)
at org.testng.TestNG.runSuitesSequentially(TestNG.java:1180)
at org.testng.TestNG.runSuitesLocally(TestNG.java:1102)
at org.testng.TestNG.runSuites(TestNG.java:1032)
at org.testng.TestNG.run(TestNG.java:1000)
at org.testng.remote.AbstractRemoteTestNG.run(AbstractRemoteTestNG.java:115)
at org.testng.remote.RemoteTestNG.initAndRun(RemoteTestNG.java:251)
at org.testng.remote.RemoteTestNG.main(RemoteTestNG.java:77)
Caused by: org.openqa.selenium.NoSuchElementException: no such element: Unable to locate element: {"method":"xpath","selector":"//*[@id='container']/div/div/following::div[@title='Realme X (Space Blue, 128 GB)']"}
  (Session info: chrome=83.0.4103.106)
For documentation on this error, please visit: https://www.seleniumhq.org/exceptions/no_such_element.html
Build info: version: '3.141.59', revision: 'e82be7d358', time: '2018-11-14T08:17:03'
System info: host: 'DESKTOP-K158F13', ip: '192.168.56.1', os.name: 'Windows 10', os.arch: 'amd64', os.version: '10.0', java.version: '13.0.1'
Driver info: org.openqa.selenium.chrome.ChromeDriver
Capabilities {acceptInsecureCerts: false, browserName: chrome, browserVersion: 83.0.4103.106, chrome: {chromedriverVersion: 83.0.4103.39 (ccbf011cb2d2b..., userDataDir: C:\Users\DELL\AppData\Local...}, goog:chromeOptions: {debuggerAddress: localhost:62082}, javascriptEnabled: true, networkConnectionEnabled: false, pageLoadStrategy: normal, platform: WINDOWS, platformName: WINDOWS, proxy: Proxy(), setWindowRect: true, strictFileInteractability: false, timeouts: {implicit: 0, pageLoad: 300000, script: 30000}, unhandledPromptBehavior: dismiss and notify, webauthn:virtualAuthenticators: true}
Session ID: 8a83db42d1d089af828a03fb64ed603b
*** Element info: {Using=xpath, value=//*[@id='container']/div/div/following::div[@title='Realme X (Space Blue, 128 GB)']}
at jdk.internal.reflect.GeneratedConstructorAccessor30.newInstance(Unknown Source)
at java.base/jdk.internal.reflect.DelegatingConstructorAccessorImpl.newInstance(DelegatingConstructorAccessorImpl.java:45)
at java.base/java.lang.reflect.Constructor.newInstanceWithCaller(Constructor.java:500)
at java.base/java.lang.reflect.Constructor.newInstance(Constructor.java:481)
at org.openqa.selenium.remote.http.W3CHttpResponseCodec.createException(W3CHttpResponseCodec.java:187)
at org.openqa.selenium.remote.http.W3CHttpResponseCodec.decode(W3CHttpResponseCodec.java:122)
at org.openqa.selenium.remote.http.W3CHttpResponseCodec.decode(W3CHttpResponseCodec.java:49)
at org.openqa.selenium.remote.HttpCommandExecutor.execute(HttpCommandExecutor.java:158)
at org.openqa.selenium.remote.service.DriverCommandExecutor.execute(DriverCommandExecutor.java:83)
at org.openqa.selenium.remote.RemoteWebDriver.execute(RemoteWebDriver.java:552)
at org.openqa.selenium.remote.RemoteWebDriver.findElement(RemoteWebDriver.java:323)
at org.openqa.selenium.remote.RemoteWebDriver.findElementByXPath(RemoteWebDriver.java:428)
at org.openqa.selenium.By$ByXPath.findElement(By.java:353)
at org.openqa.selenium.remote.RemoteWebDriver.findElement(RemoteWebDriver.java:315)
at org.openqa.selenium.support.ui.ExpectedConditions$7.apply(ExpectedConditions.java:205)
at org.openqa.selenium.support.ui.ExpectedConditions$7.apply(ExpectedConditions.java:201)
at org.openqa.selenium.support.ui.FluentWait.until(FluentWait.java:249)
... 29 more
]]>
            </full-stacktrace>
          </exception> <!-- org.openqa.selenium.TimeoutException -->
          <reporter-output>
          </reporter-output>
        </test-method> <!-- compareMobileTest -->
        <test-method is-config="true" signature="tearDown()[pri:0, instance:com.flipkart.testcases.MobileSearchPageTest@6edaa77a]" started-at="2020-06-22T21:49:10 IST" name="tearDown" finished-at="2020-06-22T21:49:11 IST" duration-ms="1081" status="PASS">
          <reporter-output>
          </reporter-output>
        </test-method> <!-- tearDown -->
        <test-method is-config="true" signature="setUp()[pri:0, instance:com.flipkart.testcases.MobileSearchPageTest@6edaa77a]" started-at="2020-06-22T21:49:11 IST" name="setUp" finished-at="2020-06-22T21:49:25 IST" duration-ms="13570" status="PASS">
          <reporter-output>
          </reporter-output>
        </test-method> <!-- setUp -->
        <test-method signature="compareMobileTest(java.lang.String, java.lang.String, java.lang.String, java.lang.String, java.lang.String, java.lang.String)[pri:0, instance:com.flipkart.testcases.MobileSearchPageTest@6edaa77a]" started-at="2020-06-22T21:49:25 IST" name="compareMobileTest" data-provider="getProjectData" finished-at="2020-06-22T21:49:39 IST" duration-ms="14540" status="PASS">
          <params>
            <param index="0">
              <value>
                <![CDATA[Phones]]>
              </value>
            </param>
            <param index="1">
              <value>
                <![CDATA[6 GB]]>
              </value>
            </param>
            <param index="2">
              <value>
                <![CDATA[Samsung]]>
              </value>
            </param>
            <param index="3">
              <value>
                <![CDATA[Samsung Galaxy S10 Lite (Prism Black, 128 GB)]]>
              </value>
            </param>
            <param index="4">
              <value>
                <![CDATA[Realme]]>
              </value>
            </param>
            <param index="5">
              <value>
                <![CDATA[Realme 5 Pro (Sparkling Blue, 128 GB)]]>
              </value>
            </param>
          </params>
          <reporter-output>
          </reporter-output>
        </test-method> <!-- compareMobileTest -->
        <test-method is-config="true" signature="tearDown()[pri:0, instance:com.flipkart.testcases.MobileSearchPageTest@6edaa77a]" started-at="2020-06-22T21:49:40 IST" name="tearDown" finished-at="2020-06-22T21:49:41 IST" duration-ms="1117" status="PASS">
          <reporter-output>
          </reporter-output>
        </test-method> <!-- tearDown -->
        <test-method is-config="true" signature="setUp()[pri:0, instance:com.flipkart.testcases.MobileSearchPageTest@6edaa77a]" started-at="2020-06-22T21:49:41 IST" name="setUp" finished-at="2020-06-22T21:49:54 IST" duration-ms="13218" status="PASS">
          <reporter-output>
          </reporter-output>
        </test-method> <!-- setUp -->
        <test-method signature="compareMobileTest(java.lang.String, java.lang.String, java.lang.String, java.lang.String, java.lang.String, java.lang.String)[pri:0, instance:com.flipkart.testcases.MobileSearchPageTest@6edaa77a]" started-at="2020-06-22T21:49:54 IST" name="compareMobileTest" data-provider="getProjectData" finished-at="2020-06-22T21:50:08 IST" duration-ms="13856" status="PASS">
          <params>
            <param index="0">
              <value>
                <![CDATA[Phones]]>
              </value>
            </param>
            <param index="1">
              <value>
                <![CDATA[6 GB]]>
              </value>
            </param>
            <param index="2">
              <value>
                <![CDATA[Samsung]]>
              </value>
            </param>
            <param index="3">
              <value>
                <![CDATA[Samsung Galaxy S10 Lite (Prism White, 128 GB)]]>
              </value>
            </param>
            <param index="4">
              <value>
                <![CDATA[Realme]]>
              </value>
            </param>
            <param index="5">
              <value>
                <![CDATA[Realme 5 Pro (Sparkling Blue, 64 GB)]]>
              </value>
            </param>
          </params>
          <reporter-output>
          </reporter-output>
        </test-method> <!-- compareMobileTest -->
        <test-method is-config="true" signature="tearDown()[pri:0, instance:com.flipkart.testcases.MobileSearchPageTest@6edaa77a]" started-at="2020-06-22T21:50:08 IST" name="tearDown" finished-at="2020-06-22T21:50:09 IST" duration-ms="1233" status="PASS">
          <reporter-output>
          </reporter-output>
        </test-method> <!-- tearDown -->
        <test-method is-config="true" signature="setUp()[pri:0, instance:com.flipkart.testcases.MobileSearchPageTest@6edaa77a]" started-at="2020-06-22T21:50:09 IST" name="setUp" finished-at="2020-06-22T21:50:22 IST" duration-ms="13313" status="PASS">
          <reporter-output>
          </reporter-output>
        </test-method> <!-- setUp -->
        <test-method signature="compareMobileTest(java.lang.String, java.lang.String, java.lang.String, java.lang.String, java.lang.String, java.lang.String)[pri:0, instance:com.flipkart.testcases.MobileSearchPageTest@6edaa77a]" started-at="2020-06-22T21:50:22 IST" name="compareMobileTest" data-provider="getProjectData" finished-at="2020-06-22T21:51:16 IST" duration-ms="54100" status="FAIL">
          <params>
            <param index="0">
              <value>
                <![CDATA[Phones]]>
              </value>
            </param>
            <param index="1">
              <value>
                <![CDATA[6 GB]]>
              </value>
            </param>
            <param index="2">
              <value>
                <![CDATA[Samsung]]>
              </value>
            </param>
            <param index="3">
              <value>
                <![CDATA[Samsung Galaxy A51 (Prism Crush White, 128 GB)]]>
              </value>
            </param>
            <param index="4">
              <value>
                <![CDATA[Realme]]>
              </value>
            </param>
            <param index="5">
              <value>
                <![CDATA[Realme Narzo 10 (That White, 128 GB)]]>
              </value>
            </param>
          </params>
          <exception class="org.openqa.selenium.TimeoutException">
            <message>
              <![CDATA[Expected condition failed: waiting for visibility of element located by By.xpath: //*[@id='container']/div/div/following::div[@title='Realme Narzo 10 (That White, 128 GB)'] (tried for 30 second(s) with 500 milliseconds interval)]]>
            </message>
            <full-stacktrace>
              <![CDATA[org.openqa.selenium.TimeoutException: Expected condition failed: waiting for visibility of element located by By.xpath: //*[@id='container']/div/div/following::div[@title='Realme Narzo 10 (That White, 128 GB)'] (tried for 30 second(s) with 500 milliseconds interval)
at org.openqa.selenium.support.ui.WebDriverWait.timeoutException(WebDriverWait.java:95)
at org.openqa.selenium.support.ui.FluentWait.until(FluentWait.java:272)
at com.flipkart.pages.MoblieSearchPage.compareMobile(MoblieSearchPage.java:199)
at com.flipkart.testcases.MobileSearchPageTest.compareMobileTest(MobileSearchPageTest.java:99)
at jdk.internal.reflect.GeneratedMethodAccessor44.invoke(Unknown Source)
at java.base/jdk.internal.reflect.DelegatingMethodAccessorImpl.invoke(DelegatingMethodAccessorImpl.java:43)
at java.base/java.lang.reflect.Method.invoke(Method.java:567)
at org.testng.internal.MethodInvocationHelper.invokeMethod(MethodInvocationHelper.java:133)
at org.testng.internal.TestInvoker.invokeMethod(TestInvoker.java:584)
at org.testng.internal.TestInvoker.invokeTestMethod(TestInvoker.java:172)
at org.testng.internal.MethodRunner.runInSequence(MethodRunner.java:46)
at org.testng.internal.TestInvoker$MethodInvocationAgent.invoke(TestInvoker.java:804)
at org.testng.internal.TestInvoker.invokeTestMethods(TestInvoker.java:145)
at org.testng.internal.TestMethodWorker.invokeTestMethods(TestMethodWorker.java:146)
at org.testng.internal.TestMethodWorker.run(TestMethodWorker.java:128)
at java.base/java.util.ArrayList.forEach(ArrayList.java:1507)
at org.testng.TestRunner.privateRun(TestRunner.java:770)
at org.testng.TestRunner.run(TestRunner.java:591)
at org.testng.SuiteRunner.runTest(SuiteRunner.java:402)
at org.testng.SuiteRunner.runSequentially(SuiteRunner.java:396)
at org.testng.SuiteRunner.privateRun(SuiteRunner.java:355)
at org.testng.SuiteRunner.run(SuiteRunner.java:304)
at org.testng.SuiteRunnerWorker.runSuite(SuiteRunnerWorker.java:53)
at org.testng.SuiteRunnerWorker.run(SuiteRunnerWorker.java:96)
at org.testng.TestNG.runSuitesSequentially(TestNG.java:1180)
at org.testng.TestNG.runSuitesLocally(TestNG.java:1102)
at org.testng.TestNG.runSuites(TestNG.java:1032)
at org.testng.TestNG.run(TestNG.java:1000)
at org.testng.remote.AbstractRemoteTestNG.run(AbstractRemoteTestNG.java:115)
at org.testng.remote.RemoteTestNG.initAndRun(RemoteTestNG.java:251)
at org.testng.remote.RemoteTestNG.main(RemoteTestNG.java:77)
Caused by: org.openqa.selenium.NoSuchElementException: no such element: Unable to locate element: {"method":"xpath","selector":"//*[@id='container']/div/div/following::div[@title='Realme Narzo 10 (That White, 128 GB)']"}
  (Session info: chrome=83.0.4103.106)
For documentation on this error, please visit: https://www.seleniumhq.org/exceptions/no_such_element.html
Build info: version: '3.141.59', revision: 'e82be7d358', time: '2018-11-14T08:17:03'
System info: host: 'DESKTOP-K158F13', ip: '192.168.56.1', os.name: 'Windows 10', os.arch: 'amd64', os.version: '10.0', java.version: '13.0.1'
Driver info: org.openqa.selenium.chrome.ChromeDriver
Capabilities {acceptInsecureCerts: false, browserName: chrome, browserVersion: 83.0.4103.106, chrome: {chromedriverVersion: 83.0.4103.39 (ccbf011cb2d2b..., userDataDir: C:\Users\DELL\AppData\Local...}, goog:chromeOptions: {debuggerAddress: localhost:62419}, javascriptEnabled: true, networkConnectionEnabled: false, pageLoadStrategy: normal, platform: WINDOWS, platformName: WINDOWS, proxy: Proxy(), setWindowRect: true, strictFileInteractability: false, timeouts: {implicit: 0, pageLoad: 300000, script: 30000}, unhandledPromptBehavior: dismiss and notify, webauthn:virtualAuthenticators: true}
Session ID: 06a7a8e2dd2ee83d972485bd6a951bfa
*** Element info: {Using=xpath, value=//*[@id='container']/div/div/following::div[@title='Realme Narzo 10 (That White, 128 GB)']}
at jdk.internal.reflect.GeneratedConstructorAccessor30.newInstance(Unknown Source)
at java.base/jdk.internal.reflect.DelegatingConstructorAccessorImpl.newInstance(DelegatingConstructorAccessorImpl.java:45)
at java.base/java.lang.reflect.Constructor.newInstanceWithCaller(Constructor.java:500)
at java.base/java.lang.reflect.Constructor.newInstance(Constructor.java:481)
at org.openqa.selenium.remote.http.W3CHttpResponseCodec.createException(W3CHttpResponseCodec.java:187)
at org.openqa.selenium.remote.http.W3CHttpResponseCodec.decode(W3CHttpResponseCodec.java:122)
at org.openqa.selenium.remote.http.W3CHttpResponseCodec.decode(W3CHttpResponseCodec.java:49)
at org.openqa.selenium.remote.HttpCommandExecutor.execute(HttpCommandExecutor.java:158)
at org.openqa.selenium.remote.service.DriverCommandExecutor.execute(DriverCommandExecutor.java:83)
at org.openqa.selenium.remote.RemoteWebDriver.execute(RemoteWebDriver.java:552)
at org.openqa.selenium.remote.RemoteWebDriver.findElement(RemoteWebDriver.java:323)
at org.openqa.selenium.remote.RemoteWebDriver.findElementByXPath(RemoteWebDriver.java:428)
at org.openqa.selenium.By$ByXPath.findElement(By.java:353)
at org.openqa.selenium.remote.RemoteWebDriver.findElement(RemoteWebDriver.java:315)
at org.openqa.selenium.support.ui.ExpectedConditions$7.apply(ExpectedConditions.java:205)
at org.openqa.selenium.support.ui.ExpectedConditions$7.apply(ExpectedConditions.java:201)
at org.openqa.selenium.support.ui.FluentWait.until(FluentWait.java:249)
... 29 more
]]>
            </full-stacktrace>
          </exception> <!-- org.openqa.selenium.TimeoutException -->
          <reporter-output>
          </reporter-output>
        </test-method> <!-- compareMobileTest -->
        <test-method is-config="true" signature="tearDown()[pri:0, instance:com.flipkart.testcases.MobileSearchPageTest@6edaa77a]" started-at="2020-06-22T21:51:16 IST" name="tearDown" finished-at="2020-06-22T21:51:18 IST" duration-ms="1116" status="PASS">
          <reporter-output>
          </reporter-output>
        </test-method> <!-- tearDown -->
        <test-method is-config="true" signature="setUp()[pri:0, instance:com.flipkart.testcases.MobileSearchPageTest@6edaa77a]" started-at="2020-06-22T21:51:18 IST" name="setUp" finished-at="2020-06-22T21:51:30 IST" duration-ms="12819" status="PASS">
          <reporter-output>
          </reporter-output>
        </test-method> <!-- setUp -->
        <test-method signature="compareMobileTest(java.lang.String, java.lang.String, java.lang.String, java.lang.String, java.lang.String, java.lang.String)[pri:0, instance:com.flipkart.testcases.MobileSearchPageTest@6edaa77a]" started-at="2020-06-22T21:51:30 IST" name="compareMobileTest" data-provider="getProjectData" finished-at="2020-06-22T21:51:44 IST" duration-ms="13531" status="PASS">
          <params>
            <param index="0">
              <value>
                <![CDATA[Phones]]>
              </value>
            </param>
            <param index="1">
              <value>
                <![CDATA[6 GB]]>
              </value>
            </param>
            <param index="2">
              <value>
                <![CDATA[Samsung]]>
              </value>
            </param>
            <param index="3">
              <value>
                <![CDATA[Samsung Galaxy A50 (Black, 64 GB)]]>
              </value>
            </param>
            <param index="4">
              <value>
                <![CDATA[Realme]]>
              </value>
            </param>
            <param index="5">
              <value>
                <![CDATA[Realme 6 (Comet White, 64 GB)]]>
              </value>
            </param>
          </params>
          <reporter-output>
          </reporter-output>
        </test-method> <!-- compareMobileTest -->
        <test-method is-config="true" signature="tearDown()[pri:0, instance:com.flipkart.testcases.MobileSearchPageTest@6edaa77a]" started-at="2020-06-22T21:51:44 IST" name="tearDown" finished-at="2020-06-22T21:51:45 IST" duration-ms="1085" status="PASS">
          <reporter-output>
          </reporter-output>
        </test-method> <!-- tearDown -->
        <test-method is-config="true" signature="setUp()[pri:0, instance:com.flipkart.testcases.MobileSearchPageTest@6edaa77a]" started-at="2020-06-22T21:51:45 IST" name="setUp" finished-at="2020-06-22T21:51:57 IST" duration-ms="11636" status="PASS">
          <reporter-output>
          </reporter-output>
        </test-method> <!-- setUp -->
        <test-method signature="compareMobileTest(java.lang.String, java.lang.String, java.lang.String, java.lang.String, java.lang.String, java.lang.String)[pri:0, instance:com.flipkart.testcases.MobileSearchPageTest@6edaa77a]" started-at="2020-06-22T21:51:57 IST" name="compareMobileTest" data-provider="getProjectData" finished-at="2020-06-22T21:52:11 IST" duration-ms="14096" status="PASS">
          <params>
            <param index="0">
              <value>
                <![CDATA[Phones]]>
              </value>
            </param>
            <param index="1">
              <value>
                <![CDATA[6 GB]]>
              </value>
            </param>
            <param index="2">
              <value>
                <![CDATA[Samsung]]>
              </value>
            </param>
            <param index="3">
              <value>
                <![CDATA[Samsung Galaxy A31 (Prism Crush White, 128 GB)]]>
              </value>
            </param>
            <param index="4">
              <value>
                <![CDATA[Realme]]>
              </value>
            </param>
            <param index="5">
              <value>
                <![CDATA[Realme 5i (Aqua Blue, 64 GB)]]>
              </value>
            </param>
          </params>
          <reporter-output>
          </reporter-output>
        </test-method> <!-- compareMobileTest -->
        <test-method is-config="true" signature="tearDown()[pri:0, instance:com.flipkart.testcases.MobileSearchPageTest@6edaa77a]" started-at="2020-06-22T21:52:11 IST" name="tearDown" finished-at="2020-06-22T21:52:12 IST" duration-ms="1115" status="PASS">
          <reporter-output>
          </reporter-output>
        </test-method> <!-- tearDown -->
        <test-method is-config="true" signature="setUp()[pri:0, instance:com.flipkart.testcases.MobileSearchPageTest@6edaa77a]" started-at="2020-06-22T21:52:12 IST" name="setUp" finished-at="2020-06-22T21:52:25 IST" duration-ms="13015" status="PASS">
          <reporter-output>
          </reporter-output>
        </test-method> <!-- setUp -->
        <test-method signature="compareMobileTest(java.lang.String, java.lang.String, java.lang.String, java.lang.String, java.lang.String, java.lang.String)[pri:0, instance:com.flipkart.testcases.MobileSearchPageTest@6edaa77a]" started-at="2020-06-22T21:52:25 IST" name="compareMobileTest" data-provider="getProjectData" finished-at="2020-06-22T21:52:39 IST" duration-ms="13750" status="PASS">
          <params>
            <param index="0">
              <value>
                <![CDATA[Phones]]>
              </value>
            </param>
            <param index="1">
              <value>
                <![CDATA[6 GB]]>
              </value>
            </param>
            <param index="2">
              <value>
                <![CDATA[Samsung]]>
              </value>
            </param>
            <param index="3">
              <value>
                <![CDATA[Samsung Galaxy A50 (Blue, 64 GB)]]>
              </value>
            </param>
            <param index="4">
              <value>
                <![CDATA[Realme]]>
              </value>
            </param>
            <param index="5">
              <value>
                <![CDATA[Realme 6 (Comet White, 64 GB)]]>
              </value>
            </param>
          </params>
          <reporter-output>
          </reporter-output>
        </test-method> <!-- compareMobileTest -->
        <test-method is-config="true" signature="tearDown()[pri:0, instance:com.flipkart.testcases.MobileSearchPageTest@6edaa77a]" started-at="2020-06-22T21:52:39 IST" name="tearDown" finished-at="2020-06-22T21:52:40 IST" duration-ms="1106" status="PASS">
          <reporter-output>
          </reporter-output>
        </test-method> <!-- tearDown -->
        <test-method is-config="true" signature="setUp()[pri:0, instance:com.flipkart.testcases.MobileSearchPageTest@6edaa77a]" started-at="2020-06-22T21:52:40 IST" name="setUp" finished-at="2020-06-22T21:52:52 IST" duration-ms="12418" status="PASS">
          <reporter-output>
          </reporter-output>
        </test-method> <!-- setUp -->
        <test-method signature="compareMobileTest(java.lang.String, java.lang.String, java.lang.String, java.lang.String, java.lang.String, java.lang.String)[pri:0, instance:com.flipkart.testcases.MobileSearchPageTest@6edaa77a]" started-at="2020-06-22T21:52:52 IST" name="compareMobileTest" data-provider="getProjectData" finished-at="2020-06-22T21:53:05 IST" duration-ms="13231" status="PASS">
          <params>
            <param index="0">
              <value>
                <![CDATA[Phones]]>
              </value>
            </param>
            <param index="1">
              <value>
                <![CDATA[6 GB]]>
              </value>
            </param>
            <param index="2">
              <value>
                <![CDATA[Mi]]>
              </value>
            </param>
            <param index="3">
              <value>
                <![CDATA[Mi A2 (Red, 128 GB)]]>
              </value>
            </param>
            <param index="4">
              <value>
                <![CDATA[Redmi]]>
              </value>
            </param>
            <param index="5">
              <value>
                <![CDATA[Redmi Note 8 Pro (Shadow Black, 64 GB)]]>
              </value>
            </param>
          </params>
          <reporter-output>
          </reporter-output>
        </test-method> <!-- compareMobileTest -->
        <test-method is-config="true" signature="tearDown()[pri:0, instance:com.flipkart.testcases.MobileSearchPageTest@6edaa77a]" started-at="2020-06-22T21:53:05 IST" name="tearDown" finished-at="2020-06-22T21:53:06 IST" duration-ms="1051" status="PASS">
          <reporter-output>
          </reporter-output>
        </test-method> <!-- tearDown -->
        <test-method is-config="true" signature="setUp()[pri:0, instance:com.flipkart.testcases.MobileSearchPageTest@6edaa77a]" started-at="2020-06-22T21:53:06 IST" name="setUp" finished-at="2020-06-22T21:53:19 IST" duration-ms="12669" status="PASS">
          <reporter-output>
          </reporter-output>
        </test-method> <!-- setUp -->
        <test-method signature="compareMobileTest(java.lang.String, java.lang.String, java.lang.String, java.lang.String, java.lang.String, java.lang.String)[pri:0, instance:com.flipkart.testcases.MobileSearchPageTest@6edaa77a]" started-at="2020-06-22T21:53:19 IST" name="compareMobileTest" data-provider="getProjectData" finished-at="2020-06-22T21:53:33 IST" duration-ms="13653" status="PASS">
          <params>
            <param index="0">
              <value>
                <![CDATA[Phones]]>
              </value>
            </param>
            <param index="1">
              <value>
                <![CDATA[6 GB]]>
              </value>
            </param>
            <param index="2">
              <value>
                <![CDATA[Mi]]>
              </value>
            </param>
            <param index="3">
              <value>
                <![CDATA[Mi A3 (More Than White, 128 GB)]]>
              </value>
            </param>
            <param index="4">
              <value>
                <![CDATA[Redmi]]>
              </value>
            </param>
            <param index="5">
              <value>
                <![CDATA[Redmi Note 8 Pro (Halo White, 128 GB)]]>
              </value>
            </param>
          </params>
          <reporter-output>
          </reporter-output>
        </test-method> <!-- compareMobileTest -->
        <test-method is-config="true" signature="tearDown()[pri:0, instance:com.flipkart.testcases.MobileSearchPageTest@6edaa77a]" started-at="2020-06-22T21:53:33 IST" name="tearDown" finished-at="2020-06-22T21:53:34 IST" duration-ms="1367" status="PASS">
          <reporter-output>
          </reporter-output>
        </test-method> <!-- tearDown -->
        <test-method is-config="true" signature="setUp()[pri:0, instance:com.flipkart.testcases.MobileSearchPageTest@6edaa77a]" started-at="2020-06-22T21:53:34 IST" name="setUp" finished-at="2020-06-22T21:53:48 IST" duration-ms="13297" status="PASS">
          <reporter-output>
          </reporter-output>
        </test-method> <!-- setUp -->
        <test-method signature="compareMobileTest(java.lang.String, java.lang.String, java.lang.String, java.lang.String, java.lang.String, java.lang.String)[pri:0, instance:com.flipkart.testcases.MobileSearchPageTest@6edaa77a]" started-at="2020-06-22T21:53:48 IST" name="compareMobileTest" data-provider="getProjectData" finished-at="2020-06-22T21:54:02 IST" duration-ms="14136" status="PASS">
          <params>
            <param index="0">
              <value>
                <![CDATA[Phones]]>
              </value>
            </param>
            <param index="1">
              <value>
                <![CDATA[6 GB]]>
              </value>
            </param>
            <param index="2">
              <value>
                <![CDATA[Mi]]>
              </value>
            </param>
            <param index="3">
              <value>
                <![CDATA[Redmi K20 Pro (Glacier Blue, 128 GB)]]>
              </value>
            </param>
            <param index="4">
              <value>
                <![CDATA[Redmi]]>
              </value>
            </param>
            <param index="5">
              <value>
                <![CDATA[Redmi Note 8 Pro (Halo White, 64 GB)]]>
              </value>
            </param>
          </params>
          <reporter-output>
          </reporter-output>
        </test-method> <!-- compareMobileTest -->
        <test-method is-config="true" signature="tearDown()[pri:0, instance:com.flipkart.testcases.MobileSearchPageTest@6edaa77a]" started-at="2020-06-22T21:54:02 IST" name="tearDown" finished-at="2020-06-22T21:54:03 IST" duration-ms="1262" status="PASS">
          <reporter-output>
          </reporter-output>
        </test-method> <!-- tearDown -->
        <test-method is-config="true" signature="setUp()[pri:0, instance:com.flipkart.testcases.MobileSearchPageTest@6edaa77a]" started-at="2020-06-22T21:54:03 IST" name="setUp" finished-at="2020-06-22T21:54:15 IST" duration-ms="12478" status="PASS">
          <reporter-output>
          </reporter-output>
        </test-method> <!-- setUp -->
        <test-method signature="compareMobileTest(java.lang.String, java.lang.String, java.lang.String, java.lang.String, java.lang.String, java.lang.String)[pri:0, instance:com.flipkart.testcases.MobileSearchPageTest@6edaa77a]" started-at="2020-06-22T21:54:16 IST" name="compareMobileTest" data-provider="getProjectData" finished-at="2020-06-22T21:54:30 IST" duration-ms="14583" status="PASS">
          <params>
            <param index="0">
              <value>
                <![CDATA[Phones]]>
              </value>
            </param>
            <param index="1">
              <value>
                <![CDATA[6 GB]]>
              </value>
            </param>
            <param index="2">
              <value>
                <![CDATA[Mi]]>
              </value>
            </param>
            <param index="3">
              <value>
                <![CDATA[Redmi Note 6 Pro (Black, 64 GB)]]>
              </value>
            </param>
            <param index="4">
              <value>
                <![CDATA[Redmi]]>
              </value>
            </param>
            <param index="5">
              <value>
                <![CDATA[Redmi Note 8 Pro (Shadow Black, 128 GB)]]>
              </value>
            </param>
          </params>
          <reporter-output>
          </reporter-output>
        </test-method> <!-- compareMobileTest -->
        <test-method is-config="true" signature="tearDown()[pri:0, instance:com.flipkart.testcases.MobileSearchPageTest@6edaa77a]" started-at="2020-06-22T21:54:30 IST" name="tearDown" finished-at="2020-06-22T21:54:31 IST" duration-ms="1317" status="PASS">
          <reporter-output>
          </reporter-output>
        </test-method> <!-- tearDown -->
        <test-method is-config="true" signature="setUp()[pri:0, instance:com.flipkart.testcases.MobileSearchPageTest@6edaa77a]" started-at="2020-06-22T21:54:31 IST" name="setUp" finished-at="2020-06-22T21:54:45 IST" duration-ms="14043" status="PASS">
          <reporter-output>
          </reporter-output>
        </test-method> <!-- setUp -->
        <test-method signature="compareMobileTest(java.lang.String, java.lang.String, java.lang.String, java.lang.String, java.lang.String, java.lang.String)[pri:0, instance:com.flipkart.testcases.MobileSearchPageTest@6edaa77a]" started-at="2020-06-22T21:54:45 IST" name="compareMobileTest" data-provider="getProjectData" finished-at="2020-06-22T21:55:00 IST" duration-ms="14424" status="PASS">
          <params>
            <param index="0">
              <value>
                <![CDATA[Phones]]>
              </value>
            </param>
            <param index="1">
              <value>
                <![CDATA[6 GB]]>
              </value>
            </param>
            <param index="2">
              <value>
                <![CDATA[Mi]]>
              </value>
            </param>
            <param index="3">
              <value>
                <![CDATA[Redmi Note 7 Pro (Space Black, 128 GB)]]>
              </value>
            </param>
            <param index="4">
              <value>
                <![CDATA[Redmi]]>
              </value>
            </param>
            <param index="5">
              <value>
                <![CDATA[Redmi Note 8 Pro (Shadow Black, 128 GB)]]>
              </value>
            </param>
          </params>
          <reporter-output>
          </reporter-output>
        </test-method> <!-- compareMobileTest -->
        <test-method is-config="true" signature="tearDown()[pri:0, instance:com.flipkart.testcases.MobileSearchPageTest@6edaa77a]" started-at="2020-06-22T21:55:00 IST" name="tearDown" finished-at="2020-06-22T21:55:01 IST" duration-ms="1115" status="PASS">
          <reporter-output>
          </reporter-output>
        </test-method> <!-- tearDown -->
        <test-method is-config="true" signature="setUp()[pri:0, instance:com.flipkart.testcases.MobileSearchPageTest@6edaa77a]" started-at="2020-06-22T21:55:01 IST" name="setUp" finished-at="2020-06-22T21:55:13 IST" duration-ms="12036" status="PASS">
          <reporter-output>
          </reporter-output>
        </test-method> <!-- setUp -->
        <test-method signature="compareMobileTest(java.lang.String, java.lang.String, java.lang.String, java.lang.String, java.lang.String, java.lang.String)[pri:0, instance:com.flipkart.testcases.MobileSearchPageTest@6edaa77a]" started-at="2020-06-22T21:55:13 IST" name="compareMobileTest" data-provider="getProjectData" finished-at="2020-06-22T21:55:26 IST" duration-ms="13309" status="PASS">
          <params>
            <param index="0">
              <value>
                <![CDATA[Phones]]>
              </value>
            </param>
            <param index="1">
              <value>
                <![CDATA[6 GB]]>
              </value>
            </param>
            <param index="2">
              <value>
                <![CDATA[Mi]]>
              </value>
            </param>
            <param index="3">
              <value>
                <![CDATA[Redmi K20 Pro (Flame Red, 128 GB)]]>
              </value>
            </param>
            <param index="4">
              <value>
                <![CDATA[Redmi]]>
              </value>
            </param>
            <param index="5">
              <value>
                <![CDATA[Redmi Note 8 Pro (Gamma Green, 128 GB)]]>
              </value>
            </param>
          </params>
          <reporter-output>
          </reporter-output>
        </test-method> <!-- compareMobileTest -->
        <test-method is-config="true" signature="tearDown()[pri:0, instance:com.flipkart.testcases.MobileSearchPageTest@6edaa77a]" started-at="2020-06-22T21:55:26 IST" name="tearDown" finished-at="2020-06-22T21:55:28 IST" duration-ms="1144" status="PASS">
          <reporter-output>
          </reporter-output>
        </test-method> <!-- tearDown -->
        <test-method is-config="true" signature="setUp()[pri:0, instance:com.flipkart.testcases.MobileSearchPageTest@6edaa77a]" started-at="2020-06-22T21:55:28 IST" name="setUp" finished-at="2020-06-22T21:55:41 IST" duration-ms="13765" status="PASS">
          <reporter-output>
          </reporter-output>
        </test-method> <!-- setUp -->
        <test-method signature="compareMobileTest(java.lang.String, java.lang.String, java.lang.String, java.lang.String, java.lang.String, java.lang.String)[pri:0, instance:com.flipkart.testcases.MobileSearchPageTest@6edaa77a]" started-at="2020-06-22T21:55:41 IST" name="compareMobileTest" data-provider="getProjectData" finished-at="2020-06-22T21:55:54 IST" duration-ms="12917" status="PASS">
          <params>
            <param index="0">
              <value>
                <![CDATA[Phones]]>
              </value>
            </param>
            <param index="1">
              <value>
                <![CDATA[6 GB]]>
              </value>
            </param>
            <param index="2">
              <value>
                <![CDATA[Mi]]>
              </value>
            </param>
            <param index="3">
              <value>
                <![CDATA[Redmi K20 Pro (Carbon Black, 128 GB)]]>
              </value>
            </param>
            <param index="4">
              <value>
                <![CDATA[Redmi]]>
              </value>
            </param>
            <param index="5">
              <value>
                <![CDATA[Redmi Note 8 Pro (Gamma Green, 64 GB)]]>
              </value>
            </param>
          </params>
          <reporter-output>
          </reporter-output>
        </test-method> <!-- compareMobileTest -->
        <test-method is-config="true" signature="tearDown()[pri:0, instance:com.flipkart.testcases.MobileSearchPageTest@6edaa77a]" started-at="2020-06-22T21:55:54 IST" name="tearDown" finished-at="2020-06-22T21:55:55 IST" duration-ms="1085" status="PASS">
          <reporter-output>
          </reporter-output>
        </test-method> <!-- tearDown -->
        <test-method is-config="true" signature="setUp()[pri:0, instance:com.flipkart.testcases.MobileSearchPageTest@6edaa77a]" started-at="2020-06-22T21:55:55 IST" name="setUp" finished-at="2020-06-22T21:56:09 IST" duration-ms="13723" status="PASS">
          <reporter-output>
          </reporter-output>
        </test-method> <!-- setUp -->
        <test-method signature="compareMobileTest(java.lang.String, java.lang.String, java.lang.String, java.lang.String, java.lang.String, java.lang.String)[pri:0, instance:com.flipkart.testcases.MobileSearchPageTest@6edaa77a]" started-at="2020-06-22T21:56:09 IST" name="compareMobileTest" data-provider="getProjectData" finished-at="2020-06-22T21:56:24 IST" duration-ms="14699" status="PASS">
          <params>
            <param index="0">
              <value>
                <![CDATA[Phones]]>
              </value>
            </param>
            <param index="1">
              <value>
                <![CDATA[6 GB]]>
              </value>
            </param>
            <param index="2">
              <value>
                <![CDATA[Mi]]>
              </value>
            </param>
            <param index="3">
              <value>
                <![CDATA[Redmi Note 6 Pro (Red, 64 GB)]]>
              </value>
            </param>
            <param index="4">
              <value>
                <![CDATA[Redmi]]>
              </value>
            </param>
            <param index="5">
              <value>
                <![CDATA[Redmi Note 8 Pro (Gamma Green, 128 GB)]]>
              </value>
            </param>
          </params>
          <reporter-output>
          </reporter-output>
        </test-method> <!-- compareMobileTest -->
        <test-method is-config="true" signature="tearDown()[pri:0, instance:com.flipkart.testcases.MobileSearchPageTest@6edaa77a]" started-at="2020-06-22T21:56:24 IST" name="tearDown" finished-at="2020-06-22T21:56:25 IST" duration-ms="1079" status="PASS">
          <reporter-output>
          </reporter-output>
        </test-method> <!-- tearDown -->
        <test-method is-config="true" signature="setUp()[pri:0, instance:com.flipkart.testcases.MobileSearchPageTest@6edaa77a]" started-at="2020-06-22T21:56:25 IST" name="setUp" finished-at="2020-06-22T21:56:38 IST" duration-ms="12935" status="PASS">
          <reporter-output>
          </reporter-output>
        </test-method> <!-- setUp -->
        <test-method signature="compareMobileTest(java.lang.String, java.lang.String, java.lang.String, java.lang.String, java.lang.String, java.lang.String)[pri:0, instance:com.flipkart.testcases.MobileSearchPageTest@6edaa77a]" started-at="2020-06-22T21:56:38 IST" name="compareMobileTest" data-provider="getProjectData" finished-at="2020-06-22T21:56:52 IST" duration-ms="14048" status="PASS">
          <params>
            <param index="0">
              <value>
                <![CDATA[Phones]]>
              </value>
            </param>
            <param index="1">
              <value>
                <![CDATA[6 GB]]>
              </value>
            </param>
            <param index="2">
              <value>
                <![CDATA[Mi]]>
              </value>
            </param>
            <param index="3">
              <value>
                <![CDATA[Redmi Note 8 (Moonlight White, 128 GB)]]>
              </value>
            </param>
            <param index="4">
              <value>
                <![CDATA[Redmi]]>
              </value>
            </param>
            <param index="5">
              <value>
                <![CDATA[Redmi Y3 (Elegant Blue, 64 GB)]]>
              </value>
            </param>
          </params>
          <reporter-output>
          </reporter-output>
        </test-method> <!-- compareMobileTest -->
        <test-method is-config="true" signature="tearDown()[pri:0, instance:com.flipkart.testcases.MobileSearchPageTest@6edaa77a]" started-at="2020-06-22T21:56:52 IST" name="tearDown" finished-at="2020-06-22T21:56:53 IST" duration-ms="1097" status="PASS">
          <reporter-output>
          </reporter-output>
        </test-method> <!-- tearDown -->
        <test-method is-config="true" signature="setUp()[pri:0, instance:com.flipkart.testcases.MobileSearchPageTest@6edaa77a]" started-at="2020-06-22T21:56:53 IST" name="setUp" finished-at="2020-06-22T21:57:06 IST" duration-ms="12583" status="PASS">
          <reporter-output>
          </reporter-output>
        </test-method> <!-- setUp -->
        <test-method signature="compareMobileTest(java.lang.String, java.lang.String, java.lang.String, java.lang.String, java.lang.String, java.lang.String)[pri:0, instance:com.flipkart.testcases.MobileSearchPageTest@6edaa77a]" started-at="2020-06-22T21:57:06 IST" name="compareMobileTest" data-provider="getProjectData" finished-at="2020-06-22T21:57:19 IST" duration-ms="13298" status="PASS">
          <params>
            <param index="0">
              <value>
                <![CDATA[Phones]]>
              </value>
            </param>
            <param index="1">
              <value>
                <![CDATA[6 GB]]>
              </value>
            </param>
            <param index="2">
              <value>
                <![CDATA[Mi]]>
              </value>
            </param>
            <param index="3">
              <value>
                <![CDATA[Redmi Note 8 (Cosmic Purple, 128 GB)]]>
              </value>
            </param>
            <param index="4">
              <value>
                <![CDATA[OPPO]]>
              </value>
            </param>
            <param index="5">
              <value>
                <![CDATA[OPPO A52 (Twilight Black, 128 GB)]]>
              </value>
            </param>
          </params>
          <reporter-output>
          </reporter-output>
        </test-method> <!-- compareMobileTest -->
        <test-method is-config="true" signature="tearDown()[pri:0, instance:com.flipkart.testcases.MobileSearchPageTest@6edaa77a]" started-at="2020-06-22T21:57:19 IST" name="tearDown" finished-at="2020-06-22T21:57:20 IST" duration-ms="1168" status="PASS">
          <reporter-output>
          </reporter-output>
        </test-method> <!-- tearDown -->
        <test-method is-config="true" signature="setUp()[pri:0, instance:com.flipkart.testcases.MobileSearchPageTest@6edaa77a]" started-at="2020-06-22T21:57:20 IST" name="setUp" finished-at="2020-06-22T21:57:33 IST" duration-ms="13166" status="PASS">
          <reporter-output>
          </reporter-output>
        </test-method> <!-- setUp -->
        <test-method signature="compareMobileTest(java.lang.String, java.lang.String, java.lang.String, java.lang.String, java.lang.String, java.lang.String)[pri:0, instance:com.flipkart.testcases.MobileSearchPageTest@6edaa77a]" started-at="2020-06-22T21:57:33 IST" name="compareMobileTest" data-provider="getProjectData" finished-at="2020-06-22T21:57:47 IST" duration-ms="13670" status="PASS">
          <params>
            <param index="0">
              <value>
                <![CDATA[Phones]]>
              </value>
            </param>
            <param index="1">
              <value>
                <![CDATA[6 GB]]>
              </value>
            </param>
            <param index="2">
              <value>
                <![CDATA[Mi]]>
              </value>
            </param>
            <param index="3">
              <value>
                <![CDATA[Redmi K20 Pro (Flame Red, 256 GB)]]>
              </value>
            </param>
            <param index="4">
              <value>
                <![CDATA[OPPO]]>
              </value>
            </param>
            <param index="5">
              <value>
                <![CDATA[OPPO A31 (Fantasy White, 64 GB)]]>
              </value>
            </param>
          </params>
          <reporter-output>
          </reporter-output>
        </test-method> <!-- compareMobileTest -->
        <test-method is-config="true" signature="tearDown()[pri:0, instance:com.flipkart.testcases.MobileSearchPageTest@6edaa77a]" started-at="2020-06-22T21:57:47 IST" name="tearDown" finished-at="2020-06-22T21:57:48 IST" duration-ms="1068" status="PASS">
          <reporter-output>
          </reporter-output>
        </test-method> <!-- tearDown -->
        <test-method is-config="true" signature="setUp()[pri:0, instance:com.flipkart.testcases.MobileSearchPageTest@6edaa77a]" started-at="2020-06-22T21:57:48 IST" name="setUp" finished-at="2020-06-22T21:58:01 IST" duration-ms="13339" status="PASS">
          <reporter-output>
          </reporter-output>
        </test-method> <!-- setUp -->
        <test-method signature="compareMobileTest(java.lang.String, java.lang.String, java.lang.String, java.lang.String, java.lang.String, java.lang.String)[pri:0, instance:com.flipkart.testcases.MobileSearchPageTest@6edaa77a]" started-at="2020-06-22T21:58:01 IST" name="compareMobileTest" data-provider="getProjectData" finished-at="2020-06-22T21:58:15 IST" duration-ms="13873" status="PASS">
          <params>
            <param index="0">
              <value>
                <![CDATA[Phones]]>
              </value>
            </param>
            <param index="1">
              <value>
                <![CDATA[6 GB]]>
              </value>
            </param>
            <param index="2">
              <value>
                <![CDATA[Mi]]>
              </value>
            </param>
            <param index="3">
              <value>
                <![CDATA[Mi A3 (Kind of Grey, 128 GB)]]>
              </value>
            </param>
            <param index="4">
              <value>
                <![CDATA[OPPO]]>
              </value>
            </param>
            <param index="5">
              <value>
                <![CDATA[OPPO A31 (Fantasy White, 128 GB)]]>
              </value>
            </param>
          </params>
          <reporter-output>
          </reporter-output>
        </test-method> <!-- compareMobileTest -->
        <test-method is-config="true" signature="tearDown()[pri:0, instance:com.flipkart.testcases.MobileSearchPageTest@6edaa77a]" started-at="2020-06-22T21:58:15 IST" name="tearDown" finished-at="2020-06-22T21:58:17 IST" duration-ms="1397" status="PASS">
          <reporter-output>
          </reporter-output>
        </test-method> <!-- tearDown -->
        <test-method is-config="true" signature="setUp()[pri:0, instance:com.flipkart.testcases.MobileSearchPageTest@6edaa77a]" started-at="2020-06-22T21:58:17 IST" name="setUp" finished-at="2020-06-22T21:58:29 IST" duration-ms="12130" status="PASS">
          <reporter-output>
          </reporter-output>
        </test-method> <!-- setUp -->
        <test-method signature="compareMobileTest(java.lang.String, java.lang.String, java.lang.String, java.lang.String, java.lang.String, java.lang.String)[pri:0, instance:com.flipkart.testcases.MobileSearchPageTest@6edaa77a]" started-at="2020-06-22T21:58:29 IST" name="compareMobileTest" data-provider="getProjectData" finished-at="2020-06-22T21:58:43 IST" duration-ms="14506" status="PASS">
          <params>
            <param index="0">
              <value>
                <![CDATA[Phones]]>
              </value>
            </param>
            <param index="1">
              <value>
                <![CDATA[6 GB]]>
              </value>
            </param>
            <param index="2">
              <value>
                <![CDATA[Mi]]>
              </value>
            </param>
            <param index="3">
              <value>
                <![CDATA[Redmi Note 7 Pro (Neptune Blue, 128 GB)]]>
              </value>
            </param>
            <param index="4">
              <value>
                <![CDATA[OPPO]]>
              </value>
            </param>
            <param index="5">
              <value>
                <![CDATA[OPPO A31 (Mystery Black, 128 GB)]]>
              </value>
            </param>
          </params>
          <reporter-output>
          </reporter-output>
        </test-method> <!-- compareMobileTest -->
        <test-method is-config="true" signature="tearDown()[pri:0, instance:com.flipkart.testcases.MobileSearchPageTest@6edaa77a]" started-at="2020-06-22T21:58:43 IST" name="tearDown" finished-at="2020-06-22T21:58:44 IST" duration-ms="1109" status="PASS">
          <reporter-output>
          </reporter-output>
        </test-method> <!-- tearDown -->
        <test-method is-config="true" signature="setUp()[pri:0, instance:com.flipkart.testcases.MobileSearchPageTest@6edaa77a]" started-at="2020-06-22T21:58:44 IST" name="setUp" finished-at="2020-06-22T21:58:57 IST" duration-ms="13114" status="PASS">
          <reporter-output>
          </reporter-output>
        </test-method> <!-- setUp -->
        <test-method signature="compareMobileTest(java.lang.String, java.lang.String, java.lang.String, java.lang.String, java.lang.String, java.lang.String)[pri:0, instance:com.flipkart.testcases.MobileSearchPageTest@6edaa77a]" started-at="2020-06-22T21:58:57 IST" name="compareMobileTest" data-provider="getProjectData" finished-at="2020-06-22T21:59:11 IST" duration-ms="13682" status="PASS">
          <params>
            <param index="0">
              <value>
                <![CDATA[Phones]]>
              </value>
            </param>
            <param index="1">
              <value>
                <![CDATA[6 GB]]>
              </value>
            </param>
            <param index="2">
              <value>
                <![CDATA[Mi]]>
              </value>
            </param>
            <param index="3">
              <value>
                <![CDATA[Redmi Note 7 Pro (Nebula Red, 128 GB)]]>
              </value>
            </param>
            <param index="4">
              <value>
                <![CDATA[OPPO]]>
              </value>
            </param>
            <param index="5">
              <value>
                <![CDATA[OPPO A12 (Black, 32 GB)]]>
              </value>
            </param>
          </params>
          <reporter-output>
          </reporter-output>
        </test-method> <!-- compareMobileTest -->
        <test-method is-config="true" signature="tearDown()[pri:0, instance:com.flipkart.testcases.MobileSearchPageTest@6edaa77a]" started-at="2020-06-22T21:59:11 IST" name="tearDown" finished-at="2020-06-22T21:59:12 IST" duration-ms="1075" status="PASS">
          <reporter-output>
          </reporter-output>
        </test-method> <!-- tearDown -->
        <test-method is-config="true" signature="setUp()[pri:0, instance:com.flipkart.testcases.MobileSearchPageTest@6edaa77a]" started-at="2020-06-22T21:59:12 IST" name="setUp" finished-at="2020-06-22T21:59:25 IST" duration-ms="12300" status="PASS">
          <reporter-output>
          </reporter-output>
        </test-method> <!-- setUp -->
        <test-method signature="compareMobileTest(java.lang.String, java.lang.String, java.lang.String, java.lang.String, java.lang.String, java.lang.String)[pri:0, instance:com.flipkart.testcases.MobileSearchPageTest@6edaa77a]" started-at="2020-06-22T21:59:25 IST" name="compareMobileTest" data-provider="getProjectData" finished-at="2020-06-22T21:59:38 IST" duration-ms="13914" status="PASS">
          <params>
            <param index="0">
              <value>
                <![CDATA[Phones]]>
              </value>
            </param>
            <param index="1">
              <value>
                <![CDATA[6 GB]]>
              </value>
            </param>
            <param index="2">
              <value>
                <![CDATA[Mi]]>
              </value>
            </param>
            <param index="3">
              <value>
                <![CDATA[Redmi K20 Pro (Pearl White, 128 GB)]]>
              </value>
            </param>
            <param index="4">
              <value>
                <![CDATA[OPPO]]>
              </value>
            </param>
            <param index="5">
              <value>
                <![CDATA[OPPO F11 Pro (Thunder Black, 64 GB)]]>
              </value>
            </param>
          </params>
          <reporter-output>
          </reporter-output>
        </test-method> <!-- compareMobileTest -->
        <test-method is-config="true" signature="tearDown()[pri:0, instance:com.flipkart.testcases.MobileSearchPageTest@6edaa77a]" started-at="2020-06-22T21:59:38 IST" name="tearDown" finished-at="2020-06-22T21:59:40 IST" duration-ms="1103" status="PASS">
          <reporter-output>
          </reporter-output>
        </test-method> <!-- tearDown -->
        <test-method is-config="true" signature="setUp()[pri:0, instance:com.flipkart.testcases.MobileSearchPageTest@6edaa77a]" started-at="2020-06-22T21:59:40 IST" name="setUp" finished-at="2020-06-22T21:59:52 IST" duration-ms="12717" status="PASS">
          <reporter-output>
          </reporter-output>
        </test-method> <!-- setUp -->
        <test-method signature="compareMobileTest(java.lang.String, java.lang.String, java.lang.String, java.lang.String, java.lang.String, java.lang.String)[pri:0, instance:com.flipkart.testcases.MobileSearchPageTest@6edaa77a]" started-at="2020-06-22T21:59:52 IST" name="compareMobileTest" data-provider="getProjectData" finished-at="2020-06-22T22:00:47 IST" duration-ms="54173" status="FAIL">
          <params>
            <param index="0">
              <value>
                <![CDATA[Phones]]>
              </value>
            </param>
            <param index="1">
              <value>
                <![CDATA[6 GB]]>
              </value>
            </param>
            <param index="2">
              <value>
                <![CDATA[Mi]]>
              </value>
            </param>
            <param index="3">
              <value>
                <![CDATA[Redmi K20 (Glacier Blue, 128 GB)]]>
              </value>
            </param>
            <param index="4">
              <value>
                <![CDATA[OPPO]]>
              </value>
            </param>
            <param index="5">
              <value>
                <![CDATA[OPPO F11 Pro (Aurora Green, 64 GB)]]>
              </value>
            </param>
          </params>
          <exception class="org.openqa.selenium.TimeoutException">
            <message>
              <![CDATA[Expected condition failed: waiting for visibility of element located by By.xpath: //*[@id='container']/div/div/following::div[@title='OPPO F11 Pro (Aurora Green, 64 GB)'] (tried for 30 second(s) with 500 milliseconds interval)]]>
            </message>
            <full-stacktrace>
              <![CDATA[org.openqa.selenium.TimeoutException: Expected condition failed: waiting for visibility of element located by By.xpath: //*[@id='container']/div/div/following::div[@title='OPPO F11 Pro (Aurora Green, 64 GB)'] (tried for 30 second(s) with 500 milliseconds interval)
at org.openqa.selenium.support.ui.WebDriverWait.timeoutException(WebDriverWait.java:95)
at org.openqa.selenium.support.ui.FluentWait.until(FluentWait.java:272)
at com.flipkart.pages.MoblieSearchPage.compareMobile(MoblieSearchPage.java:199)
at com.flipkart.testcases.MobileSearchPageTest.compareMobileTest(MobileSearchPageTest.java:99)
at jdk.internal.reflect.GeneratedMethodAccessor44.invoke(Unknown Source)
at java.base/jdk.internal.reflect.DelegatingMethodAccessorImpl.invoke(DelegatingMethodAccessorImpl.java:43)
at java.base/java.lang.reflect.Method.invoke(Method.java:567)
at org.testng.internal.MethodInvocationHelper.invokeMethod(MethodInvocationHelper.java:133)
at org.testng.internal.TestInvoker.invokeMethod(TestInvoker.java:584)
at org.testng.internal.TestInvoker.invokeTestMethod(TestInvoker.java:172)
at org.testng.internal.MethodRunner.runInSequence(MethodRunner.java:46)
at org.testng.internal.TestInvoker$MethodInvocationAgent.invoke(TestInvoker.java:804)
at org.testng.internal.TestInvoker.invokeTestMethods(TestInvoker.java:145)
at org.testng.internal.TestMethodWorker.invokeTestMethods(TestMethodWorker.java:146)
at org.testng.internal.TestMethodWorker.run(TestMethodWorker.java:128)
at java.base/java.util.ArrayList.forEach(ArrayList.java:1507)
at org.testng.TestRunner.privateRun(TestRunner.java:770)
at org.testng.TestRunner.run(TestRunner.java:591)
at org.testng.SuiteRunner.runTest(SuiteRunner.java:402)
at org.testng.SuiteRunner.runSequentially(SuiteRunner.java:396)
at org.testng.SuiteRunner.privateRun(SuiteRunner.java:355)
at org.testng.SuiteRunner.run(SuiteRunner.java:304)
at org.testng.SuiteRunnerWorker.runSuite(SuiteRunnerWorker.java:53)
at org.testng.SuiteRunnerWorker.run(SuiteRunnerWorker.java:96)
at org.testng.TestNG.runSuitesSequentially(TestNG.java:1180)
at org.testng.TestNG.runSuitesLocally(TestNG.java:1102)
at org.testng.TestNG.runSuites(TestNG.java:1032)
at org.testng.TestNG.run(TestNG.java:1000)
at org.testng.remote.AbstractRemoteTestNG.run(AbstractRemoteTestNG.java:115)
at org.testng.remote.RemoteTestNG.initAndRun(RemoteTestNG.java:251)
at org.testng.remote.RemoteTestNG.main(RemoteTestNG.java:77)
Caused by: org.openqa.selenium.NoSuchElementException: no such element: Unable to locate element: {"method":"xpath","selector":"//*[@id='container']/div/div/following::div[@title='OPPO F11 Pro (Aurora Green, 64 GB)']"}
  (Session info: chrome=83.0.4103.106)
For documentation on this error, please visit: https://www.seleniumhq.org/exceptions/no_such_element.html
Build info: version: '3.141.59', revision: 'e82be7d358', time: '2018-11-14T08:17:03'
System info: host: 'DESKTOP-K158F13', ip: '192.168.56.1', os.name: 'Windows 10', os.arch: 'amd64', os.version: '10.0', java.version: '13.0.1'
Driver info: org.openqa.selenium.chrome.ChromeDriver
Capabilities {acceptInsecureCerts: false, browserName: chrome, browserVersion: 83.0.4103.106, chrome: {chromedriverVersion: 83.0.4103.39 (ccbf011cb2d2b..., userDataDir: C:\Users\DELL\AppData\Local...}, goog:chromeOptions: {debuggerAddress: localhost:64044}, javascriptEnabled: true, networkConnectionEnabled: false, pageLoadStrategy: normal, platform: WINDOWS, platformName: WINDOWS, proxy: Proxy(), setWindowRect: true, strictFileInteractability: false, timeouts: {implicit: 0, pageLoad: 300000, script: 30000}, unhandledPromptBehavior: dismiss and notify, webauthn:virtualAuthenticators: true}
Session ID: e673139e48a9c67dcaafa39f95e931dd
*** Element info: {Using=xpath, value=//*[@id='container']/div/div/following::div[@title='OPPO F11 Pro (Aurora Green, 64 GB)']}
at jdk.internal.reflect.GeneratedConstructorAccessor30.newInstance(Unknown Source)
at java.base/jdk.internal.reflect.DelegatingConstructorAccessorImpl.newInstance(DelegatingConstructorAccessorImpl.java:45)
at java.base/java.lang.reflect.Constructor.newInstanceWithCaller(Constructor.java:500)
at java.base/java.lang.reflect.Constructor.newInstance(Constructor.java:481)
at org.openqa.selenium.remote.http.W3CHttpResponseCodec.createException(W3CHttpResponseCodec.java:187)
at org.openqa.selenium.remote.http.W3CHttpResponseCodec.decode(W3CHttpResponseCodec.java:122)
at org.openqa.selenium.remote.http.W3CHttpResponseCodec.decode(W3CHttpResponseCodec.java:49)
at org.openqa.selenium.remote.HttpCommandExecutor.execute(HttpCommandExecutor.java:158)
at org.openqa.selenium.remote.service.DriverCommandExecutor.execute(DriverCommandExecutor.java:83)
at org.openqa.selenium.remote.RemoteWebDriver.execute(RemoteWebDriver.java:552)
at org.openqa.selenium.remote.RemoteWebDriver.findElement(RemoteWebDriver.java:323)
at org.openqa.selenium.remote.RemoteWebDriver.findElementByXPath(RemoteWebDriver.java:428)
at org.openqa.selenium.By$ByXPath.findElement(By.java:353)
at org.openqa.selenium.remote.RemoteWebDriver.findElement(RemoteWebDriver.java:315)
at org.openqa.selenium.support.ui.ExpectedConditions$7.apply(ExpectedConditions.java:205)
at org.openqa.selenium.support.ui.ExpectedConditions$7.apply(ExpectedConditions.java:201)
at org.openqa.selenium.support.ui.FluentWait.until(FluentWait.java:249)
... 29 more
]]>
            </full-stacktrace>
          </exception> <!-- org.openqa.selenium.TimeoutException -->
          <reporter-output>
          </reporter-output>
        </test-method> <!-- compareMobileTest -->
        <test-method is-config="true" signature="tearDown()[pri:0, instance:com.flipkart.testcases.MobileSearchPageTest@6edaa77a]" started-at="2020-06-22T22:00:47 IST" name="tearDown" finished-at="2020-06-22T22:00:48 IST" duration-ms="1145" status="PASS">
          <reporter-output>
          </reporter-output>
        </test-method> <!-- tearDown -->
        <test-method is-config="true" signature="setUp()[pri:0, instance:com.flipkart.testcases.MobileSearchPageTest@6edaa77a]" started-at="2020-06-22T22:00:48 IST" name="setUp" finished-at="2020-06-22T22:01:01 IST" duration-ms="13786" status="PASS">
          <reporter-output>
          </reporter-output>
        </test-method> <!-- setUp -->
        <test-method signature="compareMobileTest(java.lang.String, java.lang.String, java.lang.String, java.lang.String, java.lang.String, java.lang.String)[pri:0, instance:com.flipkart.testcases.MobileSearchPageTest@6edaa77a]" started-at="2020-06-22T22:01:01 IST" name="compareMobileTest" data-provider="getProjectData" finished-at="2020-06-22T22:01:15 IST" duration-ms="13829" status="PASS">
          <params>
            <param index="0">
              <value>
                <![CDATA[Phones]]>
              </value>
            </param>
            <param index="1">
              <value>
                <![CDATA[6 GB]]>
              </value>
            </param>
            <param index="2">
              <value>
                <![CDATA[Mi]]>
              </value>
            </param>
            <param index="3">
              <value>
                <![CDATA[Redmi K20 Pro (Pearl White, 256 GB)]]>
              </value>
            </param>
            <param index="4">
              <value>
                <![CDATA[OPPO]]>
              </value>
            </param>
            <param index="5">
              <value>
                <![CDATA[OPPO A5 2020 (Mirror Black, 64 GB)]]>
              </value>
            </param>
          </params>
          <reporter-output>
          </reporter-output>
        </test-method> <!-- compareMobileTest -->
        <test-method is-config="true" signature="tearDown()[pri:0, instance:com.flipkart.testcases.MobileSearchPageTest@6edaa77a]" started-at="2020-06-22T22:01:15 IST" name="tearDown" finished-at="2020-06-22T22:01:16 IST" duration-ms="1057" status="PASS">
          <reporter-output>
          </reporter-output>
        </test-method> <!-- tearDown -->
        <test-method is-config="true" signature="setUp()[pri:0, instance:com.flipkart.testcases.MobileSearchPageTest@6edaa77a]" started-at="2020-06-22T22:01:16 IST" name="setUp" finished-at="2020-06-22T22:01:29 IST" duration-ms="12228" status="PASS">
          <reporter-output>
          </reporter-output>
        </test-method> <!-- setUp -->
        <test-method signature="compareMobileTest(java.lang.String, java.lang.String, java.lang.String, java.lang.String, java.lang.String, java.lang.String)[pri:0, instance:com.flipkart.testcases.MobileSearchPageTest@6edaa77a]" started-at="2020-06-22T22:01:29 IST" name="compareMobileTest" data-provider="getProjectData" finished-at="2020-06-22T22:01:43 IST" duration-ms="14088" status="PASS">
          <params>
            <param index="0">
              <value>
                <![CDATA[Phones]]>
              </value>
            </param>
            <param index="1">
              <value>
                <![CDATA[6 GB]]>
              </value>
            </param>
            <param index="2">
              <value>
                <![CDATA[Mi]]>
              </value>
            </param>
            <param index="3">
              <value>
                <![CDATA[Redmi K20 (Carbon Black, 64 GB)]]>
              </value>
            </param>
            <param index="4">
              <value>
                <![CDATA[OPPO]]>
              </value>
            </param>
            <param index="5">
              <value>
                <![CDATA[OPPO A5 2020 (Dazzling White, 64 GB)]]>
              </value>
            </param>
          </params>
          <reporter-output>
          </reporter-output>
        </test-method> <!-- compareMobileTest -->
        <test-method is-config="true" signature="tearDown()[pri:0, instance:com.flipkart.testcases.MobileSearchPageTest@6edaa77a]" started-at="2020-06-22T22:01:43 IST" name="tearDown" finished-at="2020-06-22T22:01:44 IST" duration-ms="1092" status="PASS">
          <reporter-output>
          </reporter-output>
        </test-method> <!-- tearDown -->
        <test-method is-config="true" signature="setUp()[pri:0, instance:com.flipkart.testcases.MobileSearchPageTest@6edaa77a]" started-at="2020-06-22T22:01:44 IST" name="setUp" finished-at="2020-06-22T22:01:56 IST" duration-ms="12555" status="PASS">
          <reporter-output>
          </reporter-output>
        </test-method> <!-- setUp -->
        <test-method signature="compareMobileTest(java.lang.String, java.lang.String, java.lang.String, java.lang.String, java.lang.String, java.lang.String)[pri:0, instance:com.flipkart.testcases.MobileSearchPageTest@6edaa77a]" started-at="2020-06-22T22:01:56 IST" name="compareMobileTest" data-provider="getProjectData" finished-at="2020-06-22T22:02:10 IST" duration-ms="13763" status="PASS">
          <params>
            <param index="0">
              <value>
                <![CDATA[Phones]]>
              </value>
            </param>
            <param index="1">
              <value>
                <![CDATA[6 GB]]>
              </value>
            </param>
            <param index="2">
              <value>
                <![CDATA[Mi]]>
              </value>
            </param>
            <param index="3">
              <value>
                <![CDATA[Redmi K20 Pro (Carbon Black, 256 GB)]]>
              </value>
            </param>
            <param index="4">
              <value>
                <![CDATA[OPPO]]>
              </value>
            </param>
            <param index="5">
              <value>
                <![CDATA[OPPO A1K (Black, 32 GB)]]>
              </value>
            </param>
          </params>
          <reporter-output>
          </reporter-output>
        </test-method> <!-- compareMobileTest -->
        <test-method is-config="true" signature="tearDown()[pri:0, instance:com.flipkart.testcases.MobileSearchPageTest@6edaa77a]" started-at="2020-06-22T22:02:10 IST" name="tearDown" finished-at="2020-06-22T22:02:11 IST" duration-ms="1147" status="PASS">
          <reporter-output>
          </reporter-output>
        </test-method> <!-- tearDown -->
        <test-method is-config="true" signature="setUp()[pri:0, instance:com.flipkart.testcases.MobileSearchPageTest@6edaa77a]" started-at="2020-06-22T22:02:11 IST" name="setUp" finished-at="2020-06-22T22:02:25 IST" duration-ms="13737" status="PASS">
          <reporter-output>
          </reporter-output>
        </test-method> <!-- setUp -->
        <test-method signature="compareMobileTest(java.lang.String, java.lang.String, java.lang.String, java.lang.String, java.lang.String, java.lang.String)[pri:0, instance:com.flipkart.testcases.MobileSearchPageTest@6edaa77a]" started-at="2020-06-22T22:02:25 IST" name="compareMobileTest" data-provider="getProjectData" finished-at="2020-06-22T22:02:39 IST" duration-ms="14042" status="PASS">
          <params>
            <param index="0">
              <value>
                <![CDATA[Phones]]>
              </value>
            </param>
            <param index="1">
              <value>
                <![CDATA[6 GB]]>
              </value>
            </param>
            <param index="2">
              <value>
                <![CDATA[Mi]]>
              </value>
            </param>
            <param index="3">
              <value>
                <![CDATA[Redmi K20 (Flame Red, 128 GB)]]>
              </value>
            </param>
            <param index="4">
              <value>
                <![CDATA[OPPO]]>
              </value>
            </param>
            <param index="5">
              <value>
                <![CDATA[OPPO F15 (Unicorn White, 128 GB)]]>
              </value>
            </param>
          </params>
          <reporter-output>
          </reporter-output>
        </test-method> <!-- compareMobileTest -->
        <test-method is-config="true" signature="tearDown()[pri:0, instance:com.flipkart.testcases.MobileSearchPageTest@6edaa77a]" started-at="2020-06-22T22:02:39 IST" name="tearDown" finished-at="2020-06-22T22:02:40 IST" duration-ms="1118" status="PASS">
          <reporter-output>
          </reporter-output>
        </test-method> <!-- tearDown -->
        <test-method is-config="true" signature="setUp()[pri:0, instance:com.flipkart.testcases.MobileSearchPageTest@6edaa77a]" started-at="2020-06-22T22:02:40 IST" name="setUp" finished-at="2020-06-22T22:02:54 IST" duration-ms="13260" status="PASS">
          <reporter-output>
          </reporter-output>
        </test-method> <!-- setUp -->
        <test-method signature="compareMobileTest(java.lang.String, java.lang.String, java.lang.String, java.lang.String, java.lang.String, java.lang.String)[pri:0, instance:com.flipkart.testcases.MobileSearchPageTest@6edaa77a]" started-at="2020-06-22T22:02:54 IST" name="compareMobileTest" data-provider="getProjectData" finished-at="2020-06-22T22:03:18 IST" duration-ms="24144" status="FAIL">
          <params>
            <param index="0">
              <value>
                <![CDATA[Phones]]>
              </value>
            </param>
            <param index="1">
              <value>
                <![CDATA[6 GB]]>
              </value>
            </param>
            <param index="2">
              <value>
                <![CDATA[Mi]]>
              </value>
            </param>
            <param index="3">
              <value>
                <![CDATA[Redmi K20 (Carbon Black, 128 GB)]]>
              </value>
            </param>
            <param index="4">
              <value>
                <![CDATA[OPPO]]>
              </value>
            </param>
            <param index="5">
              <value>
                <![CDATA[OPPO K1 (Piano Black, 64 GB)]]>
              </value>
            </param>
          </params>
          <exception class="org.openqa.selenium.NoSuchElementException">
            <message>
              <![CDATA[no such element: Unable to locate element: {"method":"xpath","selector":"//*[contains(text(),'Redmi K20 (Carbon Black, 128 GB)')]"}
  (Session info: chrome=83.0.4103.106)
For documentation on this error, please visit: https://www.seleniumhq.org/exceptions/no_such_element.html
Build info: version: '3.141.59', revision: 'e82be7d358', time: '2018-11-14T08:17:03'
System info: host: 'DESKTOP-K158F13', ip: '192.168.56.1', os.name: 'Windows 10', os.arch: 'amd64', os.version: '10.0', java.version: '13.0.1'
Driver info: org.openqa.selenium.chrome.ChromeDriver
Capabilities {acceptInsecureCerts: false, browserName: chrome, browserVersion: 83.0.4103.106, chrome: {chromedriverVersion: 83.0.4103.39 (ccbf011cb2d2b..., userDataDir: C:\Users\DELL\AppData\Local...}, goog:chromeOptions: {debuggerAddress: localhost:64532}, javascriptEnabled: true, networkConnectionEnabled: false, pageLoadStrategy: normal, platform: WINDOWS, platformName: WINDOWS, proxy: Proxy(), setWindowRect: true, strictFileInteractability: false, timeouts: {implicit: 0, pageLoad: 300000, script: 30000}, unhandledPromptBehavior: dismiss and notify, webauthn:virtualAuthenticators: true}
Session ID: 53f83ab615e53c119e149cdbcf3b2c2a
*** Element info: {Using=xpath, value=//*[contains(text(),'Redmi K20 (Carbon Black, 128 GB)')]}]]>
            </message>
            <full-stacktrace>
              <![CDATA[org.openqa.selenium.NoSuchElementException: no such element: Unable to locate element: {"method":"xpath","selector":"//*[contains(text(),'Redmi K20 (Carbon Black, 128 GB)')]"}
  (Session info: chrome=83.0.4103.106)
For documentation on this error, please visit: https://www.seleniumhq.org/exceptions/no_such_element.html
Build info: version: '3.141.59', revision: 'e82be7d358', time: '2018-11-14T08:17:03'
System info: host: 'DESKTOP-K158F13', ip: '192.168.56.1', os.name: 'Windows 10', os.arch: 'amd64', os.version: '10.0', java.version: '13.0.1'
Driver info: org.openqa.selenium.chrome.ChromeDriver
Capabilities {acceptInsecureCerts: false, browserName: chrome, browserVersion: 83.0.4103.106, chrome: {chromedriverVersion: 83.0.4103.39 (ccbf011cb2d2b..., userDataDir: C:\Users\DELL\AppData\Local...}, goog:chromeOptions: {debuggerAddress: localhost:64532}, javascriptEnabled: true, networkConnectionEnabled: false, pageLoadStrategy: normal, platform: WINDOWS, platformName: WINDOWS, proxy: Proxy(), setWindowRect: true, strictFileInteractability: false, timeouts: {implicit: 0, pageLoad: 300000, script: 30000}, unhandledPromptBehavior: dismiss and notify, webauthn:virtualAuthenticators: true}
Session ID: 53f83ab615e53c119e149cdbcf3b2c2a
*** Element info: {Using=xpath, value=//*[contains(text(),'Redmi K20 (Carbon Black, 128 GB)')]}
at jdk.internal.reflect.GeneratedConstructorAccessor30.newInstance(Unknown Source)
at java.base/jdk.internal.reflect.DelegatingConstructorAccessorImpl.newInstance(DelegatingConstructorAccessorImpl.java:45)
at java.base/java.lang.reflect.Constructor.newInstanceWithCaller(Constructor.java:500)
at java.base/java.lang.reflect.Constructor.newInstance(Constructor.java:481)
at org.openqa.selenium.remote.http.W3CHttpResponseCodec.createException(W3CHttpResponseCodec.java:187)
at org.openqa.selenium.remote.http.W3CHttpResponseCodec.decode(W3CHttpResponseCodec.java:122)
at org.openqa.selenium.remote.http.W3CHttpResponseCodec.decode(W3CHttpResponseCodec.java:49)
at org.openqa.selenium.remote.HttpCommandExecutor.execute(HttpCommandExecutor.java:158)
at org.openqa.selenium.remote.service.DriverCommandExecutor.execute(DriverCommandExecutor.java:83)
at org.openqa.selenium.remote.RemoteWebDriver.execute(RemoteWebDriver.java:552)
at org.openqa.selenium.remote.RemoteWebDriver.findElement(RemoteWebDriver.java:323)
at org.openqa.selenium.remote.RemoteWebDriver.findElementByXPath(RemoteWebDriver.java:428)
at org.openqa.selenium.By$ByXPath.findElement(By.java:353)
at org.openqa.selenium.remote.RemoteWebDriver.findElement(RemoteWebDriver.java:315)
at com.flipkart.pages.MoblieSearchPage.selectMobile(MoblieSearchPage.java:166)
at com.flipkart.testcases.MobileSearchPageTest.compareMobileTest(MobileSearchPageTest.java:95)
at jdk.internal.reflect.GeneratedMethodAccessor44.invoke(Unknown Source)
at java.base/jdk.internal.reflect.DelegatingMethodAccessorImpl.invoke(DelegatingMethodAccessorImpl.java:43)
at java.base/java.lang.reflect.Method.invoke(Method.java:567)
at org.testng.internal.MethodInvocationHelper.invokeMethod(MethodInvocationHelper.java:133)
at org.testng.internal.TestInvoker.invokeMethod(TestInvoker.java:584)
at org.testng.internal.TestInvoker.invokeTestMethod(TestInvoker.java:172)
at org.testng.internal.MethodRunner.runInSequence(MethodRunner.java:46)
at org.testng.internal.TestInvoker$MethodInvocationAgent.invoke(TestInvoker.java:804)
at org.testng.internal.TestInvoker.invokeTestMethods(TestInvoker.java:145)
at org.testng.internal.TestMethodWorker.invokeTestMethods(TestMethodWorker.java:146)
at org.testng.internal.TestMethodWorker.run(TestMethodWorker.java:128)
at java.base/java.util.ArrayList.forEach(ArrayList.java:1507)
at org.testng.TestRunner.privateRun(TestRunner.java:770)
at org.testng.TestRunner.run(TestRunner.java:591)
at org.testng.SuiteRunner.runTest(SuiteRunner.java:402)
at org.testng.SuiteRunner.runSequentially(SuiteRunner.java:396)
at org.testng.SuiteRunner.privateRun(SuiteRunner.java:355)
at org.testng.SuiteRunner.run(SuiteRunner.java:304)
at org.testng.SuiteRunnerWorker.runSuite(SuiteRunnerWorker.java:53)
at org.testng.SuiteRunnerWorker.run(SuiteRunnerWorker.java:96)
at org.testng.TestNG.runSuitesSequentially(TestNG.java:1180)
at org.testng.TestNG.runSuitesLocally(TestNG.java:1102)
at org.testng.TestNG.runSuites(TestNG.java:1032)
at org.testng.TestNG.run(TestNG.java:1000)
at org.testng.remote.AbstractRemoteTestNG.run(AbstractRemoteTestNG.java:115)
at org.testng.remote.RemoteTestNG.initAndRun(RemoteTestNG.java:251)
at org.testng.remote.RemoteTestNG.main(RemoteTestNG.java:77)
]]>
            </full-stacktrace>
          </exception> <!-- org.openqa.selenium.NoSuchElementException -->
          <reporter-output>
          </reporter-output>
        </test-method> <!-- compareMobileTest -->
        <test-method is-config="true" signature="tearDown()[pri:0, instance:com.flipkart.testcases.MobileSearchPageTest@6edaa77a]" started-at="2020-06-22T22:03:18 IST" name="tearDown" finished-at="2020-06-22T22:03:19 IST" duration-ms="954" status="PASS">
          <reporter-output>
          </reporter-output>
        </test-method> <!-- tearDown -->
        <test-method is-config="true" signature="setUp()[pri:0, instance:com.flipkart.testcases.MobileSearchPageTest@6edaa77a]" started-at="2020-06-22T22:03:19 IST" name="setUp" finished-at="2020-06-22T22:03:32 IST" duration-ms="13013" status="PASS">
          <reporter-output>
          </reporter-output>
        </test-method> <!-- setUp -->
        <test-method signature="compareMobileTest(java.lang.String, java.lang.String, java.lang.String, java.lang.String, java.lang.String, java.lang.String)[pri:0, instance:com.flipkart.testcases.MobileSearchPageTest@6edaa77a]" started-at="2020-06-22T22:03:32 IST" name="compareMobileTest" data-provider="getProjectData" finished-at="2020-06-22T22:04:27 IST" duration-ms="55444" status="FAIL">
          <params>
            <param index="0">
              <value>
                <![CDATA[Phones]]>
              </value>
            </param>
            <param index="1">
              <value>
                <![CDATA[6 GB]]>
              </value>
            </param>
            <param index="2">
              <value>
                <![CDATA[Mi]]>
              </value>
            </param>
            <param index="3">
              <value>
                <![CDATA[Redmi Note 5 Pro (Gold, 64 GB)]]>
              </value>
            </param>
            <param index="4">
              <value>
                <![CDATA[OPPO]]>
              </value>
            </param>
            <param index="5">
              <value>
                <![CDATA[OPPO A9 2020 (Marine Green, 128 GB)]]>
              </value>
            </param>
          </params>
          <exception class="org.openqa.selenium.TimeoutException">
            <message>
              <![CDATA[Expected condition failed: waiting for visibility of element located by By.xpath: //*[@id='container']/div/div/following::div[@title='OPPO A9 2020 (Marine Green, 128 GB)'] (tried for 30 second(s) with 500 milliseconds interval)]]>
            </message>
            <full-stacktrace>
              <![CDATA[org.openqa.selenium.TimeoutException: Expected condition failed: waiting for visibility of element located by By.xpath: //*[@id='container']/div/div/following::div[@title='OPPO A9 2020 (Marine Green, 128 GB)'] (tried for 30 second(s) with 500 milliseconds interval)
at org.openqa.selenium.support.ui.WebDriverWait.timeoutException(WebDriverWait.java:95)
at org.openqa.selenium.support.ui.FluentWait.until(FluentWait.java:272)
at com.flipkart.pages.MoblieSearchPage.compareMobile(MoblieSearchPage.java:199)
at com.flipkart.testcases.MobileSearchPageTest.compareMobileTest(MobileSearchPageTest.java:99)
at jdk.internal.reflect.GeneratedMethodAccessor44.invoke(Unknown Source)
at java.base/jdk.internal.reflect.DelegatingMethodAccessorImpl.invoke(DelegatingMethodAccessorImpl.java:43)
at java.base/java.lang.reflect.Method.invoke(Method.java:567)
at org.testng.internal.MethodInvocationHelper.invokeMethod(MethodInvocationHelper.java:133)
at org.testng.internal.TestInvoker.invokeMethod(TestInvoker.java:584)
at org.testng.internal.TestInvoker.invokeTestMethod(TestInvoker.java:172)
at org.testng.internal.MethodRunner.runInSequence(MethodRunner.java:46)
at org.testng.internal.TestInvoker$MethodInvocationAgent.invoke(TestInvoker.java:804)
at org.testng.internal.TestInvoker.invokeTestMethods(TestInvoker.java:145)
at org.testng.internal.TestMethodWorker.invokeTestMethods(TestMethodWorker.java:146)
at org.testng.internal.TestMethodWorker.run(TestMethodWorker.java:128)
at java.base/java.util.ArrayList.forEach(ArrayList.java:1507)
at org.testng.TestRunner.privateRun(TestRunner.java:770)
at org.testng.TestRunner.run(TestRunner.java:591)
at org.testng.SuiteRunner.runTest(SuiteRunner.java:402)
at org.testng.SuiteRunner.runSequentially(SuiteRunner.java:396)
at org.testng.SuiteRunner.privateRun(SuiteRunner.java:355)
at org.testng.SuiteRunner.run(SuiteRunner.java:304)
at org.testng.SuiteRunnerWorker.runSuite(SuiteRunnerWorker.java:53)
at org.testng.SuiteRunnerWorker.run(SuiteRunnerWorker.java:96)
at org.testng.TestNG.runSuitesSequentially(TestNG.java:1180)
at org.testng.TestNG.runSuitesLocally(TestNG.java:1102)
at org.testng.TestNG.runSuites(TestNG.java:1032)
at org.testng.TestNG.run(TestNG.java:1000)
at org.testng.remote.AbstractRemoteTestNG.run(AbstractRemoteTestNG.java:115)
at org.testng.remote.RemoteTestNG.initAndRun(RemoteTestNG.java:251)
at org.testng.remote.RemoteTestNG.main(RemoteTestNG.java:77)
Caused by: org.openqa.selenium.NoSuchElementException: no such element: Unable to locate element: {"method":"xpath","selector":"//*[@id='container']/div/div/following::div[@title='OPPO A9 2020 (Marine Green, 128 GB)']"}
  (Session info: chrome=83.0.4103.106)
For documentation on this error, please visit: https://www.seleniumhq.org/exceptions/no_such_element.html
Build info: version: '3.141.59', revision: 'e82be7d358', time: '2018-11-14T08:17:03'
System info: host: 'DESKTOP-K158F13', ip: '192.168.56.1', os.name: 'Windows 10', os.arch: 'amd64', os.version: '10.0', java.version: '13.0.1'
Driver info: org.openqa.selenium.chrome.ChromeDriver
Capabilities {acceptInsecureCerts: false, browserName: chrome, browserVersion: 83.0.4103.106, chrome: {chromedriverVersion: 83.0.4103.39 (ccbf011cb2d2b..., userDataDir: C:\Users\DELL\AppData\Local...}, goog:chromeOptions: {debuggerAddress: localhost:64616}, javascriptEnabled: true, networkConnectionEnabled: false, pageLoadStrategy: normal, platform: WINDOWS, platformName: WINDOWS, proxy: Proxy(), setWindowRect: true, strictFileInteractability: false, timeouts: {implicit: 0, pageLoad: 300000, script: 30000}, unhandledPromptBehavior: dismiss and notify, webauthn:virtualAuthenticators: true}
Session ID: 5ad1b7634ff6df5f63aab209da441bf1
*** Element info: {Using=xpath, value=//*[@id='container']/div/div/following::div[@title='OPPO A9 2020 (Marine Green, 128 GB)']}
at jdk.internal.reflect.GeneratedConstructorAccessor30.newInstance(Unknown Source)
at java.base/jdk.internal.reflect.DelegatingConstructorAccessorImpl.newInstance(DelegatingConstructorAccessorImpl.java:45)
at java.base/java.lang.reflect.Constructor.newInstanceWithCaller(Constructor.java:500)
at java.base/java.lang.reflect.Constructor.newInstance(Constructor.java:481)
at org.openqa.selenium.remote.http.W3CHttpResponseCodec.createException(W3CHttpResponseCodec.java:187)
at org.openqa.selenium.remote.http.W3CHttpResponseCodec.decode(W3CHttpResponseCodec.java:122)
at org.openqa.selenium.remote.http.W3CHttpResponseCodec.decode(W3CHttpResponseCodec.java:49)
at org.openqa.selenium.remote.HttpCommandExecutor.execute(HttpCommandExecutor.java:158)
at org.openqa.selenium.remote.service.DriverCommandExecutor.execute(DriverCommandExecutor.java:83)
at org.openqa.selenium.remote.RemoteWebDriver.execute(RemoteWebDriver.java:552)
at org.openqa.selenium.remote.RemoteWebDriver.findElement(RemoteWebDriver.java:323)
at org.openqa.selenium.remote.RemoteWebDriver.findElementByXPath(RemoteWebDriver.java:428)
at org.openqa.selenium.By$ByXPath.findElement(By.java:353)
at org.openqa.selenium.remote.RemoteWebDriver.findElement(RemoteWebDriver.java:315)
at org.openqa.selenium.support.ui.ExpectedConditions$7.apply(ExpectedConditions.java:205)
at org.openqa.selenium.support.ui.ExpectedConditions$7.apply(ExpectedConditions.java:201)
at org.openqa.selenium.support.ui.FluentWait.until(FluentWait.java:249)
... 29 more
]]>
            </full-stacktrace>
          </exception> <!-- org.openqa.selenium.TimeoutException -->
          <reporter-output>
          </reporter-output>
        </test-method> <!-- compareMobileTest -->
        <test-method is-config="true" signature="tearDown()[pri:0, instance:com.flipkart.testcases.MobileSearchPageTest@6edaa77a]" started-at="2020-06-22T22:04:27 IST" name="tearDown" finished-at="2020-06-22T22:04:28 IST" duration-ms="1322" status="PASS">
          <reporter-output>
          </reporter-output>
        </test-method> <!-- tearDown -->
      </class> <!-- com.flipkart.testcases.MobileSearchPageTest -->
    </test> <!-- Test -->
  </suite> <!-- Suite -->
</testng-results>
